#
# A fatal error has been detected by the Java Runtime Environment:
#
#  SIGSEGV (0xb) at pc=0x00007fddcd948e7f, pid=3614, tid=0x00007fddb7266700
#
# JRE version: OpenJDK Runtime Environment (8.0_76-b03) (build 1.8.0_76-release-b03)
# Java VM: OpenJDK 64-Bit Server VM (25.76-b03 mixed mode linux-amd64 compressed oops)
# Problematic frame:
# V  [libjvm.so+0x89ae7f]  PhaseChaitin::merge_multidefs()+0x17f
#
# Failed to write core dump. Core dumps have been disabled. To enable core dumping, try "ulimit -c unlimited" before starting Java again
#
# If you would like to submit a bug report, please visit:
#   http://bugreport.java.com/bugreport/crash.jsp
#

---------------  T H R E A D  ---------------

Current thread (0x00007fddc80ae800):  JavaThread "C2 CompilerThread0" daemon [_thread_in_native, id=3622, stack(0x00007fddb7166000,0x00007fddb7267000)]

siginfo: si_signo: 11 (SIGSEGV), si_code: 1 (SEGV_MAPERR), si_addr: 0x00007fdd244449f8

Registers:
RAX=0x00007fdd244449f0, RBX=0x000000000000001a, RCX=0x0000000000000174, RDX=0x0000000000000001
RSP=0x00007fddb72627e0, RBP=0x00007fddb72628d0, RSI=0x00007fdd98488010, RDI=0x00007fdda4212b40
R8 =0x00007fddb7262980, R9 =0x00007fdda509b190, R10=0x0000000000000005, R11=0x00007fdd98bd9670
R12=0x00007fddcdf679c0, R13=0x0000000000000004, R14=0x0000000000000000, R15=0x00007fdd98d8fb00
RIP=0x00007fddcd948e7f, EFLAGS=0x0000000000010202, CSGSFS=0x0000000000000033, ERR=0x0000000000000004
  TRAPNO=0x000000000000000e

Top of Stack: (sp=0x00007fddb72627e0)
0x00007fddb72627e0:   00000000000ec5c0 00007fdda509fce8
0x00007fddb72627f0:   00007fdda50992b0 00007fdda5097d00
0x00007fddb7262800:   00007fddc80af090 00007fdd00000174
0x00007fddb7262810:   00007fdd981f65e0 00007fddb7262cd0
0x00007fddb7262820:   00007fddb7262878 00007fddb726287c
0x00007fddb7262830:   00007fdd98d8fb10 00007fddb7262bc0
0x00007fddb7262840:   00007fdda509b190 0000000000000c60
0x00007fddb7262850:   0000000000000000 0000000000000020
0x00007fddb7262860:   00007fddb7262bc0 0000000500000001
0x00007fddb7262870:   0000000000000000 0000000000000000
0x00007fddb7262880:   000000de000000de 0000000000000000
0x00007fddb7262890:   0000000000000007 00007fdda50992b0
0x00007fddb72628a0:   00007fdda4fd0dd0 00007fddb7262950
0x00007fddb72628b0:   00007fddcdf679c0 00007fddc8b31b10
0x00007fddb72628c0:   00007fddb72629c0 00007fddb7262bc0
0x00007fddb72628d0:   00007fddb7262b10 00007fddcd48d6b2
0x00007fddb72628e0:   00007fddb72629f0 00007fddcd7c2ccc
0x00007fddb72628f0:   00007fddb7262920 00007fddb7262980
0x00007fddb7262900:   00000000000003d8 00007fddc8b31ef8
0x00007fddb7262910:   00007fddc8b31b20 00007fddb7262a20
0x00007fddb7262920:   00007fdd00000002 00007fddc8b495a0
0x00007fddb7262930:   00007fddc8b495a0 00007fddc8b495b0
0x00007fddb7262940:   00007fddc8b49988 00000000000003d8
0x00007fddb7262950:   00007fdd00000002 00007fddc8b31b10
0x00007fddb7262960:   00007fdda4ec6270 00007fdda4eca9a0
0x00007fddb7262970:   00007fdda4ece258 00000000000b9f98
0x00007fddb7262980:   00007fdd0000000c 00007fddb7264fd0
0x00007fddb7262990:   00007fdda4fafef0 00007fddcda39b01
0x00007fddb72629a0:   00007fdda4212a70 00007fdd0000063c
0x00007fddb72629b0:   00007fddb7262950 00007fddc8b31b20
0x00007fddb72629c0:   00007fdd0000000a 00007fddb7264fd0
0x00007fddb72629d0:   00007fdda4408d90 00007fdda44f8590 

Instructions: (pc=0x00007fddcd948e7f)
0x00007fddcd948e5f:   89 85 60 ff ff ff 8b 45 98 0f 86 e9 00 00 00 66
0x00007fddcd948e6f:   90 45 31 f6 41 39 47 18 76 0a 89 c2 49 8b 47 20
0x00007fddcd948e7f:   4c 8b 34 d0 41 0f b7 46 2c 83 e0 0f 66 83 f8 0c
0x00007fddcd948e8f:   0f 84 b1 00 00 00 45 8b 56 18 48 8b 45 90 41 83 

Register to memory mapping:

RAX=0x00007fdd244449f0 is an unknown value
RBX=0x000000000000001a is an unknown value
RCX=0x0000000000000174 is an unknown value
RDX=0x0000000000000001 is an unknown value
RSP=0x00007fddb72627e0 is pointing into the stack for thread: 0x00007fddc80ae800
RBP=0x00007fddb72628d0 is pointing into the stack for thread: 0x00007fddc80ae800
RSI=0x00007fdd98488010 is an unknown value
RDI=0x00007fdda4212b40 is an unknown value
R8 =0x00007fddb7262980 is pointing into the stack for thread: 0x00007fddc80ae800
R9 =0x00007fdda509b190 is an unknown value
R10=0x0000000000000005 is an unknown value
R11=0x00007fdd98bd9670 is an unknown value
R12=0x00007fddcdf679c0: <offset 0xeb99c0> in /home/jj/software/android-studio/jre/jre/lib/amd64/server/libjvm.so at 0x00007fddcd0ae000
R13=0x0000000000000004 is an unknown value
R14=0x0000000000000000 is an unknown value
R15=0x00007fdd98d8fb00 is an unknown value


Stack: [0x00007fddb7166000,0x00007fddb7267000],  sp=0x00007fddb72627e0,  free space=1009k
Native frames: (J=compiled Java code, j=interpreted, Vv=VM code, C=native code)
V  [libjvm.so+0x89ae7f]  PhaseChaitin::merge_multidefs()+0x17f
V  [libjvm.so+0x3df6b2]  PhaseChaitin::Register_Allocate()+0x982
V  [libjvm.so+0x4640f8]  Compile::Code_Gen()+0x258
V  [libjvm.so+0x4653ee]  Compile::Compile(ciEnv*, C2Compiler*, ciMethod*, int, bool, bool, bool)+0x113e
V  [libjvm.so+0x3c3338]  C2Compiler::compile_method(ciEnv*, ciMethod*, int)+0x1a8
V  [libjvm.so+0x46d832]  CompileBroker::invoke_compiler_on_method(CompileTask*)+0x8b2
V  [libjvm.so+0x46e6e8]  CompileBroker::compiler_thread_loop()+0x4e8
V  [libjvm.so+0x986ec0]  JavaThread::thread_main_inner()+0xf0
V  [libjvm.so+0x8425b2]  java_start(Thread*)+0xf2
C  [libpthread.so.0+0x770a]  start_thread+0xca


Current CompileTask:
C2:2921304 17632       4       com.android.dx.ssa.LocalVariableExtractor::processBlock (383 bytes)


---------------  P R O C E S S  ---------------

Java Threads: ( => current thread )
  0x00007fdda4813800 JavaThread "pool-35-thread-4" [_thread_in_Java, id=13008, stack(0x00007fdd94845000,0x00007fdd94946000)]
  0x00007fdda5264800 JavaThread "pool-35-thread-3" [_thread_in_Java, id=13007, stack(0x00007fdd92076000,0x00007fdd92177000)]
  0x00007fdda5263800 JavaThread "pool-35-thread-2" [_thread_in_Java, id=13006, stack(0x00007fdd924ec000,0x00007fdd925ed000)]
  0x00007fdda5263000 JavaThread "pool-36-thread-1" [_thread_blocked, id=13005, stack(0x00007fdd937e0000,0x00007fdd938e1000)]
  0x00007fdda46b9000 JavaThread "pool-35-thread-1" [_thread_in_Java, id=13004, stack(0x00007fdd92929000,0x00007fdd92a2a000)]
  0x00007fdd9c014000 JavaThread "process reaper" daemon [_thread_blocked, id=12756, stack(0x00007fdd90cd5000,0x00007fdd90d0e000)]
  0x00007fdd983df000 JavaThread "process reaper" daemon [_thread_blocked, id=12753, stack(0x00007fdd90f10000,0x00007fdd90f49000)]
  0x00007fdda4d97800 JavaThread "process reaper" daemon [_thread_blocked, id=12750, stack(0x00007fdd9114b000,0x00007fdd91184000)]
  0x00007fddb0080800 JavaThread "process reaper" daemon [_thread_blocked, id=12267, stack(0x00007fdd91588000,0x00007fdd915c1000)]
  0x00007fddc8b2f000 JavaThread "process reaper" daemon [_thread_blocked, id=12263, stack(0x00007fdd915c1000,0x00007fdd915fa000)]
  0x00007fddb00c2000 JavaThread "process reaper" daemon [_thread_blocked, id=12009, stack(0x00007fdd92f2d000,0x00007fdd92f66000)]
  0x00007fddc8b24000 JavaThread "process reaper" daemon [_thread_blocked, id=12006, stack(0x00007fdd933a3000,0x00007fdd933dc000)]
  0x0000000000cba800 JavaThread "process reaper" daemon [_thread_blocked, id=12003, stack(0x00007fdd91f3c000,0x00007fdd91f75000)]
  0x00007fddac0ab000 JavaThread "process reaper" daemon [_thread_blocked, id=12000, stack(0x00007fddb4583000,0x00007fddb45bc000)]
  0x00007fdda9aad800 JavaThread "process reaper" daemon [_thread_blocked, id=11996, stack(0x00007fdd945d1000,0x00007fdd9460a000)]
  0x00007fddc8b43000 JavaThread "process reaper" daemon [_thread_blocked, id=11984, stack(0x00007fdd93f59000,0x00007fdd93f92000)]
  0x0000000000cb8800 JavaThread "process reaper" daemon [_thread_blocked, id=11981, stack(0x00007fdd92177000,0x00007fdd921b0000)]
  0x00007fdd9c1b1800 JavaThread "process reaper" daemon [_thread_blocked, id=11978, stack(0x00007fdd93d1e000,0x00007fdd93d57000)]
  0x00007fdd9c29c000 JavaThread "process reaper" daemon [_thread_blocked, id=11975, stack(0x00007fdd93168000,0x00007fdd931a1000)]
  0x00007fdd9813f000 JavaThread "process reaper" daemon [_thread_blocked, id=11972, stack(0x00007fdd925ed000,0x00007fdd92626000)]
  0x00007fdda4775800 JavaThread "process reaper" daemon [_thread_blocked, id=11969, stack(0x00007fdd93ce5000,0x00007fdd93d1e000)]
  0x00007fdda0012000 JavaThread "process reaper" daemon [_thread_blocked, id=11966, stack(0x00007fdd9480c000,0x00007fdd94845000)]
  0x00007fdda8011000 JavaThread "process reaper" daemon [_thread_blocked, id=11963, stack(0x00007fdd91d01000,0x00007fdd91d3a000)]
  0x00007fddb00bf800 JavaThread "process reaper" daemon [_thread_blocked, id=11960, stack(0x00007fdd94194000,0x00007fdd941cd000)]
  0x0000000000cb4800 JavaThread "process reaper" daemon [_thread_blocked, id=11956, stack(0x00007fdd923b2000,0x00007fdd923eb000)]
  0x00007fddac02c000 JavaThread "pool-25-thread-1" [_thread_blocked, id=11935, stack(0x00007fdd969d5000,0x00007fdd96ad6000)]
  0x00007fddac028800 JavaThread "Stdin handler" [_thread_blocked, id=11904, stack(0x00007fddb5035000,0x00007fddb5136000)]
  0x00007fddac08e000 JavaThread "Asynchronous log dispatcher for org.gradle.launcher.daemon.server.DefaultDaemonConnection@101991f6" [_thread_blocked, id=11902, stack(0x00007fddb5136000,0x00007fddb5237000)]
  0x00007fdd98a35800 JavaThread "Daemon worker Thread 3" [_thread_blocked, id=11900, stack(0x00007fddb5439000,0x00007fddb553a000)]
  0x00007fdd98990000 JavaThread "Cancel handler" [_thread_blocked, id=11899, stack(0x00007fddb5237000,0x00007fddb5338000)]
  0x00007fdd98850000 JavaThread "Handler for socket connection from /127.0.0.1:44195 to /127.0.0.1:42098" [_thread_in_native, id=11896, stack(0x00007fddb553a000,0x00007fddb563b000)]
  0x00007fdd9c1af800 JavaThread "Daemon Thread 3" [_thread_blocked, id=11895, stack(0x00007fddb5338000,0x00007fddb5439000)]
  0x00007fdda0011000 JavaThread "pool-6-thread-4" [_thread_blocked, id=3682, stack(0x00007fdd9557a000,0x00007fdd9567b000)]
  0x00007fdda0010000 JavaThread "pool-6-thread-3" [_thread_blocked, id=3675, stack(0x00007fdd965d1000,0x00007fdd966d2000)]
  0x00007fdda000f000 JavaThread "pool-6-thread-2" [_thread_in_Java, id=3671, stack(0x00007fdd967d3000,0x00007fdd968d4000)]
  0x00007fdda000d000 JavaThread "pool-6-thread-1" [_thread_blocked, id=3664, stack(0x00007fdd968d4000,0x00007fdd969d5000)]
  0x00007fdda85a0800 JavaThread "File lock request listener" [_thread_in_native, id=3638, stack(0x00007fddb4282000,0x00007fddb4383000)]
  0x00007fddc8b01000 JavaThread "pool-1-thread-1" [_thread_blocked, id=3627, stack(0x00007fddb583b000,0x00007fddb593c000)]
  0x00007fddc8ae0800 JavaThread "Incoming local TCP Connector on port 44195" [_thread_in_native, id=3626, stack(0x00007fddb5943000,0x00007fddb5a44000)]
  0x00007fddc80be000 JavaThread "Service Thread" daemon [_thread_blocked, id=3624, stack(0x00007fddb6f64000,0x00007fddb7065000)]
  0x00007fddc80b0800 JavaThread "C1 CompilerThread1" daemon [_thread_in_vm, id=3623, stack(0x00007fddb7065000,0x00007fddb7166000)]
=>0x00007fddc80ae800 JavaThread "C2 CompilerThread0" daemon [_thread_in_native, id=3622, stack(0x00007fddb7166000,0x00007fddb7267000)]
  0x00007fddc80ad000 JavaThread "Signal Dispatcher" daemon [_thread_blocked, id=3621, stack(0x00007fddb7267000,0x00007fddb7368000)]
  0x00007fddc807a000 JavaThread "Finalizer" daemon [_thread_blocked, id=3620, stack(0x00007fddb7640000,0x00007fddb7741000)]
  0x00007fddc8075800 JavaThread "Reference Handler" daemon [_thread_blocked, id=3619, stack(0x00007fddb7741000,0x00007fddb7842000)]
  0x00007fddc800a000 JavaThread "main" [_thread_blocked, id=3616, stack(0x00007fddceaa4000,0x00007fddceba5000)]

Other Threads:
  0x00007fddc806d800 VMThread [stack: 0x00007fddb7842000,0x00007fddb7943000] [id=3618]
  0x00007fddc80c1000 WatcherThread [stack: 0x00007fddb6e63000,0x00007fddb6f64000] [id=3625]

VM state:not at safepoint (normal execution)

VM Mutex/Monitor currently owned by a thread: None

Heap:
 def new generation   total 154944K, used 45263K [0x00000000a0000000, 0x00000000aa810000, 0x00000000c0000000)
  eden space 137792K,  21% used [0x00000000a0000000, 0x00000000a1d93b18, 0x00000000a8690000)
  from space 17152K,  87% used [0x00000000a9750000, 0x00000000aa5f0418, 0x00000000aa810000)
  to   space 17152K,   0% used [0x00000000a8690000, 0x00000000a8690000, 0x00000000a9750000)
 tenured generation   total 344064K, used 133283K [0x00000000c0000000, 0x00000000d5000000, 0x0000000100000000)
   the space 344064K,  38% used [0x00000000c0000000, 0x00000000c8228d38, 0x00000000c8228e00, 0x00000000d5000000)
 Metaspace       used 75544K, capacity 78754K, committed 78848K, reserved 1118208K
  class space    used 9555K, capacity 10200K, committed 10240K, reserved 1048576K

Card table byte_map: [0x00007fddb8511000,0x00007fddb8812000] byte_map_base: 0x00007fddb8011000

Polling page: 0x00007fddcebc1000

CodeCache: size=245760Kb used=42400Kb max_used=42400Kb free=203359Kb
 bounds [0x00007fddb8bd2000, 0x00007fddbb582000, 0x00007fddc7bd2000]
 total_blobs=14986 nmethods=14232 adapters=666
 compilation: enabled

Compilation events (10 events):
Event: 2921.230 Thread 0x00007fddc80b0800 nmethod 17748 0x00007fddbb56ac50 code [0x00007fddbb56ada0, 0x00007fddbb56af30]
Event: 2921.230 Thread 0x00007fddc80b0800 17792       2       com.android.dx.cf.code.ConcreteMethod::<init> (21 bytes)
Event: 2921.252 Thread 0x00007fddc80b0800 nmethod 17792 0x00007fddbb56afd0 code [0x00007fddbb56b180, 0x00007fddbb56b4b0]
Event: 2921.252 Thread 0x00007fddc80b0800 17809 %     3       com.android.dx.rop.type.Prototype::makeParameterArray @ 32 (131 bytes)
Event: 2921.253 Thread 0x00007fddc80b0800 nmethod 17809% 0x00007fddbb56b790 code [0x00007fddbb56b9c0, 0x00007fddbb56c668]
Event: 2921.253 Thread 0x00007fddc80b0800 17810   !   2       com.android.dx.cf.direct.StdAttributeFactory::parseLocalVariables (274 bytes)
Event: 2921.255 Thread 0x00007fddc80b0800 nmethod 17810 0x00007fddbb56cc90 code [0x00007fddbb56d180, 0x00007fddbb56ed68]
Event: 2921.255 Thread 0x00007fddc80b0800 17804       2       com.android.dx.ssa.NormalSsaInsn::isMoveException (20 bytes)
Event: 2921.255 Thread 0x00007fddc80b0800 nmethod 17804 0x00007fddbb572b10 code [0x00007fddbb572c80, 0x00007fddbb572df0]
Event: 2921.255 Thread 0x00007fddc80b0800 17791       2       com.android.dx.cf.code.Ropper::addReturnBlock (228 bytes)

GC Heap History (10 events):
Event: 2914.955 GC heap before
{Heap before GC invocations=47 (full 4):
 def new generation   total 154944K, used 143072K [0x00000000a0000000, 0x00000000aa810000, 0x00000000c0000000)
  eden space 137792K,  99% used [0x00000000a0000000, 0x00000000a86815c8, 0x00000000a8690000)
  from space 17152K,  31% used [0x00000000a8690000, 0x00000000a8bc6d60, 0x00000000a9750000)
  to   space 17152K,   0% used [0x00000000a9750000, 0x00000000a9750000, 0x00000000aa810000)
 tenured generation   total 344064K, used 133283K [0x00000000c0000000, 0x00000000d5000000, 0x0000000100000000)
   the space 344064K,  38% used [0x00000000c0000000, 0x00000000c8228d38, 0x00000000c8228e00, 0x00000000d5000000)
 Metaspace       used 74471K, capacity 77596K, committed 77696K, reserved 1116160K
  class space    used 9450K, capacity 10093K, committed 10112K, reserved 1048576K
Event: 2914.984 GC heap after
Heap after GC invocations=48 (full 4):
 def new generation   total 154944K, used 4374K [0x00000000a0000000, 0x00000000aa810000, 0x00000000c0000000)
  eden space 137792K,   0% used [0x00000000a0000000, 0x00000000a0000000, 0x00000000a8690000)
  from space 17152K,  25% used [0x00000000a9750000, 0x00000000a9b95a50, 0x00000000aa810000)
  to   space 17152K,   0% used [0x00000000a8690000, 0x00000000a8690000, 0x00000000a9750000)
 tenured generation   total 344064K, used 133283K [0x00000000c0000000, 0x00000000d5000000, 0x0000000100000000)
   the space 344064K,  38% used [0x00000000c0000000, 0x00000000c8228d38, 0x00000000c8228e00, 0x00000000d5000000)
 Metaspace       used 74471K, capacity 77596K, committed 77696K, reserved 1116160K
  class space    used 9450K, capacity 10093K, committed 10112K, reserved 1048576K
}
Event: 2915.115 GC heap before
{Heap before GC invocations=48 (full 4):
 def new generation   total 154944K, used 142093K [0x00000000a0000000, 0x00000000aa810000, 0x00000000c0000000)
  eden space 137792K,  99% used [0x00000000a0000000, 0x00000000a867db60, 0x00000000a8690000)
  from space 17152K,  25% used [0x00000000a9750000, 0x00000000a9b95a50, 0x00000000aa810000)
  to   space 17152K,   0% used [0x00000000a8690000, 0x00000000a8690000, 0x00000000a9750000)
 tenured generation   total 344064K, used 133283K [0x00000000c0000000, 0x00000000d5000000, 0x0000000100000000)
   the space 344064K,  38% used [0x00000000c0000000, 0x00000000c8228d38, 0x00000000c8228e00, 0x00000000d5000000)
 Metaspace       used 74471K, capacity 77596K, committed 77696K, reserved 1116160K
  class space    used 9450K, capacity 10093K, committed 10112K, reserved 1048576K
Event: 2915.142 GC heap after
Heap after GC invocations=49 (full 4):
 def new generation   total 154944K, used 4275K [0x00000000a0000000, 0x00000000aa810000, 0x00000000c0000000)
  eden space 137792K,   0% used [0x00000000a0000000, 0x00000000a0000000, 0x00000000a8690000)
  from space 17152K,  24% used [0x00000000a8690000, 0x00000000a8abcf10, 0x00000000a9750000)
  to   space 17152K,   0% used [0x00000000a9750000, 0x00000000a9750000, 0x00000000aa810000)
 tenured generation   total 344064K, used 133283K [0x00000000c0000000, 0x00000000d5000000, 0x0000000100000000)
   the space 344064K,  38% used [0x00000000c0000000, 0x00000000c8228d38, 0x00000000c8228e00, 0x00000000d5000000)
 Metaspace       used 74471K, capacity 77596K, committed 77696K, reserved 1116160K
  class space    used 9450K, capacity 10093K, committed 10112K, reserved 1048576K
}
Event: 2915.259 GC heap before
{Heap before GC invocations=49 (full 4):
 def new generation   total 154944K, used 142065K [0x00000000a0000000, 0x00000000aa810000, 0x00000000c0000000)
  eden space 137792K,  99% used [0x00000000a0000000, 0x00000000a868f4f8, 0x00000000a8690000)
  from space 17152K,  24% used [0x00000000a8690000, 0x00000000a8abcf10, 0x00000000a9750000)
  to   space 17152K,   0% used [0x00000000a9750000, 0x00000000a9750000, 0x00000000aa810000)
 tenured generation   total 344064K, used 133283K [0x00000000c0000000, 0x00000000d5000000, 0x0000000100000000)
   the space 344064K,  38% used [0x00000000c0000000, 0x00000000c8228d38, 0x00000000c8228e00, 0x00000000d5000000)
 Metaspace       used 74471K, capacity 77596K, committed 77696K, reserved 1116160K
  class space    used 9450K, capacity 10093K, committed 10112K, reserved 1048576K
Event: 2915.287 GC heap after
Heap after GC invocations=50 (full 4):
 def new generation   total 154944K, used 4190K [0x00000000a0000000, 0x00000000aa810000, 0x00000000c0000000)
  eden space 137792K,   0% used [0x00000000a0000000, 0x00000000a0000000, 0x00000000a8690000)
  from space 17152K,  24% used [0x00000000a9750000, 0x00000000a9b67ae8, 0x00000000aa810000)
  to   space 17152K,   0% used [0x00000000a8690000, 0x00000000a8690000, 0x00000000a9750000)
 tenured generation   total 344064K, used 133283K [0x00000000c0000000, 0x00000000d5000000, 0x0000000100000000)
   the space 344064K,  38% used [0x00000000c0000000, 0x00000000c8228d38, 0x00000000c8228e00, 0x00000000d5000000)
 Metaspace       used 74471K, capacity 77596K, committed 77696K, reserved 1116160K
  class space    used 9450K, capacity 10093K, committed 10112K, reserved 1048576K
}
Event: 2918.188 GC heap before
{Heap before GC invocations=50 (full 4):
 def new generation   total 154944K, used 141982K [0x00000000a0000000, 0x00000000aa810000, 0x00000000c0000000)
  eden space 137792K, 100% used [0x00000000a0000000, 0x00000000a8690000, 0x00000000a8690000)
  from space 17152K,  24% used [0x00000000a9750000, 0x00000000a9b67ae8, 0x00000000aa810000)
  to   space 17152K,   0% used [0x00000000a8690000, 0x00000000a8690000, 0x00000000a9750000)
 tenured generation   total 344064K, used 133283K [0x00000000c0000000, 0x00000000d5000000, 0x0000000100000000)
   the space 344064K,  38% used [0x00000000c0000000, 0x00000000c8228d38, 0x00000000c8228e00, 0x00000000d5000000)
 Metaspace       used 75310K, capacity 78498K, committed 78592K, reserved 1118208K
  class space    used 9544K, capacity 10200K, committed 10240K, reserved 1048576K
Event: 2918.245 GC heap after
Heap after GC invocations=51 (full 4):
 def new generation   total 154944K, used 5448K [0x00000000a0000000, 0x00000000aa810000, 0x00000000c0000000)
  eden space 137792K,   0% used [0x00000000a0000000, 0x00000000a0000000, 0x00000000a8690000)
  from space 17152K,  31% used [0x00000000a8690000, 0x00000000a8be23a0, 0x00000000a9750000)
  to   space 17152K,   0% used [0x00000000a9750000, 0x00000000a9750000, 0x00000000aa810000)
 tenured generation   total 344064K, used 133283K [0x00000000c0000000, 0x00000000d5000000, 0x0000000100000000)
   the space 344064K,  38% used [0x00000000c0000000, 0x00000000c8228d38, 0x00000000c8228e00, 0x00000000d5000000)
 Metaspace       used 75310K, capacity 78498K, committed 78592K, reserved 1118208K
  class space    used 9544K, capacity 10200K, committed 10240K, reserved 1048576K
}
Event: 2920.695 GC heap before
{Heap before GC invocations=51 (full 4):
 def new generation   total 154944K, used 143240K [0x00000000a0000000, 0x00000000aa810000, 0x00000000c0000000)
  eden space 137792K, 100% used [0x00000000a0000000, 0x00000000a8690000, 0x00000000a8690000)
  from space 17152K,  31% used [0x00000000a8690000, 0x00000000a8be23a0, 0x00000000a9750000)
  to   space 17152K,   0% used [0x00000000a9750000, 0x00000000a9750000, 0x00000000aa810000)
 tenured generation   total 344064K, used 133283K [0x00000000c0000000, 0x00000000d5000000, 0x0000000100000000)
   the space 344064K,  38% used [0x00000000c0000000, 0x00000000c8228d38, 0x00000000c8228e00, 0x00000000d5000000)
 Metaspace       used 75519K, capacity 78690K, committed 78848K, reserved 1118208K
  class space    used 9555K, capacity 10200K, committed 10240K, reserved 1048576K
Event: 2920.937 GC heap after
Heap after GC invocations=52 (full 4):
 def new generation   total 154944K, used 14977K [0x00000000a0000000, 0x00000000aa810000, 0x00000000c0000000)
  eden space 137792K,   0% used [0x00000000a0000000, 0x00000000a0000000, 0x00000000a8690000)
  from space 17152K,  87% used [0x00000000a9750000, 0x00000000aa5f0418, 0x00000000aa810000)
  to   space 17152K,   0% used [0x00000000a8690000, 0x00000000a8690000, 0x00000000a9750000)
 tenured generation   total 344064K, used 133283K [0x00000000c0000000, 0x00000000d5000000, 0x0000000100000000)
   the space 344064K,  38% used [0x00000000c0000000, 0x00000000c8228d38, 0x00000000c8228e00, 0x00000000d5000000)
 Metaspace       used 75519K, capacity 78690K, committed 78848K, reserved 1118208K
  class space    used 9555K, capacity 10200K, committed 10240K, reserved 1048576K
}

Deoptimization events (10 events):
Event: 2918.441 Thread 0x00007fdda000d000 Uncommon trap: reason=unstable_if action=reinterpret pc=0x00007fddbab421a4 method=java.util.concurrent.locks.AbstractQueuedSynchronizer.acquireQueued(Ljava/util/concurrent/locks/AbstractQueuedSynchronizer$Node;I)Z @ 17
Event: 2918.603 Thread 0x00007fddac65c800 Uncommon trap: reason=unstable_if action=reinterpret pc=0x00007fddb9627d2c method=com.android.dx.cf.code.Ropper.labelToResultIndex(I)I @ 34
Event: 2919.359 Thread 0x00007fddac3a2000 Uncommon trap: reason=unstable_if action=reinterpret pc=0x00007fddbae0cc28 method=java.util.concurrent.locks.AbstractQueuedSynchronizer$ConditionObject.unlinkCancelledWaiters()V @ 48
Event: 2919.370 Thread 0x00007fddac3d2800 Uncommon trap: reason=speculate_class_check action=maybe_recompile pc=0x00007fddba5df4ec method=com.android.dx.rop.cst.Constant.compareTo(Lcom/android/dx/rop/cst/Constant;)I @ 29
Event: 2919.370 Thread 0x00007fddac3d2800 Uncommon trap: reason=speculate_class_check action=maybe_recompile pc=0x00007fddba5df4ec method=com.android.dx.rop.cst.Constant.compareTo(Lcom/android/dx/rop/cst/Constant;)I @ 29
Event: 2919.604 Thread 0x00007fddac3d2800 Uncommon trap: reason=unstable_if action=reinterpret pc=0x00007fddb8dd2048 method=java.util.Arrays.equals([Ljava/lang/Object;[Ljava/lang/Object;)Z @ 23
Event: 2919.861 Thread 0x00007fdda000f000 Uncommon trap: reason=unstable_if action=reinterpret pc=0x00007fddbb183ad0 method=java.util.TimSort.mergeLo(IIII)V @ 105
Event: 2919.894 Thread 0x00007fdda5263800 Uncommon trap: reason=unstable_if action=reinterpret pc=0x00007fddba26b8c0 method=com.android.dx.rop.code.RegisterSpecSet.put(Lcom/android/dx/rop/code/RegisterSpec;)V @ 53
Event: 2919.944 Thread 0x00007fdda000f000 Uncommon trap: reason=unstable_if action=reinterpret pc=0x00007fddb97c5510 method=com.android.dx.util.IntList.binarysearch(I)I @ 105
Event: 2920.062 Thread 0x00007fdda46b9000 Uncommon trap: reason=unstable_if action=reinterpret pc=0x00007fddba51ad58 method=com.android.dx.ssa.SsaRenamer$BlockRenamer.process()V @ 90

Internal exceptions (10 events):
Event: 309.495 Thread 0x00007fddb00d3800 Implicit null exception at 0x00007fddbad63c85 to 0x00007fddbad62825
Event: 314.133 Thread 0x00007fddb00d3800 Implicit null exception at 0x00007fddbad049af to 0x00007fddbad04ea9
Event: 314.628 Thread 0x00007fddb00d3800 Implicit null exception at 0x00007fddbaebd5be to 0x00007fddbaebde64
Event: 2863.721 Thread 0x00007fdd98a35800 Exception <a 'java/lang/ClassNotFoundException': asLocalRepo127_3o7jqnqv2quy17jf29e1p9q8hBeanInfo> (0x00000000a14296e0) thrown at [/ssd/Android/AOSP-openjdk/external/jetbrains/jdk/hotspot/src/share/vm/classfile/systemDictionary.cpp, line 210]
Event: 2863.721 Thread 0x00007fdd98a35800 Exception <a 'java/lang/ClassNotFoundException': asLocalRepo127_3o7jqnqv2quy17jf29e1p9q8hCustomizer> (0x00000000a14333f0) thrown at [/ssd/Android/AOSP-openjdk/external/jetbrains/jdk/hotspot/src/share/vm/classfile/systemDictionary.cpp, line 210]
Event: 2865.323 Thread 0x00007fdd98a35800 Implicit null exception at 0x00007fddb8f9d453 to 0x00007fddb8f9d9ad
Event: 2866.191 Thread 0x00007fdd98a35800 Exception <a 'java/lang/ClassNotFoundException': com/android/build/gradle/internal/LibraryCache$1BeanInfo> (0x00000000a35e6078) thrown at [/ssd/Android/AOSP-openjdk/external/jetbrains/jdk/hotspot/src/share/vm/classfile/systemDictionary.cpp, line 210]
Event: 2866.191 Thread 0x00007fdd98a35800 Exception <a 'java/lang/ClassNotFoundException': com/android/build/gradle/internal/LibraryCache$1Customizer> (0x00000000a35f6c70) thrown at [/ssd/Android/AOSP-openjdk/external/jetbrains/jdk/hotspot/src/share/vm/classfile/systemDictionary.cpp, line 210]
Event: 2886.585 Thread 0x00007fdd98a35800 Implicit null exception at 0x00007fddbaf312b5 to 0x00007fddbaf336e5
Event: 2888.811 Thread 0x00007fdd98a35800 Implicit null exception at 0x00007fddb965bfb7 to 0x00007fddb965c8de

Events (10 events):
Event: 2921.235 Thread 0x00007fdda4813800 DEOPT PACKING pc=0x00007fddba28418f sp=0x00007fdd94943f80
Event: 2921.235 Thread 0x00007fdda4813800 DEOPT UNPACKING pc=0x00007fddb8c18f73 sp=0x00007fdd94943d38 mode 0
Event: 2921.257 Thread 0x00007fdda5264800 DEOPT PACKING pc=0x00007fddba3ec429 sp=0x00007fdd92174e70
Event: 2921.257 Thread 0x00007fdda5264800 DEOPT UNPACKING pc=0x00007fddb8c18f73 sp=0x00007fdd92174bd8 mode 0
Event: 2921.266 Thread 0x00007fdda4813800 DEOPT PACKING pc=0x00007fddba3ec429 sp=0x00007fdd94943df0
Event: 2921.266 Thread 0x00007fdda4813800 DEOPT UNPACKING pc=0x00007fddb8c18f73 sp=0x00007fdd94943b58 mode 0
Event: 2921.266 Thread 0x00007fdda4813800 DEOPT PACKING pc=0x00007fddba3ec429 sp=0x00007fdd94943df0
Event: 2921.266 Thread 0x00007fdda4813800 DEOPT UNPACKING pc=0x00007fddb8c18f73 sp=0x00007fdd94943b58 mode 0
Event: 2921.274 Thread 0x00007fdda5263800 DEOPT PACKING pc=0x00007fddb94dd6bf sp=0x00007fdd925eb050
Event: 2921.274 Thread 0x00007fdda5263800 DEOPT UNPACKING pc=0x00007fddb8c18f73 sp=0x00007fdd925eae50 mode 0


Dynamic libraries:
00400000-00401000 r-xp 00000000 08:01 4331494                            /home/jj/software/android-studio/jre/bin/java
00600000-00601000 r--p 00000000 08:01 4331494                            /home/jj/software/android-studio/jre/bin/java
00601000-00602000 rw-p 00001000 08:01 4331494                            /home/jj/software/android-studio/jre/bin/java
00c96000-00cd9000 rw-p 00000000 00:00 0                                  [heap]
a0000000-aa810000 rw-p 00000000 00:00 0 
aa810000-c0000000 ---p 00000000 00:00 0 
c0000000-d5000000 rw-p 00000000 00:00 0 
d5000000-100000000 ---p 00000000 00:00 0 
100000000-100a00000 rw-p 00000000 00:00 0 
100a00000-140000000 ---p 00000000 00:00 0 
7fdd90bd4000-7fdd90bd7000 ---p 00000000 00:00 0 
7fdd90bd7000-7fdd90cd5000 rw-p 00000000 00:00 0 
7fdd90cd5000-7fdd90cd8000 ---p 00000000 00:00 0 
7fdd90cd8000-7fdd90d0e000 rw-p 00000000 00:00 0 
7fdd90f10000-7fdd90f13000 ---p 00000000 00:00 0 
7fdd90f13000-7fdd90f49000 rw-p 00000000 00:00 0 
7fdd90f49000-7fdd90f4c000 ---p 00000000 00:00 0 
7fdd90f4c000-7fdd9104a000 rw-p 00000000 00:00 0 
7fdd9104a000-7fdd9104d000 ---p 00000000 00:00 0 
7fdd9104d000-7fdd9114b000 rw-p 00000000 00:00 0 
7fdd9114b000-7fdd9114e000 ---p 00000000 00:00 0 
7fdd9114e000-7fdd91184000 rw-p 00000000 00:00 0 
7fdd91184000-7fdd91187000 ---p 00000000 00:00 0 
7fdd91187000-7fdd91285000 rw-p 00000000 00:00 0 
7fdd91285000-7fdd91288000 ---p 00000000 00:00 0 
7fdd91288000-7fdd91386000 rw-p 00000000 00:00 0 
7fdd91386000-7fdd91389000 ---p 00000000 00:00 0 
7fdd91389000-7fdd91487000 rw-p 00000000 00:00 0 
7fdd91487000-7fdd9148a000 ---p 00000000 00:00 0 
7fdd9148a000-7fdd91588000 rw-p 00000000 00:00 0 
7fdd91588000-7fdd9158b000 ---p 00000000 00:00 0 
7fdd9158b000-7fdd915c1000 rw-p 00000000 00:00 0 
7fdd915c1000-7fdd915c4000 ---p 00000000 00:00 0 
7fdd915c4000-7fdd915fa000 rw-p 00000000 00:00 0 
7fdd916fb000-7fdd916fe000 ---p 00000000 00:00 0 
7fdd916fe000-7fdd917fc000 rw-p 00000000 00:00 0 
7fdd917fc000-7fdd917ff000 ---p 00000000 00:00 0 
7fdd917ff000-7fdd918fd000 rw-p 00000000 00:00 0 
7fdd918fd000-7fdd91900000 ---p 00000000 00:00 0 
7fdd91900000-7fdd919fe000 rw-p 00000000 00:00 0 
7fdd919fe000-7fdd91a01000 ---p 00000000 00:00 0 
7fdd91a01000-7fdd91aff000 rw-p 00000000 00:00 0 
7fdd91c00000-7fdd91c03000 ---p 00000000 00:00 0 
7fdd91c03000-7fdd91d01000 rw-p 00000000 00:00 0 
7fdd91d01000-7fdd91d04000 ---p 00000000 00:00 0 
7fdd91d04000-7fdd91d3a000 rw-p 00000000 00:00 0 
7fdd91d3a000-7fdd91d3d000 ---p 00000000 00:00 0 
7fdd91d3d000-7fdd91e3b000 rw-p 00000000 00:00 0 
7fdd91e3b000-7fdd91e3e000 ---p 00000000 00:00 0 
7fdd91e3e000-7fdd91f3c000 rw-p 00000000 00:00 0 
7fdd91f3c000-7fdd91f3f000 ---p 00000000 00:00 0 
7fdd91f3f000-7fdd91f75000 rw-p 00000000 00:00 0 
7fdd91f75000-7fdd91f78000 ---p 00000000 00:00 0 
7fdd91f78000-7fdd92076000 rw-p 00000000 00:00 0 
7fdd92076000-7fdd92079000 ---p 00000000 00:00 0 
7fdd92079000-7fdd92177000 rw-p 00000000 00:00 0 
7fdd92177000-7fdd9217a000 ---p 00000000 00:00 0 
7fdd9217a000-7fdd921b0000 rw-p 00000000 00:00 0 
7fdd921b0000-7fdd921b3000 ---p 00000000 00:00 0 
7fdd921b3000-7fdd922b1000 rw-p 00000000 00:00 0 
7fdd923b2000-7fdd923b5000 ---p 00000000 00:00 0 
7fdd923b5000-7fdd923eb000 rw-p 00000000 00:00 0 
7fdd924ec000-7fdd924ef000 ---p 00000000 00:00 0 
7fdd924ef000-7fdd925ed000 rw-p 00000000 00:00 0 
7fdd925ed000-7fdd925f0000 ---p 00000000 00:00 0 
7fdd925f0000-7fdd92626000 rw-p 00000000 00:00 0 
7fdd92626000-7fdd92629000 ---p 00000000 00:00 0 
7fdd92629000-7fdd92727000 rw-p 00000000 00:00 0 
7fdd92929000-7fdd9292c000 ---p 00000000 00:00 0 
7fdd9292c000-7fdd92a2a000 rw-p 00000000 00:00 0 
7fdd92a2a000-7fdd92a2d000 ---p 00000000 00:00 0 
7fdd92a2d000-7fdd92d2b000 rw-p 00000000 00:00 0 
7fdd92f2d000-7fdd92f30000 ---p 00000000 00:00 0 
7fdd92f30000-7fdd92f66000 rw-p 00000000 00:00 0 
7fdd93168000-7fdd9316b000 ---p 00000000 00:00 0 
7fdd9316b000-7fdd931a1000 rw-p 00000000 00:00 0 
7fdd933a3000-7fdd933a6000 ---p 00000000 00:00 0 
7fdd933a6000-7fdd933dc000 rw-p 00000000 00:00 0 
7fdd933de000-7fdd934de000 rw-p 00000000 00:00 0 
7fdd934de000-7fdd935e1000 ---p 00000000 00:00 0 
7fdd935e1000-7fdd936df000 rw-p 00000000 00:00 0 
7fdd936df000-7fdd936e2000 ---p 00000000 00:00 0 
7fdd936e2000-7fdd937e0000 rw-p 00000000 00:00 0 
7fdd937e0000-7fdd937e3000 ---p 00000000 00:00 0 
7fdd937e3000-7fdd938e1000 rw-p 00000000 00:00 0 
7fdd938e1000-7fdd938e4000 ---p 00000000 00:00 0 
7fdd938e4000-7fdd939e2000 rw-p 00000000 00:00 0 
7fdd939e2000-7fdd939e5000 ---p 00000000 00:00 0 
7fdd939e5000-7fdd93ae3000 rw-p 00000000 00:00 0 
7fdd93ae3000-7fdd93ae6000 ---p 00000000 00:00 0 
7fdd93ae6000-7fdd93be4000 rw-p 00000000 00:00 0 
7fdd93ce5000-7fdd93ce8000 ---p 00000000 00:00 0 
7fdd93ce8000-7fdd93d1e000 rw-p 00000000 00:00 0 
7fdd93d1e000-7fdd93d21000 ---p 00000000 00:00 0 
7fdd93d21000-7fdd93d57000 rw-p 00000000 00:00 0 
7fdd93d57000-7fdd93d5a000 ---p 00000000 00:00 0 
7fdd93d5a000-7fdd93e58000 rw-p 00000000 00:00 0 
7fdd93f59000-7fdd93f5c000 ---p 00000000 00:00 0 
7fdd93f5c000-7fdd93f92000 rw-p 00000000 00:00 0 
7fdd93f92000-7fdd93f95000 ---p 00000000 00:00 0 
7fdd93f95000-7fdd94093000 rw-p 00000000 00:00 0 
7fdd94093000-7fdd94096000 ---p 00000000 00:00 0 
7fdd94096000-7fdd94194000 rw-p 00000000 00:00 0 
7fdd94194000-7fdd94197000 ---p 00000000 00:00 0 
7fdd94197000-7fdd941cd000 rw-p 00000000 00:00 0 
7fdd941cd000-7fdd941d0000 ---p 00000000 00:00 0 
7fdd941d0000-7fdd942ce000 rw-p 00000000 00:00 0 
7fdd942ce000-7fdd942d1000 ---p 00000000 00:00 0 
7fdd942d1000-7fdd943cf000 rw-p 00000000 00:00 0 
7fdd943cf000-7fdd943d2000 ---p 00000000 00:00 0 
7fdd943d2000-7fdd944d0000 rw-p 00000000 00:00 0 
7fdd944d0000-7fdd944d3000 ---p 00000000 00:00 0 
7fdd944d3000-7fdd945d1000 rw-p 00000000 00:00 0 
7fdd945d1000-7fdd945d4000 ---p 00000000 00:00 0 
7fdd945d4000-7fdd9460a000 rw-p 00000000 00:00 0 
7fdd9460a000-7fdd9460d000 ---p 00000000 00:00 0 
7fdd9460d000-7fdd9470b000 rw-p 00000000 00:00 0 
7fdd9480c000-7fdd9480f000 ---p 00000000 00:00 0 
7fdd9480f000-7fdd94845000 rw-p 00000000 00:00 0 
7fdd94845000-7fdd94848000 ---p 00000000 00:00 0 
7fdd94848000-7fdd94b46000 rw-p 00000000 00:00 0 
7fdd94b46000-7fdd94d46000 rw-p 00000000 00:00 0 
7fdd94d46000-7fdd94d6e000 r--s 001cf000 08:01 4993865                    /home/jj/software/android-studio/plugins/gradle/lib/guava-jdk5-17.0.jar
7fdd94d6e000-7fdd94d73000 r--s 00076000 08:01 4993885                    /home/jj/software/android-studio/plugins/gradle/lib/gradle-tooling-extension-impl.jar
7fdd94d73000-7fdd94de3000 r--s 00643000 08:01 3673244                    /home/jj/software/android-studio/lib/groovy-all-2.4.6.jar
7fdd94de3000-7fdd94de8000 r--s 00034000 08:01 3673215                    /home/jj/software/android-studio/lib/gson-2.5.jar
7fdd94de8000-7fdd94fe8000 rw-p 00000000 00:00 0 
7fdd94fe8000-7fdd94ff5000 r--s 0017f000 08:01 3420099                    /home/jj/.gradle/caches/jars-1/k645wab4rd5a5h570wgy6nyiiaa7avd/velocity.jar
7fdd94ff5000-7fdd9502c000 r--s 001bd000 08:01 3420097                    /home/jj/.gradle/caches/jars-1/2xkn8y4g49ep3x2f5cg5s5a2xqtca3v/gradle-core-2.14.1.jar
7fdd9502c000-7fdd9522c000 rw-p 00000000 00:00 0 
7fdd9522c000-7fdd95262000 r-xp 00000000 08:01 4463921                    /home/jj/software/android-studio/jre/jre/lib/amd64/libsunec.so
7fdd95262000-7fdd95461000 ---p 00036000 08:01 4463921                    /home/jj/software/android-studio/jre/jre/lib/amd64/libsunec.so
7fdd95461000-7fdd95466000 r--p 00035000 08:01 4463921                    /home/jj/software/android-studio/jre/jre/lib/amd64/libsunec.so
7fdd95466000-7fdd95468000 rw-p 0003a000 08:01 4463921                    /home/jj/software/android-studio/jre/jre/lib/amd64/libsunec.so
7fdd95468000-7fdd95479000 rw-p 00000000 00:00 0 
7fdd9557a000-7fdd9557d000 ---p 00000000 00:00 0 
7fdd9557d000-7fdd9567b000 rw-p 00000000 00:00 0 
7fdd9567b000-7fdd9567e000 ---p 00000000 00:00 0 
7fdd9567e000-7fdd9597c000 rw-p 00000000 00:00 0 
7fdd9597c000-7fdd95b7c000 rw-p 00000000 00:00 0 
7fdd95b7c000-7fdd95d7c000 rw-p 00000000 00:00 0 
7fdd95d7d000-7fdd95d7e000 r--s 00002000 08:01 3673241                    /home/jj/software/android-studio/lib/external-system-rt.jar
7fdd95d7e000-7fdd95d80000 r--s 0000a000 08:01 4993868                    /home/jj/software/android-studio/plugins/gradle/lib/gradle-tooling-extension-api.jar
7fdd95d80000-7fdd95d83000 r--s 00005000 08:01 3420105                    /home/jj/.gradle/caches/jars-1/aembewtwr3e7s6a0xkzh7au0nqprc8i/builder-model-2.2.0-alpha6.jar
7fdd95d83000-7fdd95d84000 r--s 00000000 08:01 3420107                    /home/jj/.gradle/caches/jars-1/dg22azhabc6tsc1i8xni15giz1bnssh/gradle-appengine-builder-model-0.1.0.jar
7fdd95d84000-7fdd95d85000 r--s 00002000 08:01 3420103                    /home/jj/.gradle/caches/jars-1/9pat4a2vl3jrskpg2kra342ensd6e7/external-system-rt.jar
7fdd95d85000-7fdd95d87000 r--s 0000a000 08:01 3420101                    /home/jj/.gradle/caches/jars-1/411vq8j40nmkhjbby7ci72fm3i2jnfb/gradle-tooling-extension-api.jar
7fdd95d87000-7fdd95daf000 r--s 001cf000 08:01 3420095                    /home/jj/.gradle/caches/jars-1/87eo0lrvp84r6dbxjq018wy66es2era/guava-jdk5-17.0.jar
7fdd95daf000-7fdd95db7000 r--s 0003a000 08:01 3420093                    /home/jj/.gradle/caches/jars-1/fdivu3ta8l5xdemt5omuo26ei8xpixu/gradle-base-services-2.14.1.jar
7fdd95db7000-7fdd95dc5000 r--s 0004f000 08:01 3420091                    /home/jj/.gradle/caches/jars-1/lx7cd34m09bn56fdke7xikr221f6475/gradle-tooling-api-2.14.1.jar
7fdd95dc5000-7fdd95dcb000 r--s 0003a000 08:01 4463893                    /home/jj/software/android-studio/jre/jre/lib/ext/sunjce_provider.jar
7fdd95dcb000-7fdd95dcc000 r--s 00008000 08:01 4463897                    /home/jj/software/android-studio/jre/jre/lib/ext/sunec.jar
7fdd95dcc000-7fdd95dcf000 r--s 00015000 08:01 4331542                    /home/jj/software/android-studio/jre/jre/lib/jce.jar
7fdd95dcf000-7fdd95dd2000 ---p 00000000 00:00 0 
7fdd95dd2000-7fdd960d0000 rw-p 00000000 00:00 0 
7fdd960d0000-7fdd962d0000 rw-p 00000000 00:00 0 
7fdd962d0000-7fdd964d0000 rw-p 00000000 00:00 0 
7fdd965cc000-7fdd965d1000 r--s 0003a000 08:01 4989741                    /home/jj/Code/FindAnonTelecom/app/build/intermediates/exploded-aar/com.android.support/support-core-ui/25.0.0/jars/classes.jar
7fdd965d1000-7fdd965d4000 ---p 00000000 00:00 0 
7fdd965d4000-7fdd966d2000 rw-p 00000000 00:00 0 
7fdd966d2000-7fdd966d5000 ---p 00000000 00:00 0 
7fdd966d5000-7fdd967d3000 rw-p 00000000 00:00 0 
7fdd967d3000-7fdd967d6000 ---p 00000000 00:00 0 
7fdd967d6000-7fdd968d4000 rw-p 00000000 00:00 0 
7fdd968d4000-7fdd968d7000 ---p 00000000 00:00 0 
7fdd968d7000-7fdd969d5000 rw-p 00000000 00:00 0 
7fdd969d5000-7fdd969d8000 ---p 00000000 00:00 0 
7fdd969d8000-7fdd96cd6000 rw-p 00000000 00:00 0 
7fdd96cd6000-7fdd96ed6000 rw-p 00000000 00:00 0 
7fdd96ed6000-7fdd970d6000 rw-p 00000000 00:00 0 
7fdd970d6000-7fdd972d6000 rw-p 00000000 00:00 0 
7fdd972d6000-7fdd974d6000 rw-p 00000000 00:00 0 
7fdd974d6000-7fdd974e9000 r--s 00344000 08:01 4331517                    /home/jj/software/android-studio/jre/jre/lib/resources.jar
7fdd974e9000-7fdd976e9000 rw-p 00000000 00:00 0 
7fdd976e9000-7fdd978e9000 rw-p 00000000 00:00 0 
7fdd978e9000-7fdd97ae9000 rw-p 00000000 00:00 0 
7fdd97ae9000-7fdd97ce9000 rw-p 00000000 00:00 0 
7fdd97ce9000-7fdd97d14000 r--s 001fc000 08:01 4746606                    /home/jj/software/android-studio/gradle/m2repository/com/google/guava/guava/18.0/guava-18.0.jar
7fdd97d14000-7fdd97d15000 r--s 00001000 08:01 4873259                    /home/jj/software/android-studio/gradle/m2repository/com/android/tools/annotations/25.2.2/annotations-25.2.2.jar
7fdd97d15000-7fdd97d27000 r--s 000b3000 08:01 4994132                    /home/jj/software/android-studio/gradle/m2repository/com/android/tools/external/com-intellij/uast/145.597.3/uast-145.597.3.jar
7fdd97d27000-7fdd97d2f000 r--s 000a8000 08:01 4994125                    /home/jj/software/android-studio/gradle/m2repository/com/android/tools/external/lombok/lombok-ast/0.2.3/lombok-ast-0.2.3.jar
7fdd97d2f000-7fdd97d31000 r--s 0000d000 08:01 4994139                    /home/jj/software/android-studio/gradle/m2repository/commons-codec/commons-codec/1.4/commons-codec-1.4.jar
7fdd97d31000-7fdd97d33000 r--s 0000d000 08:01 4464220                    /home/jj/software/android-studio/gradle/m2repository/commons-logging/commons-logging/1.1.1/commons-logging-1.1.1.jar
7fdd97d33000-7fdd97d38000 r--s 00028000 08:01 4605350                    /home/jj/software/android-studio/gradle/m2repository/org/apache/httpcomponents/httpcore/4.1/httpcore-4.1.jar
7fdd97d38000-7fdd97d3c000 r--s 0002f000 08:01 4746636                    /home/jj/software/android-studio/gradle/m2repository/com/google/jimfs/jimfs/1.1/jimfs-1.1.jar
7fdd97d3c000-7fdd97d3d000 r--s 00004000 08:01 4746569                    /home/jj/software/android-studio/gradle/m2repository/com/intellij/annotations/12.0/annotations-12.0.jar
7fdd97d3d000-7fdd97d3e000 r--s 00004000 08:01 4464267                    /home/jj/software/android-studio/gradle/m2repository/org/ow2/asm/asm-analysis/5.0.4/asm-analysis-5.0.4.jar
7fdd97d3e000-7fdd97d42000 r--s 0003b000 08:01 1314861                    /home/jj/software/android-studio/gradle/m2repository/com/android/tools/lint/lint-api/25.2.2/lint-api-25.2.2.jar
7fdd97d42000-7fdd97d43000 r--s 0000a000 08:01 4605379                    /home/jj/software/android-studio/gradle/m2repository/net/sf/kxml/kxml2/2.3.0/kxml2-2.3.0.jar
7fdd97d43000-7fdd97d45000 r--s 00005000 08:01 4605341                    /home/jj/software/android-studio/gradle/m2repository/org/apache/httpcomponents/httpmime/4.1/httpmime-4.1.jar
7fdd97d45000-7fdd97d4d000 r--s 0004e000 08:01 4605361                    /home/jj/software/android-studio/gradle/m2repository/org/apache/httpcomponents/httpclient/4.1.1/httpclient-4.1.1.jar
7fdd97d4d000-7fdd97d54000 r--s 00053000 08:01 4605373                    /home/jj/software/android-studio/gradle/m2repository/org/apache/commons/commons-compress/1.8.1/commons-compress-1.8.1.jar
7fdd97d54000-7fdd97d59000 r--s 0002a000 08:01 4746624                    /home/jj/software/android-studio/gradle/m2repository/com/google/code/gson/gson/2.2.4/gson-2.2.4.jar
7fdd97d59000-7fdd97d5e000 r--s 0002d000 08:01 5120494                    /home/jj/software/android-studio/gradle/m2repository/com/android/tools/repository/25.2.2/repository-25.2.2.jar
7fdd97d5e000-7fdd97d5f000 r--s 00005000 08:01 4994100                    /home/jj/software/android-studio/gradle/m2repository/com/android/tools/dvlib/25.2.2/dvlib-25.2.2.jar
7fdd97d5f000-7fdd97d62000 r--s 00014000 08:01 4994014                    /home/jj/software/android-studio/gradle/m2repository/com/android/tools/layoutlib/layoutlib-api/25.2.2/layoutlib-api-25.2.2.jar
7fdd97d62000-7fdd97d67000 r--s 00058000 08:01 4464242                    /home/jj/software/android-studio/gradle/m2repository/org/ow2/asm/asm-debug-all/5.0.1/asm-debug-all-5.0.1.jar
7fdd97d67000-7fdd97d77000 r--s 000d6000 08:01 4746652                    /home/jj/software/android-studio/gradle/m2repository/net/sf/proguard/proguard-base/5.2.1/proguard-base-5.2.1.jar
7fdd97d77000-7fdd97d7a000 r--s 00033000 08:01 4746576                    /home/jj/software/android-studio/gradle/m2repository/com/googlecode/juniversalchardet/juniversalchardet/1.0.3/juniversalchardet-1.0.3.jar
7fdd97d7a000-7fdd97d7e000 r--s 0002a000 08:01 4464213                    /home/jj/software/android-studio/gradle/m2repository/commons-io/commons-io/2.4/commons-io-2.4.jar
7fdd97d7e000-7fdd97d95000 r--s 00154000 08:01 4605286                    /home/jj/software/android-studio/gradle/m2repository/org/antlr/antlr4/4.5.3/antlr4-4.5.3.jar
7fdd97d95000-7fdd97d96000 r--s 00002000 08:01 4873203                    /home/jj/software/android-studio/gradle/m2repository/com/android/databinding/baseLibrary/2.2.2/baseLibrary-2.2.2.jar
7fdd97d96000-7fdd97da9000 r--s 00236000 08:01 4464326                    /home/jj/software/android-studio/gradle/m2repository/org/eclipse/jdt/core/compiler/ecj/4.5.1/ecj-4.5.1.jar
7fdd97da9000-7fdd97db0000 r--s 000c3000 08:01 1314818                    /home/jj/software/android-studio/gradle/m2repository/com/android/tools/lint/lint-checks/25.2.2/lint-checks-25.2.2.jar
7fdd97db0000-7fdd97db2000 r--s 00006000 08:01 4464281                    /home/jj/software/android-studio/gradle/m2repository/org/ow2/asm/asm-tree/5.0.4/asm-tree-5.0.4.jar
7fdd97db2000-7fdd97de5000 r--s 00203000 08:01 4605293                    /home/jj/software/android-studio/gradle/m2repository/org/bouncycastle/bcprov-jdk15on/1.48/bcprov-jdk15on-1.48.jar
7fdd97de5000-7fdd97df3000 r--s 00081000 08:01 4605298                    /home/jj/software/android-studio/gradle/m2repository/org/bouncycastle/bcpkix-jdk15on/1.48/bcpkix-jdk15on-1.48.jar
7fdd97df3000-7fdd97e00000 r--s 000ed000 08:01 1189194                    /home/jj/software/android-studio/gradle/m2repository/com/android/tools/analytics-library/protos/25.2.2/protos-25.2.2.jar
7fdd97e00000-7fdd98000000 rw-p 00000000 00:00 0 
7fdd98000000-7fdd98edb000 rw-p 00000000 00:00 0 
7fdd98edb000-7fdd9c000000 ---p 00000000 00:00 0 
7fdd9c000000-7fdd9c575000 rw-p 00000000 00:00 0 
7fdd9c575000-7fdda0000000 ---p 00000000 00:00 0 
7fdda0000000-7fdda005e000 rw-p 00000000 00:00 0 
7fdda005e000-7fdda4000000 ---p 00000000 00:00 0 
7fdda4000000-7fdda5d52000 rw-p 00000000 00:00 0 
7fdda5d52000-7fdda8000000 ---p 00000000 00:00 0 
7fdda8000000-7fdda9c0b000 rw-p 00000000 00:00 0 
7fdda9c0b000-7fddac000000 ---p 00000000 00:00 0 
7fddac000000-7fddac883000 rw-p 00000000 00:00 0 
7fddac883000-7fddb0000000 ---p 00000000 00:00 0 
7fddb0000000-7fddb01a8000 rw-p 00000000 00:00 0 
7fddb01a8000-7fddb4000000 ---p 00000000 00:00 0 
7fddb4000000-7fddb4002000 r--s 00002000 08:01 4746584                    /home/jj/software/android-studio/gradle/m2repository/com/squareup/javawriter/2.5.0/javawriter-2.5.0.jar
7fddb4002000-7fddb4003000 r--s 00002000 08:01 5120505                    /home/jj/software/android-studio/gradle/m2repository/com/android/tools/analytics-library/tracker/25.2.2/tracker-25.2.2.jar
7fddb4003000-7fddb4005000 r--s 00003000 08:01 1189204                    /home/jj/software/android-studio/gradle/m2repository/com/android/tools/analytics-library/shared/25.2.2/shared-25.2.2.jar
7fddb4005000-7fddb4006000 r--s 00001000 08:01 4994022                    /home/jj/software/android-studio/gradle/m2repository/com/android/tools/jill/jill-api/0.10.0/jill-api-0.10.0.jar
7fddb4006000-7fddb4008000 r--s 00003000 08:01 1314893                    /home/jj/software/android-studio/gradle/m2repository/com/android/tools/jack/jack-api/0.11.0/jack-api-0.11.0.jar
7fddb4008000-7fddb400d000 r--s 0004a000 08:01 4994068                    /home/jj/software/android-studio/gradle/m2repository/com/android/tools/ddms/ddmlib/25.2.2/ddmlib-25.2.2.jar
7fddb400d000-7fddb4010000 r--s 00021000 08:01 4873346                    /home/jj/software/android-studio/gradle/m2repository/com/android/tools/build/manifest-merger/25.2.2/manifest-merger-25.2.2.jar
7fddb4010000-7fddb4012000 r--s 0001c000 08:01 1314916                    /home/jj/software/android-studio/gradle/m2repository/com/android/tools/common/25.2.2/common-25.2.2.jar
7fddb4012000-7fddb401b000 r--s 00083000 08:01 4994046                    /home/jj/software/android-studio/gradle/m2repository/com/android/tools/sdk-common/25.2.2/sdk-common-25.2.2.jar
7fddb401b000-7fddb4026000 r--s 0008e000 08:01 1314881                    /home/jj/software/android-studio/gradle/m2repository/com/android/tools/sdklib/25.2.2/sdklib-25.2.2.jar
7fddb4026000-7fddb4027000 r--s 00002000 08:01 4873310                    /home/jj/software/android-studio/gradle/m2repository/com/android/tools/build/builder-test-api/2.2.2/builder-test-api-2.2.2.jar
7fddb4027000-7fddb402a000 r--s 00005000 08:01 4993980                    /home/jj/software/android-studio/gradle/m2repository/com/android/tools/build/builder-model/2.2.2/builder-model-2.2.2.jar
7fddb402a000-7fddb4032000 r--s 0007b000 08:01 4746616                    /home/jj/software/android-studio/gradle/m2repository/com/google/protobuf/protobuf-java/2.5.0/protobuf-java-2.5.0.jar
7fddb4032000-7fddb4034000 r--s 0000f000 08:01 4464343                    /home/jj/software/android-studio/gradle/m2repository/net/sf/jopt-simple/jopt-simple/4.9/jopt-simple-4.9.jar
7fddb4034000-7fddb4038000 r--s 0001f000 08:01 4605329                    /home/jj/software/android-studio/gradle/m2repository/org/jacoco/org.jacoco.report/0.7.5.201505241946/org.jacoco.report-0.7.5.201505241946.jar
7fddb4038000-7fddb403c000 r--s 0001d000 08:01 4605314                    /home/jj/software/android-studio/gradle/m2repository/org/jacoco/org.jacoco.core/0.7.5.201505241946/org.jacoco.core-0.7.5.201505241946.jar
7fddb403c000-7fddb403d000 r--s 00002000 08:01 4873372                    /home/jj/software/android-studio/gradle/m2repository/net/sf/proguard/proguard-gradle/5.2.1/proguard-gradle-5.2.1.jar
7fddb403d000-7fddb403f000 r--s 00009000 08:01 4464290                    /home/jj/software/android-studio/gradle/m2repository/org/ow2/asm/asm-commons/5.0.4/asm-commons-5.0.4.jar
7fddb403f000-7fddb4041000 r--s 0000c000 08:01 4464313                    /home/jj/software/android-studio/gradle/m2repository/org/ow2/asm/asm/5.0.4/asm-5.0.4.jar
7fddb4041000-7fddb4045000 r--s 0002b000 08:01 4873235                    /home/jj/software/android-studio/gradle/m2repository/com/android/databinding/compilerCommon/2.2.2/compilerCommon-2.2.2.jar
7fddb4045000-7fddb4046000 r--s 00002000 08:01 4873328                    /home/jj/software/android-studio/gradle/m2repository/com/android/tools/build/gradle-api/2.2.2/gradle-api-2.2.2.jar
7fddb4046000-7fddb4047000 r--s 00000000 08:01 4993958                    /home/jj/software/android-studio/gradle/m2repository/com/android/tools/build/transform-api/2.0.0-deprecated-use-gradle-api/transform-api-2.0.0-deprecated-use-gradle-api.jar
7fddb4047000-7fddb404c000 r--s 00053000 08:01 1314840                    /home/jj/software/android-studio/gradle/m2repository/com/android/tools/lint/lint/25.2.2/lint-25.2.2.jar
7fddb404c000-7fddb4063000 r--s 0015d000 08:01 4873293                    /home/jj/software/android-studio/gradle/m2repository/com/android/tools/build/builder/2.2.2/builder-2.2.2.jar
7fddb4063000-7fddb407f000 r--s 0019d000 08:01 4993955                    /home/jj/software/android-studio/gradle/m2repository/com/android/tools/build/gradle-core/2.2.2/gradle-core-2.2.2.jar
7fddb407f000-7fddb4080000 r--s 00006000 08:01 1973765                    /home/jj/.gradle/caches/modules-2/files-2.1/com.google.gms/google-services/3.0.0/ee538ce9cf4148485e43017c5542202b8c78ff8e/google-services-3.0.0.jar
7fddb4080000-7fddb4082000 r--s 0000d000 08:01 4993996                    /home/jj/software/android-studio/gradle/m2repository/com/android/tools/build/gradle/2.2.2/gradle-2.2.2.jar
7fddb4082000-7fddb4282000 rw-p 00000000 00:00 0 
7fddb4282000-7fddb4285000 ---p 00000000 00:00 0 
7fddb4285000-7fddb4583000 rw-p 00000000 00:00 0 
7fddb4583000-7fddb4586000 ---p 00000000 00:00 0 
7fddb4586000-7fddb45bc000 rw-p 00000000 00:00 0 
7fddb45bc000-7fddb45bd000 r--p 00000000 00:00 0 
7fddb45bd000-7fddb47bd000 rw-p 00000000 00:00 0 
7fddb47bd000-7fddb49bd000 rw-p 00000000 00:00 0 
7fddb49bd000-7fddb4bbd000 rw-p 00000000 00:00 0 
7fddb4bbd000-7fddb4dbd000 rw-p 00000000 00:00 0 
7fddb4dbd000-7fddb4fbd000 rw-p 00000000 00:00 0 
7fddb4fbd000-7fddb5035000 r--s 010eb000 08:01 4331459                    /home/jj/software/android-studio/jre/lib/tools.jar
7fddb5035000-7fddb5038000 ---p 00000000 00:00 0 
7fddb5038000-7fddb5136000 rw-p 00000000 00:00 0 
7fddb5136000-7fddb5139000 ---p 00000000 00:00 0 
7fddb5139000-7fddb5237000 rw-p 00000000 00:00 0 
7fddb5237000-7fddb523a000 ---p 00000000 00:00 0 
7fddb523a000-7fddb5338000 rw-p 00000000 00:00 0 
7fddb5338000-7fddb533b000 ---p 00000000 00:00 0 
7fddb533b000-7fddb5439000 rw-p 00000000 00:00 0 
7fddb5439000-7fddb543c000 ---p 00000000 00:00 0 
7fddb543c000-7fddb553a000 rw-p 00000000 00:00 0 
7fddb553a000-7fddb553d000 ---p 00000000 00:00 0 
7fddb553d000-7fddb583b000 rw-p 00000000 00:00 0 
7fddb583b000-7fddb583e000 ---p 00000000 00:00 0 
7fddb583e000-7fddb593c000 rw-p 00000000 00:00 0 
7fddb593c000-7fddb5943000 r--s 00000000 08:01 3940028                    /usr/lib/x86_64-linux-gnu/gconv/gconv-modules.cache
7fddb5943000-7fddb5946000 ---p 00000000 00:00 0 
7fddb5946000-7fddb5a44000 rw-p 00000000 00:00 0 
7fddb5a44000-7fddb5a4d000 r-xp 00000000 08:01 4463939                    /home/jj/software/android-studio/jre/jre/lib/amd64/libmanagement.so
7fddb5a4d000-7fddb5c4c000 ---p 00009000 08:01 4463939                    /home/jj/software/android-studio/jre/jre/lib/amd64/libmanagement.so
7fddb5c4c000-7fddb5c4d000 r--p 00008000 08:01 4463939                    /home/jj/software/android-studio/jre/jre/lib/amd64/libmanagement.so
7fddb5c4d000-7fddb5c4e000 rw-p 00009000 08:01 4463939                    /home/jj/software/android-studio/jre/jre/lib/amd64/libmanagement.so
7fddb5c4e000-7fddb5c52000 r--s 00097000 08:01 4331536                    /home/jj/software/android-studio/jre/jre/lib/jsse.jar
7fddb5c52000-7fddb5c54000 r--s 00007000 08:01 4464076                    /home/jj/software/android-studio/gradle/gradle-2.14.1/lib/plugins/gradle-tooling-api-builders-2.14.1.jar
7fddb5c54000-7fddb5c57000 r--s 00008000 08:01 4464070                    /home/jj/software/android-studio/gradle/gradle-2.14.1/lib/plugins/gradle-testing-native-2.14.1.jar
7fddb5c57000-7fddb5c59000 r--s 00009000 08:01 4464151                    /home/jj/software/android-studio/gradle/gradle-2.14.1/lib/plugins/hamcrest-core-1.3.jar
7fddb5c59000-7fddb5c5f000 r--s 00033000 08:01 4464081                    /home/jj/software/android-studio/gradle/gradle-2.14.1/lib/plugins/snakeyaml-1.6.jar
7fddb5c5f000-7fddb5c61000 r--s 00006000 08:01 4464102                    /home/jj/software/android-studio/gradle/gradle-2.14.1/lib/plugins/jcommander-1.12.jar
7fddb5c61000-7fddb5c66000 r--s 00040000 08:01 4464079                    /home/jj/software/android-studio/gradle/gradle-2.14.1/lib/plugins/bsh-2.0b4.jar
7fddb5c66000-7fddb5c6f000 r--s 00089000 08:01 4464105                    /home/jj/software/android-studio/gradle/gradle-2.14.1/lib/plugins/testng-6.3.1.jar
7fddb5c6f000-7fddb5c77000 r--s 00045000 08:01 4464110                    /home/jj/software/android-studio/gradle/gradle-2.14.1/lib/plugins/junit-4.12.jar
7fddb5c77000-7fddb5c7d000 r--s 0002e000 08:01 4464086                    /home/jj/software/android-studio/gradle/gradle-2.14.1/lib/plugins/gradle-testing-jvm-2.14.1.jar
7fddb5c7d000-7fddb5c82000 r--s 00015000 08:01 4464095                    /home/jj/software/android-studio/gradle/gradle-2.14.1/lib/plugins/gradle-testing-base-2.14.1.jar
7fddb5c82000-7fddb5c83000 r--s 00002000 08:01 4464108                    /home/jj/software/android-studio/gradle/gradle-2.14.1/lib/plugins/sonar-batch-bootstrapper-2.9.jar
7fddb5c83000-7fddb5c86000 r--s 00015000 08:01 4464085                    /home/jj/software/android-studio/gradle/gradle-2.14.1/lib/plugins/gradle-sonar-2.14.1.jar
7fddb5c86000-7fddb5c8d000 r--s 00038000 08:01 4464126                    /home/jj/software/android-studio/gradle/gradle-2.14.1/lib/plugins/bcpg-jdk15on-1.51.jar
7fddb5c8d000-7fddb5c8f000 r--s 0000d000 08:01 4464132                    /home/jj/software/android-studio/gradle/gradle-2.14.1/lib/plugins/gradle-signing-2.14.1.jar
7fddb5c8f000-7fddb5c92000 r--s 00009000 08:01 4464115                    /home/jj/software/android-studio/gradle/gradle-2.14.1/lib/plugins/gradle-scala-2.14.1.jar
7fddb5c92000-7fddb5c93000 r--s 00004000 08:01 4464139                    /home/jj/software/android-studio/gradle/gradle-2.14.1/lib/plugins/gradle-resources-sftp-2.14.1.jar
7fddb5c93000-7fddb5ca3000 r--s 00088000 08:01 4464092                    /home/jj/software/android-studio/gradle/gradle-2.14.1/lib/plugins/joda-time-2.8.2.jar
7fddb5ca3000-7fddb5cb4000 r--s 000cf000 08:01 4464158                    /home/jj/software/android-studio/gradle/gradle-2.14.1/lib/plugins/jackson-databind-2.3.2.jar
7fddb5cb4000-7fddb5cb6000 r--s 00007000 08:01 4464121                    /home/jj/software/android-studio/gradle/gradle-2.14.1/lib/plugins/jackson-annotations-2.3.2.jar
7fddb5cb6000-7fddb5cb9000 r--s 0002e000 08:01 4464128                    /home/jj/software/android-studio/gradle/gradle-2.14.1/lib/plugins/jackson-core-2.3.2.jar
7fddb5cb9000-7fddb5cc4000 r--s 0006b000 08:01 4464175                    /home/jj/software/android-studio/gradle/gradle-2.14.1/lib/plugins/aws-java-sdk-core-1.9.19.jar
7fddb5cc4000-7fddb5cca000 r--s 00036000 08:01 4464120                    /home/jj/software/android-studio/gradle/gradle-2.14.1/lib/plugins/aws-java-sdk-kms-1.9.19.jar
7fddb5cca000-7fddb5cd5000 r--s 00079000 08:01 4464107                    /home/jj/software/android-studio/gradle/gradle-2.14.1/lib/plugins/aws-java-sdk-s3-1.9.19.jar
7fddb5cd5000-7fddb5cd6000 r--s 00003000 08:01 4464154                    /home/jj/software/android-studio/gradle/gradle-2.14.1/lib/plugins/gradle-resources-s3-2.14.1.jar
7fddb5cd6000-7fddb5cd8000 r--s 00005000 08:01 4464149                    /home/jj/software/android-studio/gradle/gradle-2.14.1/lib/plugins/jatl-0.2.2.jar
7fddb5cd8000-7fddb5cda000 r--s 0000f000 08:01 4464166                    /home/jj/software/android-studio/gradle/gradle-2.14.1/lib/plugins/gradle-reporting-2.14.1.jar
7fddb5cda000-7fddb5cdc000 r--s 00002000 08:01 4464125                    /home/jj/software/android-studio/gradle/gradle-2.14.1/lib/plugins/gradle-publish-2.14.1.jar
7fddb5cdc000-7fddb5cde000 r--s 00009000 08:01 4464098                    /home/jj/software/android-studio/gradle/gradle-2.14.1/lib/plugins/commons-cli-1.2.jar
7fddb5cde000-7fddb5ce4000 r--s 00033000 08:01 4464109                    /home/jj/software/android-studio/gradle/gradle-2.14.1/lib/plugins/gradle-plugins-2.14.1.jar
7fddb5ce4000-7fddb5ce6000 r--s 00007000 08:01 4464073                    /home/jj/software/android-studio/gradle/gradle-2.14.1/lib/plugins/gradle-plugin-development-2.14.1.jar
7fddb5ce6000-7fddb5cec000 r--s 0002a000 08:01 4464131                    /home/jj/software/android-studio/gradle/gradle-2.14.1/lib/plugins/gradle-platform-play-2.14.1.jar
7fddb5cec000-7fddb5cf9000 r--s 0004d000 08:01 4464130                    /home/jj/software/android-studio/gradle/gradle-2.14.1/lib/plugins/gradle-platform-native-2.14.1.jar
7fddb5cf9000-7fddb5cfd000 r--s 0001a000 08:01 4464152                    /home/jj/software/android-studio/gradle/gradle-2.14.1/lib/plugins/gradle-platform-jvm-2.14.1.jar
7fddb5cfd000-7fddb5d04000 r--s 00029000 08:01 4464101                    /home/jj/software/android-studio/gradle/gradle-2.14.1/lib/plugins/gradle-platform-base-2.14.1.jar
7fddb5d04000-7fddb5d25000 r--s 001c3000 08:01 4464077                    /home/jj/software/android-studio/gradle/gradle-2.14.1/lib/plugins/bndlib-2.4.0.jar
7fddb5d25000-7fddb5d27000 r--s 00003000 08:01 4464157                    /home/jj/software/android-studio/gradle/gradle-2.14.1/lib/plugins/gradle-osgi-2.14.1.jar
7fddb5d27000-7fddb5d2a000 r--s 0000c000 08:01 4464161                    /home/jj/software/android-studio/gradle/gradle-2.14.1/lib/plugins/pmaven-groovy-0.8-20100325.jar
7fddb5d2a000-7fddb5d2b000 r--s 00004000 08:01 4464147                    /home/jj/software/android-studio/gradle/gradle-2.14.1/lib/plugins/pmaven-common-0.8-20100325.jar
7fddb5d2b000-7fddb5d31000 r--s 00022000 08:01 4464100                    /home/jj/software/android-studio/gradle/gradle-2.14.1/lib/plugins/gradle-maven-2.14.1.jar
7fddb5d31000-7fddb5d33000 r--s 0000a000 08:01 4464082                    /home/jj/software/android-studio/gradle/gradle-2.14.1/lib/plugins/gradle-language-scala-2.14.1.jar
7fddb5d33000-7fddb5d39000 r--s 0001a000 08:01 4464087                    /home/jj/software/android-studio/gradle/gradle-2.14.1/lib/plugins/gradle-language-native-2.14.1.jar
7fddb5d39000-7fddb5d3b000 r--s 00008000 08:01 4464075                    /home/jj/software/android-studio/gradle/gradle-2.14.1/lib/plugins/gradle-language-jvm-2.14.1.jar
7fddb5d3b000-7fddb5d41000 r--s 00024000 08:01 4464148                    /home/jj/software/android-studio/gradle/gradle-2.14.1/lib/plugins/gradle-language-java-2.14.1.jar
7fddb5d41000-7fddb5d43000 r--s 0000a000 08:01 4464129                    /home/jj/software/android-studio/gradle/gradle-2.14.1/lib/plugins/gradle-language-groovy-2.14.1.jar
7fddb5d43000-7fddb5d46000 r--s 0001e000 08:01 4464069                    /home/jj/software/android-studio/gradle/gradle-2.14.1/lib/plugins/jsp-api-2.1-6.1.14.jar
7fddb5d46000-7fddb5d69000 r--s 00344000 08:01 4464122                    /home/jj/software/android-studio/gradle/gradle-2.14.1/lib/plugins/core-3.1.1.jar
7fddb5d69000-7fddb5d6a000 r--s 00006000 08:01 4464159                    /home/jj/software/android-studio/gradle/gradle-2.14.1/lib/plugins/jetty-naming-6.1.25.jar
7fddb5d6a000-7fddb5d6b000 r--s 00002000 08:01 4464117                    /home/jj/software/android-studio/gradle/gradle-2.14.1/lib/plugins/geronimo-annotation_1.0_spec-1.0.jar
7fddb5d6b000-7fddb5d6d000 r--s 00002000 08:01 4464155                    /home/jj/software/android-studio/gradle/gradle-2.14.1/lib/plugins/jetty-annotations-6.1.25.jar
7fddb5d6d000-7fddb5d7e000 r--s 000ea000 08:01 4464168                    /home/jj/software/android-studio/gradle/gradle-2.14.1/lib/plugins/jsp-2.1-6.1.14.jar
7fddb5d7e000-7fddb5d80000 r--s 0000d000 08:01 4464123                    /home/jj/software/android-studio/gradle/gradle-2.14.1/lib/plugins/jetty-plus-6.1.25.jar
7fddb5d80000-7fddb5d82000 r--s 0001f000 08:01 4464182                    /home/jj/software/android-studio/gradle/gradle-2.14.1/lib/plugins/servlet-api-2.5-20081211.jar
7fddb5d82000-7fddb5d86000 r--s 00028000 08:01 4464103                    /home/jj/software/android-studio/gradle/gradle-2.14.1/lib/plugins/jetty-util-6.1.25.jar
7fddb5d86000-7fddb5d8d000 r--s 0007d000 08:01 4464111                    /home/jj/software/android-studio/gradle/gradle-2.14.1/lib/plugins/jetty-6.1.25.jar
7fddb5d8d000-7fddb5d8f000 r--s 00009000 08:01 4464164                    /home/jj/software/android-studio/gradle/gradle-2.14.1/lib/plugins/gradle-jetty-2.14.1.jar
7fddb5d8f000-7fddb5d96000 r--s 00035000 08:01 4464178                    /home/jj/software/android-studio/gradle/gradle-2.14.1/lib/plugins/simple-4.1.21.jar
7fddb5d96000-7fddb5da2000 r--s 00100000 08:01 4464093                    /home/jj/software/android-studio/gradle/gradle-2.14.1/lib/plugins/rhino-1.7R3.jar
7fddb5da2000-7fddb5da6000 r--s 00011000 08:01 4464146                    /home/jj/software/android-studio/gradle/gradle-2.14.1/lib/plugins/gradle-javascript-2.14.1.jar
7fddb5da6000-7fddb5da8000 r--s 0000c000 08:01 4464180                    /home/jj/software/android-studio/gradle/gradle-2.14.1/lib/plugins/gradle-jacoco-2.14.1.jar
7fddb5da8000-7fddb5dab000 r--s 0000e000 08:01 4464177                    /home/jj/software/android-studio/gradle/gradle-2.14.1/lib/plugins/gradle-ivy-2.14.1.jar
7fddb5dab000-7fddb5dac000 r--s 00002000 08:01 4464169                    /home/jj/software/android-studio/gradle/gradle-2.14.1/lib/plugins/gradle-ide-play-2.14.1.jar
7fddb5dac000-7fddb5db1000 r--s 0002b000 08:01 4464165                    /home/jj/software/android-studio/gradle/gradle-2.14.1/lib/plugins/gradle-ide-native-2.14.1.jar
7fddb5db1000-7fddb5dbc000 r--s 00066000 08:01 4464083                    /home/jj/software/android-studio/gradle/gradle-2.14.1/lib/plugins/gradle-ide-2.14.1.jar
7fddb5dbc000-7fddb5dbd000 r--s 00008000 08:01 4464080                    /home/jj/software/android-studio/gradle/gradle-2.14.1/lib/plugins/gradle-ear-2.14.1.jar
7fddb5dbd000-7fddb5dc3000 r--s 00032000 08:01 4464091                    /home/jj/software/android-studio/gradle/gradle-2.14.1/lib/plugins/gradle-diagnostics-2.14.1.jar
7fddb5dc3000-7fddb5dc7000 r--s 00021000 08:01 4464167                    /home/jj/software/android-studio/gradle/gradle-2.14.1/lib/plugins/gradle-code-quality-2.14.1.jar
7fddb5dc7000-7fddb5dcb000 r--s 0001f000 08:01 4464090                    /home/jj/software/android-studio/gradle/gradle-2.14.1/lib/plugins/gradle-build-init-2.14.1.jar
7fddb5dcb000-7fddb5dd2000 r--s 0008e000 08:01 4464174                    /home/jj/software/android-studio/gradle/gradle-2.14.1/lib/plugins/gradle-build-comparison-2.14.1.jar
7fddb5dd2000-7fddb5dd4000 r--s 00008000 08:01 4464150                    /home/jj/software/android-studio/gradle/gradle-2.14.1/lib/plugins/gradle-antlr-2.14.1.jar
7fddb5dd4000-7fddb5dd6000 r--s 00004000 08:01 4464176                    /home/jj/software/android-studio/gradle/gradle-2.14.1/lib/plugins/gradle-announce-2.14.1.jar
7fddb5dd6000-7fddb5dee000 r--s 00115000 08:01 4464114                    /home/jj/software/android-studio/gradle/gradle-2.14.1/lib/plugins/xercesImpl-2.9.1.jar
7fddb5dee000-7fddb5df6000 r--s 00028000 08:01 4464142                    /home/jj/software/android-studio/gradle/gradle-2.14.1/lib/plugins/xml-apis-1.3.04.jar
7fddb5df6000-7fddb5dfc000 r--s 0005b000 08:01 4464133                    /home/jj/software/android-studio/gradle/gradle-2.14.1/lib/plugins/jcifs-1.3.17.jar
7fddb5dfc000-7fddb5e03000 r--s 00049000 08:01 4464144                    /home/jj/software/android-studio/gradle/gradle-2.14.1/lib/plugins/httpcore-4.4.4.jar
7fddb5e03000-7fddb5e09000 r--s 00033000 08:01 4464089                    /home/jj/software/android-studio/gradle/gradle-2.14.1/lib/plugins/commons-codec-1.6.jar
7fddb5e09000-7fddb5e0c000 r--s 0001c000 08:01 4464084                    /home/jj/software/android-studio/gradle/gradle-2.14.1/lib/plugins/nekohtml-1.9.14.jar
7fddb5e0c000-7fddb5e19000 r--s 000a4000 08:01 4464162                    /home/jj/software/android-studio/gradle/gradle-2.14.1/lib/plugins/httpclient-4.4.1.jar
7fddb5e19000-7fddb5e1b000 r--s 0000a000 08:01 4464071                    /home/jj/software/android-studio/gradle/gradle-2.14.1/lib/plugins/gradle-resources-http-2.14.1.jar
7fddb5e1b000-7fddb5e1f000 r--s 00014000 08:01 4464136                    /home/jj/software/android-studio/gradle/gradle-2.14.1/lib/plugins/gradle-plugin-use-2.14.1.jar
7fddb5e1f000-7fddb5e20000 r--s 00000000 08:01 4464027                    /home/jj/software/android-studio/gradle/gradle-2.14.1/lib/gradle-installation-beacon-2.14.1.jar
7fddb5e20000-7fddb5e21000 r--s 00007000 08:01 4464099                    /home/jj/software/android-studio/gradle/gradle-2.14.1/lib/plugins/wagon-http-shared4-2.4.jar
7fddb5e21000-7fddb5e25000 r--s 00033000 08:01 4464153                    /home/jj/software/android-studio/gradle/gradle-2.14.1/lib/plugins/plexus-utils-2.0.6.jar
7fddb5e25000-7fddb5e29000 r--s 00021000 08:01 4464135                    /home/jj/software/android-studio/gradle/gradle-2.14.1/lib/plugins/maven-model-builder-3.0.4.jar
7fddb5e29000-7fddb5e2a000 r--s 00002000 08:01 4464088                    /home/jj/software/android-studio/gradle/gradle-2.14.1/lib/plugins/wagon-file-2.4.jar
7fddb5e2a000-7fddb5e2c000 r--s 00002000 08:01 4464145                    /home/jj/software/android-studio/gradle/gradle-2.14.1/lib/plugins/plexus-cipher-1.7.jar
7fddb5e2c000-7fddb5e2f000 r--s 00013000 08:01 4464181                    /home/jj/software/android-studio/gradle/gradle-2.14.1/lib/plugins/aether-api-1.13.1.jar
7fddb5e2f000-7fddb5e31000 r--s 0000a000 08:01 4464104                    /home/jj/software/android-studio/gradle/gradle-2.14.1/lib/plugins/maven-settings-3.0.4.jar
7fddb5e31000-7fddb5e33000 r--s 0000d000 08:01 4464137                    /home/jj/software/android-studio/gradle/gradle-2.14.1/lib/plugins/plexus-interpolation-1.14.jar
7fddb5e33000-7fddb5e35000 r--s 0000b000 08:01 4464160                    /home/jj/software/android-studio/gradle/gradle-2.14.1/lib/plugins/maven-artifact-3.0.4.jar
7fddb5e35000-7fddb5e3c000 r--s 0002e000 08:01 4464096                    /home/jj/software/android-studio/gradle/gradle-2.14.1/lib/plugins/plexus-container-default-1.5.5.jar
7fddb5e3c000-7fddb5e3e000 r--s 0000b000 08:01 4464124                    /home/jj/software/android-studio/gradle/gradle-2.14.1/lib/plugins/maven-plugin-api-3.0.4.jar
7fddb5e3e000-7fddb5e40000 r--s 00000000 08:01 4464127                    /home/jj/software/android-studio/gradle/gradle-2.14.1/lib/plugins/plexus-component-annotations-1.5.5.jar
7fddb5e40000-7fddb5e46000 r--s 0003f000 08:01 4464138                    /home/jj/software/android-studio/gradle/gradle-2.14.1/lib/plugins/maven-compat-3.0.4.jar
7fddb5e46000-7fddb5e49000 r--s 00008000 08:01 4464112                    /home/jj/software/android-studio/gradle/gradle-2.14.1/lib/plugins/maven-settings-builder-3.0.4.jar
7fddb5e49000-7fddb5e4a000 r--s 00002000 08:01 4464068                    /home/jj/software/android-studio/gradle/gradle-2.14.1/lib/plugins/wagon-http-2.4.jar
7fddb5e4a000-7fddb5e4c000 r--s 00026000 08:01 4464179                    /home/jj/software/android-studio/gradle/gradle-2.14.1/lib/plugins/maven-model-3.0.4.jar
7fddb5e4c000-7fddb5e4e000 r--s 00006000 08:01 4464156                    /home/jj/software/android-studio/gradle/gradle-2.14.1/lib/plugins/aether-connector-wagon-1.13.1.jar
7fddb5e4e000-7fddb5e50000 r--s 0000a000 08:01 4464097                    /home/jj/software/android-studio/gradle/gradle-2.14.1/lib/plugins/plexus-classworlds-2.4.jar
7fddb5e50000-7fddb5e52000 r--s 00006000 08:01 4464140                    /home/jj/software/android-studio/gradle/gradle-2.14.1/lib/plugins/maven-repository-metadata-3.0.4.jar
7fddb5e52000-7fddb5e54000 r--s 0000c000 08:01 4464116                    /home/jj/software/android-studio/gradle/gradle-2.14.1/lib/plugins/maven-aether-provider-3.0.4.jar
7fddb5e54000-7fddb5e56000 r--s 0000b000 08:01 4464106                    /home/jj/software/android-studio/gradle/gradle-2.14.1/lib/plugins/wagon-provider-api-2.4.jar
7fddb5e56000-7fddb5e57000 r--s 00003000 08:01 4464072                    /home/jj/software/android-studio/gradle/gradle-2.14.1/lib/plugins/aether-spi-1.13.1.jar
7fddb5e57000-7fddb5e5b000 r--s 0001c000 08:01 4464170                    /home/jj/software/android-studio/gradle/gradle-2.14.1/lib/plugins/aether-util-1.13.1.jar
7fddb5e5b000-7fddb5e5e000 r--s 0001d000 08:01 4464134                    /home/jj/software/android-studio/gradle/gradle-2.14.1/lib/plugins/aether-impl-1.13.1.jar
7fddb5e5e000-7fddb5e63000 r--s 00040000 08:01 4464074                    /home/jj/software/android-studio/gradle/gradle-2.14.1/lib/plugins/jsch-0.1.53.jar
7fddb5e63000-7fddb5ea3000 r--s 00277000 08:01 4464078                    /home/jj/software/android-studio/gradle/gradle-2.14.1/lib/plugins/bcprov-jdk15on-1.51.jar
7fddb5ea3000-7fddb5eaf000 r--s 0007d000 08:01 4464143                    /home/jj/software/android-studio/gradle/gradle-2.14.1/lib/plugins/maven-core-3.0.4.jar
7fddb5eaf000-7fddb5ecb000 r--s 000d3000 08:01 4464118                    /home/jj/software/android-studio/gradle/gradle-2.14.1/lib/plugins/gradle-dependency-management-2.14.1.jar
7fddb5ecb000-7fddb5ee1000 r-xp 00000000 08:01 3150533                    /lib/x86_64-linux-gnu/libgcc_s.so.1
7fddb5ee1000-7fddb60e0000 ---p 00016000 08:01 3150533                    /lib/x86_64-linux-gnu/libgcc_s.so.1
7fddb60e0000-7fddb60e1000 rw-p 00015000 08:01 3150533                    /lib/x86_64-linux-gnu/libgcc_s.so.1
7fddb60e1000-7fddb6253000 r-xp 00000000 08:01 3801269                    /usr/lib/x86_64-linux-gnu/libstdc++.so.6.0.21
7fddb6253000-7fddb6453000 ---p 00172000 08:01 3801269                    /usr/lib/x86_64-linux-gnu/libstdc++.so.6.0.21
7fddb6453000-7fddb645d000 r--p 00172000 08:01 3801269                    /usr/lib/x86_64-linux-gnu/libstdc++.so.6.0.21
7fddb645d000-7fddb645f000 rw-p 0017c000 08:01 3801269                    /usr/lib/x86_64-linux-gnu/libstdc++.so.6.0.21
7fddb645f000-7fddb6463000 rw-p 00000000 00:00 0 
7fddb6463000-7fddb6464000 r--s 00006000 08:01 4464141                    /home/jj/software/android-studio/gradle/gradle-2.14.1/lib/plugins/plexus-sec-dispatcher-1.3.jar
7fddb6464000-7fddb6468000 r--s 0001d000 08:01 4464119                    /home/jj/software/android-studio/gradle/gradle-2.14.1/lib/plugins/xbean-reflect-3.4.jar
7fddb6468000-7fddb646d000 r--s 0002a000 08:01 4464113                    /home/jj/software/android-studio/gradle/gradle-2.14.1/lib/plugins/gson-2.2.4.jar
7fddb646d000-7fddb647c000 r--s 000d9000 08:01 4464094                    /home/jj/software/android-studio/gradle/gradle-2.14.1/lib/plugins/ivy-2.2.0.jar
7fddb647c000-7fddb6480000 r-xp 00000000 08:01 3420078                    /home/jj/.gradle/native/19/linux-amd64/libnative-platform.so
7fddb6480000-7fddb667f000 ---p 00004000 08:01 3420078                    /home/jj/.gradle/native/19/linux-amd64/libnative-platform.so
7fddb667f000-7fddb6680000 rw-p 00003000 08:01 3420078                    /home/jj/.gradle/native/19/linux-amd64/libnative-platform.so
7fddb6680000-7fddb6691000 r-xp 00000000 08:01 4463927                    /home/jj/software/android-studio/jre/jre/lib/amd64/libnio.so
7fddb6691000-7fddb6890000 ---p 00011000 08:01 4463927                    /home/jj/software/android-studio/jre/jre/lib/amd64/libnio.so
7fddb6890000-7fddb6891000 r--p 00010000 08:01 4463927                    /home/jj/software/android-studio/jre/jre/lib/amd64/libnio.so
7fddb6891000-7fddb6892000 rw-p 00011000 08:01 4463927                    /home/jj/software/android-studio/jre/jre/lib/amd64/libnio.so
7fddb6892000-7fddb6b93000 rw-p 00000000 00:00 0 
7fddb6b93000-7fddb6baa000 r-xp 00000000 08:01 4463925                    /home/jj/software/android-studio/jre/jre/lib/amd64/libnet.so
7fddb6baa000-7fddb6da9000 ---p 00017000 08:01 4463925                    /home/jj/software/android-studio/jre/jre/lib/amd64/libnet.so
7fddb6da9000-7fddb6daa000 r--p 00016000 08:01 4463925                    /home/jj/software/android-studio/jre/jre/lib/amd64/libnet.so
7fddb6daa000-7fddb6dab000 rw-p 00017000 08:01 4463925                    /home/jj/software/android-studio/jre/jre/lib/amd64/libnet.so
7fddb6dab000-7fddb6dad000 r--s 00005000 08:01 4464037                    /home/jj/software/android-studio/gradle/gradle-2.14.1/lib/gradle-wrapper-2.14.1.jar
7fddb6dad000-7fddb6dbb000 r--s 0004f000 08:01 4464022                    /home/jj/software/android-studio/gradle/gradle-2.14.1/lib/gradle-tooling-api-2.14.1.jar
7fddb6dbb000-7fddb6dbd000 r--s 00002000 08:01 4464026                    /home/jj/software/android-studio/gradle/gradle-2.14.1/lib/gradle-open-api-2.14.1.jar
7fddb6dbd000-7fddb6dc3000 r--s 00032000 08:01 4464060                    /home/jj/software/android-studio/gradle/gradle-2.14.1/lib/jaxen-1.1.jar
7fddb6dc3000-7fddb6dc8000 r--s 00048000 08:01 4464025                    /home/jj/software/android-studio/gradle/gradle-2.14.1/lib/dom4j-1.6.1.jar
7fddb6dc8000-7fddb6dd3000 r--s 00059000 08:01 4464054                    /home/jj/software/android-studio/gradle/gradle-2.14.1/lib/gradle-ui-2.14.1.jar
7fddb6dd3000-7fddb6dd6000 r--s 0000b000 08:01 4464183                    /home/jj/software/android-studio/gradle/gradle-2.14.1/lib/gradle-resources-2.14.1.jar
7fddb6dd6000-7fddb6dd8000 r--s 00003000 08:01 4464063                    /home/jj/software/android-studio/gradle/gradle-2.14.1/lib/jcl-over-slf4j-1.7.10.jar
7fddb6dd8000-7fddb6dd9000 r--s 00005000 08:01 4464057                    /home/jj/software/android-studio/gradle/gradle-2.14.1/lib/log4j-over-slf4j-1.7.10.jar
7fddb6dd9000-7fddb6ddb000 r--s 00000000 08:01 4464184                    /home/jj/software/android-studio/gradle/gradle-2.14.1/lib/jul-to-slf4j-1.7.10.jar
7fddb6ddb000-7fddb6de0000 r--s 0001c000 08:01 4464035                    /home/jj/software/android-studio/gradle/gradle-2.14.1/lib/gradle-logging-2.14.1.jar
7fddb6de0000-7fddb6de2000 r--s 00007000 08:01 4464066                    /home/jj/software/android-studio/gradle/gradle-2.14.1/lib/objenesis-1.2.jar
7fddb6de2000-7fddb6de4000 r--s 00000000 08:01 4464030                    /home/jj/software/android-studio/gradle/gradle-2.14.1/lib/minlog-1.2.jar
7fddb6de4000-7fddb6de6000 r--s 0000f000 08:01 4464041                    /home/jj/software/android-studio/gradle/gradle-2.14.1/lib/reflectasm-1.07-shaded.jar
7fddb6de6000-7fddb6dea000 r--s 00026000 08:01 4464055                    /home/jj/software/android-studio/gradle/gradle-2.14.1/lib/kryo-2.20.jar
7fddb6dea000-7fddb6df0000 r--s 00025000 08:01 4464024                    /home/jj/software/android-studio/gradle/gradle-2.14.1/lib/gradle-messaging-2.14.1.jar
7fddb6df0000-7fddb6df1000 r--s 00003000 08:01 4464062                    /home/jj/software/android-studio/gradle/gradle-2.14.1/lib/native-platform-freebsd-amd64-0.10.jar
7fddb6df1000-7fddb6df2000 r--s 00003000 08:01 4464044                    /home/jj/software/android-studio/gradle/gradle-2.14.1/lib/native-platform-freebsd-i386-0.10.jar
7fddb6df2000-7fddb6df3000 r--s 00005000 08:01 4464032                    /home/jj/software/android-studio/gradle/gradle-2.14.1/lib/native-platform-windows-i386-0.10.jar
7fddb6df3000-7fddb6df4000 r--s 00005000 08:01 4464031                    /home/jj/software/android-studio/gradle/gradle-2.14.1/lib/native-platform-windows-amd64-0.10.jar
7fddb6df4000-7fddb6e63000 r--s 0063e000 08:01 4464187                    /home/jj/software/android-studio/gradle/gradle-2.14.1/lib/groovy-all-2.4.4.jar
7fddb6e63000-7fddb6e64000 ---p 00000000 00:00 0 
7fddb6e64000-7fddb6f64000 rw-p 00000000 00:00 0 
7fddb6f64000-7fddb6f67000 ---p 00000000 00:00 0 
7fddb6f67000-7fddb7065000 rw-p 00000000 00:00 0 
7fddb7065000-7fddb7068000 ---p 00000000 00:00 0 
7fddb7068000-7fddb7166000 rw-p 00000000 00:00 0 
7fddb7166000-7fddb7169000 ---p 00000000 00:00 0 
7fddb7169000-7fddb7267000 rw-p 00000000 00:00 0 
7fddb7267000-7fddb726a000 ---p 00000000 00:00 0 
7fddb726a000-7fddb7368000 rw-p 00000000 00:00 0 
7fddb7368000-7fddb7640000 r--p 00000000 08:01 3802415                    /usr/lib/locale/locale-archive
7fddb7640000-7fddb7643000 ---p 00000000 00:00 0 
7fddb7643000-7fddb7741000 rw-p 00000000 00:00 0 
7fddb7741000-7fddb7744000 ---p 00000000 00:00 0 
7fddb7744000-7fddb7842000 rw-p 00000000 00:00 0 
7fddb7842000-7fddb7843000 ---p 00000000 00:00 0 
7fddb7843000-7fddb7943000 rw-p 00000000 00:00 0 
7fddb7943000-7fddb7b10000 r--s 03bec000 08:01 4331531                    /home/jj/software/android-studio/jre/jre/lib/rt.jar
7fddb7b10000-7fddb83b9000 rw-p 00000000 00:00 0 
7fddb83b9000-7fddb8511000 ---p 00000000 00:00 0 
7fddb8511000-7fddb8566000 rw-p 00000000 00:00 0 
7fddb8566000-7fddb8611000 ---p 00000000 00:00 0 
7fddb8611000-7fddb86b9000 rw-p 00000000 00:00 0 
7fddb86b9000-7fddb8811000 ---p 00000000 00:00 0 
7fddb8811000-7fddb88b9000 rw-p 00000000 00:00 0 
7fddb88b9000-7fddb8bd2000 ---p 00000000 00:00 0 
7fddb8bd2000-7fddbb582000 rwxp 00000000 00:00 0 
7fddbb582000-7fddc7bd2000 ---p 00000000 00:00 0 
7fddc7bd2000-7fddc7bec000 r-xp 00000000 08:01 4463922                    /home/jj/software/android-studio/jre/jre/lib/amd64/libzip.so
7fddc7bec000-7fddc7dec000 ---p 0001a000 08:01 4463922                    /home/jj/software/android-studio/jre/jre/lib/amd64/libzip.so
7fddc7dec000-7fddc7ded000 r--p 0001a000 08:01 4463922                    /home/jj/software/android-studio/jre/jre/lib/amd64/libzip.so
7fddc7ded000-7fddc7dee000 rw-p 0001b000 08:01 4463922                    /home/jj/software/android-studio/jre/jre/lib/amd64/libzip.so
7fddc7dee000-7fddc7df9000 r-xp 00000000 08:01 3145817                    /lib/x86_64-linux-gnu/libnss_files-2.23.so
7fddc7df9000-7fddc7ff8000 ---p 0000b000 08:01 3145817                    /lib/x86_64-linux-gnu/libnss_files-2.23.so
7fddc7ff8000-7fddc7ff9000 r--p 0000a000 08:01 3145817                    /lib/x86_64-linux-gnu/libnss_files-2.23.so
7fddc7ff9000-7fddc7ffa000 rw-p 0000b000 08:01 3145817                    /lib/x86_64-linux-gnu/libnss_files-2.23.so
7fddc7ffa000-7fddc8000000 rw-p 00000000 00:00 0 
7fddc8000000-7fddc8b61000 rw-p 00000000 00:00 0 
7fddc8b61000-7fddcc000000 ---p 00000000 00:00 0 
7fddcc000000-7fddcc001000 r--s 00003000 08:01 4464045                    /home/jj/software/android-studio/gradle/gradle-2.14.1/lib/native-platform-linux-i386-0.10.jar
7fddcc001000-7fddcc002000 r--s 00003000 08:01 4464029                    /home/jj/software/android-studio/gradle/gradle-2.14.1/lib/native-platform-linux-amd64-0.10.jar
7fddcc002000-7fddcc003000 r--s 00002000 08:01 4464028                    /home/jj/software/android-studio/gradle/gradle-2.14.1/lib/native-platform-osx-amd64-0.10.jar
7fddcc003000-7fddcc004000 r--s 00002000 08:01 4464058                    /home/jj/software/android-studio/gradle/gradle-2.14.1/lib/native-platform-osx-i386-0.10.jar
7fddcc004000-7fddcc006000 r--s 00008000 08:01 4464059                    /home/jj/software/android-studio/gradle/gradle-2.14.1/lib/jansi-1.2.1.jar
7fddcc006000-7fddcc009000 r--s 0000d000 08:01 4464053                    /home/jj/software/android-studio/gradle/gradle-2.14.1/lib/native-platform-0.10.jar
7fddcc009000-7fddcc00d000 r--s 000e4000 08:01 4464052                    /home/jj/software/android-studio/gradle/gradle-2.14.1/lib/jna-3.2.7.jar
7fddcc00d000-7fddcc00f000 r--s 00009000 08:01 4464064                    /home/jj/software/android-studio/gradle/gradle-2.14.1/lib/gradle-native-2.14.1.jar
7fddcc00f000-7fddcc011000 r--s 00005000 08:01 4464065                    /home/jj/software/android-studio/gradle/gradle-2.14.1/lib/gradle-cli-2.14.1.jar
7fddcc011000-7fddcc013000 r--s 00007000 08:01 4464034                    /home/jj/software/android-studio/gradle/gradle-2.14.1/lib/gradle-model-groovy-2.14.1.jar
7fddcc013000-7fddcc014000 r--s 00006000 08:01 4464049                    /home/jj/software/android-studio/gradle/gradle-2.14.1/lib/gradle-base-services-groovy-2.14.1.jar
7fddcc014000-7fddcc023000 r--s 00080000 08:01 4464050                    /home/jj/software/android-studio/gradle/gradle-2.14.1/lib/gradle-model-core-2.14.1.jar
7fddcc023000-7fddcc024000 r--s 00002000 08:01 4464042                    /home/jj/software/android-studio/gradle/gradle-2.14.1/lib/gradle-docs-2.14.1.jar
7fddcc024000-7fddcc028000 r--s 00027000 08:01 4464056                    /home/jj/software/android-studio/gradle/gradle-2.14.1/lib/commons-io-2.2.jar
7fddcc028000-7fddcc035000 r--s 00083000 08:01 4464185                    /home/jj/software/android-studio/gradle/gradle-2.14.1/lib/commons-collections-3.2.2.jar
7fddcc035000-7fddcc03a000 r--s 00038000 08:01 4464046                    /home/jj/software/android-studio/gradle/gradle-2.14.1/lib/asm-all-5.1.jar
7fddcc03a000-7fddcc062000 r--s 001cf000 08:01 4464038                    /home/jj/software/android-studio/gradle/gradle-2.14.1/lib/guava-jdk5-17.0.jar
7fddcc062000-7fddcc081000 r--s 001d1000 08:01 4464036                    /home/jj/software/android-studio/gradle/gradle-2.14.1/lib/ant-1.9.6.jar
7fddcc081000-7fddcc0b8000 r--s 001bd000 08:01 4464039                    /home/jj/software/android-studio/gradle/gradle-2.14.1/lib/gradle-core-2.14.1.jar
7fddcc0b8000-7fddcc12e000 rw-p 00000000 00:00 0 
7fddcc12e000-7fddcc139000 r-xp 00000000 08:01 3145814                    /lib/x86_64-linux-gnu/libnss_nis-2.23.so
7fddcc139000-7fddcc338000 ---p 0000b000 08:01 3145814                    /lib/x86_64-linux-gnu/libnss_nis-2.23.so
7fddcc338000-7fddcc339000 r--p 0000a000 08:01 3145814                    /lib/x86_64-linux-gnu/libnss_nis-2.23.so
7fddcc339000-7fddcc33a000 rw-p 0000b000 08:01 3145814                    /lib/x86_64-linux-gnu/libnss_nis-2.23.so
7fddcc33a000-7fddcc350000 r-xp 00000000 08:01 3145753                    /lib/x86_64-linux-gnu/libnsl-2.23.so
7fddcc350000-7fddcc54f000 ---p 00016000 08:01 3145753                    /lib/x86_64-linux-gnu/libnsl-2.23.so
7fddcc54f000-7fddcc550000 r--p 00015000 08:01 3145753                    /lib/x86_64-linux-gnu/libnsl-2.23.so
7fddcc550000-7fddcc551000 rw-p 00016000 08:01 3145753                    /lib/x86_64-linux-gnu/libnsl-2.23.so
7fddcc551000-7fddcc553000 rw-p 00000000 00:00 0 
7fddcc553000-7fddcc55b000 r-xp 00000000 08:01 3145742                    /lib/x86_64-linux-gnu/libnss_compat-2.23.so
7fddcc55b000-7fddcc75a000 ---p 00008000 08:01 3145742                    /lib/x86_64-linux-gnu/libnss_compat-2.23.so
7fddcc75a000-7fddcc75b000 r--p 00007000 08:01 3145742                    /lib/x86_64-linux-gnu/libnss_compat-2.23.so
7fddcc75b000-7fddcc75c000 rw-p 00008000 08:01 3145742                    /lib/x86_64-linux-gnu/libnss_compat-2.23.so
7fddcc75c000-7fddcc789000 r-xp 00000000 08:01 4463932                    /home/jj/software/android-studio/jre/jre/lib/amd64/libjava.so
7fddcc789000-7fddcc988000 ---p 0002d000 08:01 4463932                    /home/jj/software/android-studio/jre/jre/lib/amd64/libjava.so
7fddcc988000-7fddcc989000 r--p 0002c000 08:01 4463932                    /home/jj/software/android-studio/jre/jre/lib/amd64/libjava.so
7fddcc989000-7fddcc98b000 rw-p 0002d000 08:01 4463932                    /home/jj/software/android-studio/jre/jre/lib/amd64/libjava.so
7fddcc98b000-7fddcc99b000 r-xp 00000000 08:01 4463948                    /home/jj/software/android-studio/jre/jre/lib/amd64/libverify.so
7fddcc99b000-7fddccb9a000 ---p 00010000 08:01 4463948                    /home/jj/software/android-studio/jre/jre/lib/amd64/libverify.so
7fddccb9a000-7fddccb9c000 r--p 0000f000 08:01 4463948                    /home/jj/software/android-studio/jre/jre/lib/amd64/libverify.so
7fddccb9c000-7fddccb9d000 rw-p 00011000 08:01 4463948                    /home/jj/software/android-studio/jre/jre/lib/amd64/libverify.so
7fddccb9d000-7fddccba4000 r-xp 00000000 08:01 3145826                    /lib/x86_64-linux-gnu/librt-2.23.so
7fddccba4000-7fddccda3000 ---p 00007000 08:01 3145826                    /lib/x86_64-linux-gnu/librt-2.23.so
7fddccda3000-7fddccda4000 r--p 00006000 08:01 3145826                    /lib/x86_64-linux-gnu/librt-2.23.so
7fddccda4000-7fddccda5000 rw-p 00007000 08:01 3145826                    /lib/x86_64-linux-gnu/librt-2.23.so
7fddccda5000-7fddccead000 r-xp 00000000 08:01 3145823                    /lib/x86_64-linux-gnu/libm-2.23.so
7fddccead000-7fddcd0ac000 ---p 00108000 08:01 3145823                    /lib/x86_64-linux-gnu/libm-2.23.so
7fddcd0ac000-7fddcd0ad000 r--p 00107000 08:01 3145823                    /lib/x86_64-linux-gnu/libm-2.23.so
7fddcd0ad000-7fddcd0ae000 rw-p 00108000 08:01 3145823                    /lib/x86_64-linux-gnu/libm-2.23.so
7fddcd0ae000-7fddcdc94000 r-xp 00000000 08:01 4463952                    /home/jj/software/android-studio/jre/jre/lib/amd64/server/libjvm.so
7fddcdc94000-7fddcde94000 ---p 00be6000 08:01 4463952                    /home/jj/software/android-studio/jre/jre/lib/amd64/server/libjvm.so
7fddcde94000-7fddcdf33000 r--p 00be6000 08:01 4463952                    /home/jj/software/android-studio/jre/jre/lib/amd64/server/libjvm.so
7fddcdf33000-7fddcdf5c000 rw-p 00c85000 08:01 4463952                    /home/jj/software/android-studio/jre/jre/lib/amd64/server/libjvm.so
7fddcdf5c000-7fddcdf9e000 rw-p 00000000 00:00 0 
7fddcdf9e000-7fddcdfb6000 r-xp 00000000 08:01 3150512                    /lib/x86_64-linux-gnu/libpthread-2.23.so
7fddcdfb6000-7fddce1b5000 ---p 00018000 08:01 3150512                    /lib/x86_64-linux-gnu/libpthread-2.23.so
7fddce1b5000-7fddce1b6000 r--p 00017000 08:01 3150512                    /lib/x86_64-linux-gnu/libpthread-2.23.so
7fddce1b6000-7fddce1b7000 rw-p 00018000 08:01 3150512                    /lib/x86_64-linux-gnu/libpthread-2.23.so
7fddce1b7000-7fddce1bb000 rw-p 00000000 00:00 0 
7fddce1bb000-7fddce1be000 r-xp 00000000 08:01 3150514                    /lib/x86_64-linux-gnu/libdl-2.23.so
7fddce1be000-7fddce3bd000 ---p 00003000 08:01 3150514                    /lib/x86_64-linux-gnu/libdl-2.23.so
7fddce3bd000-7fddce3be000 r--p 00002000 08:01 3150514                    /lib/x86_64-linux-gnu/libdl-2.23.so
7fddce3be000-7fddce3bf000 rw-p 00003000 08:01 3150514                    /lib/x86_64-linux-gnu/libdl-2.23.so
7fddce3bf000-7fddce57e000 r-xp 00000000 08:01 3150513                    /lib/x86_64-linux-gnu/libc-2.23.so
7fddce57e000-7fddce77e000 ---p 001bf000 08:01 3150513                    /lib/x86_64-linux-gnu/libc-2.23.so
7fddce77e000-7fddce782000 r--p 001bf000 08:01 3150513                    /lib/x86_64-linux-gnu/libc-2.23.so
7fddce782000-7fddce784000 rw-p 001c3000 08:01 3150513                    /lib/x86_64-linux-gnu/libc-2.23.so
7fddce784000-7fddce788000 rw-p 00000000 00:00 0 
7fddce788000-7fddce79e000 r-xp 00000000 08:01 4331468                    /home/jj/software/android-studio/jre/lib/amd64/jli/libjli.so
7fddce79e000-7fddce99d000 ---p 00016000 08:01 4331468                    /home/jj/software/android-studio/jre/lib/amd64/jli/libjli.so
7fddce99d000-7fddce99e000 r--p 00015000 08:01 4331468                    /home/jj/software/android-studio/jre/lib/amd64/jli/libjli.so
7fddce99e000-7fddce99f000 rw-p 00016000 08:01 4331468                    /home/jj/software/android-studio/jre/lib/amd64/jli/libjli.so
7fddce99f000-7fddce9c5000 r-xp 00000000 08:01 3145827                    /lib/x86_64-linux-gnu/ld-2.23.so
7fddce9c5000-7fddce9c6000 r--s 00000000 08:01 4464186                    /home/jj/software/android-studio/gradle/gradle-2.14.1/lib/javax.inject-1.jar
7fddce9c6000-7fddce9c7000 r--s 00000000 08:01 4464040                    /home/jj/software/android-studio/gradle/gradle-2.14.1/lib/jcip-annotations-1.0.jar
7fddce9c7000-7fddce9cc000 r--s 00041000 08:01 4464048                    /home/jj/software/android-studio/gradle/gradle-2.14.1/lib/commons-lang-2.6.jar
7fddce9cc000-7fddce9d4000 r--s 0003a000 08:01 4464047                    /home/jj/software/android-studio/gradle/gradle-2.14.1/lib/gradle-base-services-2.14.1.jar
7fddce9d4000-7fddceaa4000 rw-p 00000000 00:00 0 
7fddceaa4000-7fddceaa7000 ---p 00000000 00:00 0 
7fddceaa7000-7fddceba9000 rw-p 00000000 00:00 0 
7fddceba9000-7fddcebaa000 r--s 00001000 08:01 4464061                    /home/jj/software/android-studio/gradle/gradle-2.14.1/lib/gradle-process-services-2.14.1.jar
7fddcebaa000-7fddcebab000 r--s 00000000 08:01 4464023                    /home/jj/software/android-studio/gradle/gradle-2.14.1/lib/gradle-jvm-services-2.14.1.jar
7fddcebab000-7fddcebac000 r--s 00007000 08:01 4464033                    /home/jj/software/android-studio/gradle/gradle-2.14.1/lib/slf4j-api-1.7.10.jar
7fddcebac000-7fddcebad000 r--s 00004000 08:01 4464051                    /home/jj/software/android-studio/gradle/gradle-2.14.1/lib/ant-launcher-1.9.6.jar
7fddcebad000-7fddcebb8000 r--s 00051000 08:01 4464043                    /home/jj/software/android-studio/gradle/gradle-2.14.1/lib/gradle-launcher-2.14.1.jar
7fddcebb8000-7fddcebc0000 rw-s 00000000 08:01 1973638                    /tmp/hsperfdata_jj/3614
7fddcebc0000-7fddcebc1000 rw-p 00000000 00:00 0 
7fddcebc1000-7fddcebc2000 r--p 00000000 00:00 0 
7fddcebc2000-7fddcebc4000 rw-p 00000000 00:00 0 
7fddcebc4000-7fddcebc5000 r--p 00025000 08:01 3145827                    /lib/x86_64-linux-gnu/ld-2.23.so
7fddcebc5000-7fddcebc6000 rw-p 00026000 08:01 3145827                    /lib/x86_64-linux-gnu/ld-2.23.so
7fddcebc6000-7fddcebc7000 rw-p 00000000 00:00 0 
7ffc3f66c000-7ffc3f68d000 rw-p 00000000 00:00 0                          [stack]
7ffc3f724000-7ffc3f726000 r--p 00000000 00:00 0                          [vvar]
7ffc3f726000-7ffc3f728000 r-xp 00000000 00:00 0                          [vdso]
ffffffffff600000-ffffffffff601000 r-xp 00000000 00:00 0                  [vsyscall]

VM Arguments:
jvm_args: -Xmx1536m -Dfile.encoding=UTF-8 -Duser.country=US -Duser.language=en -Duser.variant 
java_command: org.gradle.launcher.daemon.bootstrap.GradleDaemon 2.14.1
java_class_path (initial): /home/jj/software/android-studio/gradle/gradle-2.14.1/lib/gradle-launcher-2.14.1.jar
Launcher Type: SUN_STANDARD

Environment Variables:
PATH=/home/jj/bin:/home/jj/.local/bin:/usr/local/sbin:/usr/local/bin:/usr/sbin:/usr/bin:/sbin:/bin:/usr/games:/usr/local/games:/snap/bin
LD_LIBRARY_PATH=.:
SHELL=/bin/bash
DISPLAY=:0.0

Signal Handlers:
SIGSEGV: [libjvm.so+0x9daac0], sa_mask[0]=11111111011111111101111111111110, sa_flags=SA_RESTART|SA_SIGINFO
SIGBUS: [libjvm.so+0x9daac0], sa_mask[0]=11111111011111111101111111111110, sa_flags=SA_RESTART|SA_SIGINFO
SIGFPE: [libjvm.so+0x840d90], sa_mask[0]=11111111011111111101111111111110, sa_flags=SA_RESTART|SA_SIGINFO
SIGPIPE: [libjvm.so+0x840d90], sa_mask[0]=11111111011111111101111111111110, sa_flags=SA_RESTART|SA_SIGINFO
SIGXFSZ: [libjvm.so+0x840d90], sa_mask[0]=11111111011111111101111111111110, sa_flags=SA_RESTART|SA_SIGINFO
SIGILL: [libjvm.so+0x840d90], sa_mask[0]=11111111011111111101111111111110, sa_flags=SA_RESTART|SA_SIGINFO
SIGUSR1: SIG_DFL, sa_mask[0]=00000000000000000000000000000000, sa_flags=none
SIGUSR2: [libjvm.so+0x840c60], sa_mask[0]=00100000000000000000000000000000, sa_flags=SA_RESTART|SA_SIGINFO
SIGHUP: [libjvm.so+0x840e50], sa_mask[0]=11111111011111111101111111111110, sa_flags=SA_RESTART|SA_SIGINFO
SIGINT: [libjvm.so+0x840e50], sa_mask[0]=11111111011111111101111111111110, sa_flags=SA_RESTART|SA_SIGINFO
SIGTERM: [libjvm.so+0x840e50], sa_mask[0]=11111111011111111101111111111110, sa_flags=SA_RESTART|SA_SIGINFO
SIGQUIT: [libjvm.so+0x840e50], sa_mask[0]=11111111011111111101111111111110, sa_flags=SA_RESTART|SA_SIGINFO


---------------  S Y S T E M  ---------------

OS:DISTRIB_ID=Ubuntu
DISTRIB_RELEASE=16.04
DISTRIB_CODENAME=xenial
DISTRIB_DESCRIPTION="Ubuntu 16.04.1 LTS"

uname:Linux 4.4.0-45-generic #66-Ubuntu SMP Wed Oct 19 14:12:37 UTC 2016 x86_64
libc:glibc 2.23 NPTL 2.23 
rlimit: STACK 8192k, CORE 0k, NPROC 128285, NOFILE 65536, AS infinity
load average:3.83 2.59 1.81

/proc/meminfo:
MemTotal:       32947500 kB
MemFree:        25402424 kB
MemAvailable:   29474284 kB
Buffers:          257948 kB
Cached:          4011316 kB
SwapCached:            0 kB
Active:          4287148 kB
Inactive:        2824940 kB
Active(anon):    2844536 kB
Inactive(anon):    36012 kB
Active(file):    1442612 kB
Inactive(file):  2788928 kB
Unevictable:          64 kB
Mlocked:              64 kB
SwapTotal:      33551356 kB
SwapFree:       33551356 kB
Dirty:             31368 kB
Writeback:             0 kB
AnonPages:       2842960 kB
Mapped:           354692 kB
Shmem:             37692 kB
Slab:             278616 kB
SReclaimable:     242196 kB
SUnreclaim:        36420 kB
KernelStack:        9152 kB
PageTables:        39016 kB
NFS_Unstable:          0 kB
Bounce:                0 kB
WritebackTmp:          0 kB
CommitLimit:    50025104 kB
Committed_AS:    5989964 kB
VmallocTotal:   34359738367 kB
VmallocUsed:           0 kB
VmallocChunk:          0 kB
HardwareCorrupted:     0 kB
AnonHugePages:   1607680 kB
CmaTotal:              0 kB
CmaFree:               0 kB
HugePages_Total:       0
HugePages_Free:        0
HugePages_Rsvd:        0
HugePages_Surp:        0
Hugepagesize:       2048 kB
DirectMap4k:      167488 kB
DirectMap2M:     6123520 kB
DirectMap1G:    27262976 kB


CPU:total 1 (1 cores per cpu, 1 threads per core) family 16 model 6 stepping 3, cmov, cx8, fxsr, mmx, sse, sse2, sse3, popcnt, mmxext, 3dnowpref, lzcnt, sse4a, tsc, tscinvbit, tscinv

/proc/cpuinfo:
processor	: 0
vendor_id	: AuthenticAMD
cpu family	: 16
model		: 6
model name	: AMD Sempron(tm) 145 Processor
stepping	: 3
microcode	: 0x10000c8
cpu MHz		: 2800.000
cache size	: 1024 KB
physical id	: 0
siblings	: 1
core id		: 0
cpu cores	: 1
apicid		: 0
initial apicid	: 0
fpu		: yes
fpu_exception	: yes
cpuid level	: 5
wp		: yes
flags		: fpu vme de pse tsc msr pae mce cx8 apic sep mtrr pge mca cmov pat pse36 clflush mmx fxsr sse sse2 syscall nx mmxext fxsr_opt pdpe1gb rdtscp lm 3dnowext 3dnow constant_tsc rep_good nopl nonstop_tsc extd_apicid pni monitor cx16 popcnt lahf_lm svm extapic cr8_legacy abm sse4a misalignsse 3dnowprefetch osvw ibs skinit wdt hw_pstate vmmcall npt lbrv svm_lock nrip_save
bugs		: tlb_mmatch fxsave_leak sysret_ss_attrs
bogomips	: 6719.56
TLB size	: 1024 4K pages
clflush size	: 64
cache_alignment	: 64
address sizes	: 48 bits physical, 48 bits virtual
power management: ts ttp tm stc 100mhzsteps hwpstate



Memory: 4k page, physical 32947500k(25402424k free), swap 33551356k(33551356k free)

vm_info: OpenJDK 64-Bit Server VM (25.76-b03) for linux-amd64 JRE (1.8.0_76-release-b03), built on Jun 29 2016 09:39:19 by "builder" with gcc 4.8.4

time: Thu Nov  3 11:02:31 2016
elapsed time: 2921 seconds (0d 0h 48m 41s)

