#
# A fatal error has been detected by the Java Runtime Environment:
#
#  SIGSEGV (0xb) at pc=0x00007fccb2c0faa3, pid=8332, tid=0x00007fcc9003c700
#
# JRE version: OpenJDK Runtime Environment (8.0_76-b03) (build 1.8.0_76-release-b03)
# Java VM: OpenJDK 64-Bit Server VM (25.76-b03 mixed mode linux-amd64 compressed oops)
# Problematic frame:
# J 12760 C1 com.android.dx.util.ByteArrayAnnotatedOutput.write(Lcom/android/dx/util/ByteArray;)V (61 bytes) @ 0x00007fccb2c0faa3 [0x00007fccb2c0fa40+0x63]
#
# Failed to write core dump. Core dumps have been disabled. To enable core dumping, try "ulimit -c unlimited" before starting Java again
#
# If you would like to submit a bug report, please visit:
#   http://bugreport.java.com/bugreport/crash.jsp
#

---------------  T H R E A D  ---------------

Current thread (0x00007fcca042d000):  JavaThread "pool-19-thread-1" [_thread_in_Java, id=12649, stack(0x00007fcc8ff3c000,0x00007fcc9003d000)]

siginfo: si_signo: 11 (SIGSEGV), si_code: 1 (SEGV_MAPERR), si_addr: 0x0000000026aec8f8

Registers:
RAX=0x00000001008540c0, RBX=0x0000000000000110, RCX=0x00000000a82ebe60, RDX=0x0000000026aec8f8
RSP=0x00007fcc9003b370, RBP=0x00007fcc9003b5f0, RSI=0x00000000a82ebe60, RDI=0x00007fcc8e2ba3e0
R8 =0x0000000026aec8f8, R9 =0x000000000001334c, R10=0x000000000000eff3, R11=0x00000000a82d8b00
R12=0x0000000000000000, R13=0x00007fcc9003b598, R14=0x00007fcc9003b648, R15=0x00007fcca042d000
RIP=0x00007fccb2c0faa3, EFLAGS=0x0000000000010202, CSGSFS=0x0000000000000033, ERR=0x0000000000000004
  TRAPNO=0x000000000000000e

Top of Stack: (sp=0x00007fcc9003b370)
0x00007fcc9003b370:   ffffffffffffffff 00007fcc8e2ba3e0
0x00007fcc9003b380:   00007fccb2c10380 00007fccc9056260
0x00007fcc9003b390:   00007fcc9003b5f0 00007fccb2be409e
0x00007fcc9003b3a0:   00007fcc8e13ea90 00000000a8119048
0x00007fcc9003b3b0:   00000000a82ebe60 00007fcc9003b3e0
0x00007fcc9003b3c0:   0000eff28e13ea90 00000000a82ebe60
0x00007fcc9003b3d0:   00000000a82ebe60 0000000000000000
0x00007fcc9003b3e0:   00007fcc9003b5f0 00007fccb2c18072
0x00007fcc9003b3f0:   ffffffffffffffff 00007fcc8e13ea90
0x00007fcc9003b400:   00007fcc9003b430 00007fcc9003b430
0x00007fcc9003b410:   00000001008540c0 000000000000ea02
0x00007fcc9003b420:   00000000a82ebe60 0000000000000000
0x00007fcc9003b430:   00007fcc9003b5f0 00007fccb2c04296
0x00007fcc9003b440:   ffffffffffffffff 00007fcc8e2b9ba0
0x00007fcc9003b450:   00007fcca042d000 00007fcc9003b648
0x00007fcc9003b460:   00007fcc9003b598 0000000026aec8f8
0x00007fcc9003b470:   00007fcc00000003 00007fccc9056260
0x00007fcc9003b480:   00000000a82ebe60 0000000000000249
0x00007fcc9003b490:   00007fcc8e1278a8 00000000a8118588
0x00007fcc9003b4a0:   00007fcc9003b4d0 00007fcc9003b4d0
0x00007fcc9003b4b0:   0000eff300000000 00000000a5b035a0
0x00007fcc9003b4c0:   00000000a82ebe60 00007fcc8e1278a8
0x00007fcc9003b4d0:   00007fcc9003b5f0 00007fccb2c10710
0x00007fcc9003b4e0:   ffffffffffffffff 00007fcc8e1278a8
0x00007fcc9003b4f0:   00007fccb1005310 0000000100000000
0x00007fcc9003b500:   00007fcc9003b5f0 00007fcc9003b5b0
0x00007fcc9003b510:   00007fcc9003b540 00007fcca042d000
0x00007fcc9003b520:   00007fcc8e5a707c 00007fcc8e5a7013
0x00007fcc9003b530:   00007fcc9003b648 00000000a8119488
0x00007fcc9003b540:   00000000a82ebe60 00000000a5b035a0
0x00007fcc9003b550:   ffffffffffffffff 00007fcc8e127770
0x00007fcc9003b560:   00000000a82ed180 00007fccb1d4c7f0 

Instructions: (pc=0x00007fccb2c0faa3)
0x00007fccb2c0fa83:   08 89 9f dc 00 00 00 48 bf e0 a3 2b 8e cc 7f 00
0x00007fccb2c0fa93:   00 81 e3 f8 1f 00 00 83 fb 00 0f 84 e1 02 00 00
0x00007fccb2c0faa3:   48 3b 02 48 8b fa 48 bb a0 14 2d 8e cc 7f 00 00
0x00007fccb2c0fab3:   8b 7f 08 48 c1 e7 03 48 3b bb 10 01 00 00 75 0d 

Register to memory mapping:

RAX=0x00000001008540c0 is pointing into metadata
RBX=0x0000000000000110 is an unknown value
RCX=
[error occurred during error reporting (printing register info), id 0xb]

Stack: [0x00007fcc8ff3c000,0x00007fcc9003d000],  sp=0x00007fcc9003b370,  free space=1020k
Native frames: (J=compiled Java code, j=interpreted, Vv=VM code, C=native code)
J 12760 C1 com.android.dx.util.ByteArrayAnnotatedOutput.write(Lcom/android/dx/util/ByteArray;)V (61 bytes) @ 0x00007fccb2c0faa3 [0x00007fccb2c0fa40+0x63]
J 12759 C1 com.android.dx.dex.file.StringDataItem.writeTo0(Lcom/android/dx/dex/file/DexFile;Lcom/android/dx/util/AnnotatedOutput;)V (103 bytes) @ 0x00007fccb2c18072 [0x00007fccb2c16c80+0x13f2]
J 12728 C1 com.android.dx.dex.file.OffsettedItem.writeTo(Lcom/android/dx/dex/file/DexFile;Lcom/android/dx/util/AnnotatedOutput;)V (72 bytes) @ 0x00007fccb2c10710 [0x00007fccb2c10360+0x3b0]
j  com.android.dx.dex.file.MixedItemSection.writeTo0(Lcom/android/dx/util/AnnotatedOutput;)V+119
j  com.android.dx.dex.file.Section.writeTo(Lcom/android/dx/util/AnnotatedOutput;)V+155
j  com.android.dx.dex.file.DexFile.toDex0(ZZ)Lcom/android/dx/util/ByteArrayAnnotatedOutput;+369
j  com.android.dx.dex.file.DexFile.toDex(Ljava/io/Writer;Z)[B+13
j  com.android.dx.command.dexer.Main.writeDex(Lcom/android/dx/dex/file/DexFile;)[B+50
j  com.android.dx.command.dexer.Main.access$3100(Lcom/android/dx/command/dexer/Main;Lcom/android/dx/dex/file/DexFile;)[B+2
j  com.android.dx.command.dexer.Main$DexWriter.call()[B+8
j  com.android.dx.command.dexer.Main$DexWriter.call()Ljava/lang/Object;+1
J 9146 C1 java.util.concurrent.FutureTask.run()V (126 bytes) @ 0x00007fccb24d7986 [0x00007fccb24d7740+0x246]
j  java.util.concurrent.ThreadPoolExecutor.runWorker(Ljava/util/concurrent/ThreadPoolExecutor$Worker;)V+95
j  java.util.concurrent.ThreadPoolExecutor$Worker.run()V+5
J 8895 C1 java.lang.Thread.run()V (17 bytes) @ 0x00007fccb20415fd [0x00007fccb20414c0+0x13d]
v  ~StubRoutines::call_stub
V  [libjvm.so+0x6257fa]  JavaCalls::call_helper(JavaValue*, methodHandle*, JavaCallArguments*, Thread*)+0xeea
V  [libjvm.so+0x622ed4]  JavaCalls::call_virtual(JavaValue*, KlassHandle, Symbol*, Symbol*, JavaCallArguments*, Thread*)+0x2a4
V  [libjvm.so+0x6234ca]  JavaCalls::call_virtual(JavaValue*, Handle, KlassHandle, Symbol*, Symbol*, Thread*)+0x4a
V  [libjvm.so+0x663efe]  thread_entry(JavaThread*, Thread*)+0x8e
V  [libjvm.so+0x986ec0]  JavaThread::thread_main_inner()+0xf0
V  [libjvm.so+0x8425b2]  java_start(Thread*)+0xf2
C  [libpthread.so.0+0x770a]  start_thread+0xca


---------------  P R O C E S S  ---------------

Java Threads: ( => current thread )
=>0x00007fcca042d000 JavaThread "pool-19-thread-1" [_thread_in_Java, id=12649, stack(0x00007fcc8ff3c000,0x00007fcc9003d000)]
  0x00007fcc944e6000 JavaThread "pool-9-thread-4" [_thread_blocked, id=12643, stack(0x00007fcc906b5000,0x00007fcc907b6000)]
  0x00007fcc94b0b000 JavaThread "pool-9-thread-3" [_thread_blocked, id=12636, stack(0x00007fcc8ecf2000,0x00007fcc8edf3000)]
  0x00007fcc94224800 JavaThread "pool-9-thread-2" [_thread_blocked, id=12629, stack(0x00007fcc8edf3000,0x00007fcc8eef4000)]
  0x00007fcc94ca8800 JavaThread "pool-9-thread-1" [_thread_blocked, id=12622, stack(0x00007fcc911f9000,0x00007fcc912fa000)]
  0x00007fccac07e800 JavaThread "process reaper" daemon [_thread_blocked, id=8537, stack(0x00007fcc8f5fb000,0x00007fcc8f634000)]
  0x00007fccc0b0d800 JavaThread "process reaper" daemon [_thread_blocked, id=8534, stack(0x00007fcc8f634000,0x00007fcc8f66d000)]
  0x00000000008b3800 JavaThread "process reaper" daemon [_thread_blocked, id=8531, stack(0x00007fcc8f66d000,0x00007fcc8f6a6000)]
  0x00007fcc98017000 JavaThread "process reaper" daemon [_thread_blocked, id=8528, stack(0x00007fcc8f6a6000,0x00007fcc8f6df000)]
  0x00007fcc9477f800 JavaThread "process reaper" daemon [_thread_blocked, id=8525, stack(0x00007fcc8f6df000,0x00007fcc8f718000)]
  0x00007fcca031c000 JavaThread "process reaper" daemon [_thread_blocked, id=8522, stack(0x00007fcc8f718000,0x00007fcc8f751000)]
  0x00007fcc9c01c800 JavaThread "process reaper" daemon [_thread_blocked, id=8518, stack(0x00007fcc8f751000,0x00007fcc8f78a000)]
  0x00007fcca8008800 JavaThread "process reaper" daemon [_thread_blocked, id=8456, stack(0x00007fcc8f98c000,0x00007fcc8f9c5000)]
  0x00007fcca4aa1000 JavaThread "process reaper" daemon [_thread_blocked, id=8453, stack(0x00007fcc8fbc7000,0x00007fcc8fc00000)]
  0x00007fcc94a19000 JavaThread "process reaper" daemon [_thread_blocked, id=8450, stack(0x00007fcc8fe02000,0x00007fcc8fe3b000)]
  0x00007fcca017d800 JavaThread "process reaper" daemon [_thread_blocked, id=8447, stack(0x00007fcc9003d000,0x00007fcc90076000)]
  0x00007fcc9c018800 JavaThread "process reaper" daemon [_thread_blocked, id=8443, stack(0x00007fcc90278000,0x00007fcc902b1000)]
  0x00007fccac07d000 JavaThread "process reaper" daemon [_thread_blocked, id=8404, stack(0x00007fcc910bf000,0x00007fcc910f8000)]
  0x00007fcca8002000 JavaThread "process reaper" daemon [_thread_blocked, id=8400, stack(0x00007fcc912fa000,0x00007fcc91333000)]
  0x00007fcca4a99000 JavaThread "process reaper" daemon [_thread_blocked, id=8399, stack(0x00007fcc91333000,0x00007fcc9136c000)]
  0x00007fcc9c00f800 JavaThread "process reaper" daemon [_thread_blocked, id=8398, stack(0x00007fcc9136c000,0x00007fcc913a5000)]
  0x00007fcca4a97800 JavaThread "pool-3-thread-1" [_thread_blocked, id=8388, stack(0x00007fcc918aa000,0x00007fcc919ab000)]
  0x00007fcca4822000 JavaThread "File lock request listener" [_thread_in_native, id=8356, stack(0x00007fcc932ff000,0x00007fcc93400000)]
  0x00007fcca4744000 JavaThread "process reaper" daemon [_thread_blocked, id=8355, stack(0x00007fccb0058000,0x00007fccb0091000)]
  0x00007fcca400d000 JavaThread "Asynchronous log dispatcher for org.gradle.launcher.daemon.server.DefaultDaemonConnection@2251d5ed" [_thread_blocked, id=8352, stack(0x00007fccb020b000,0x00007fccb030c000)]
  0x00007fcca0054000 JavaThread "Daemon worker" [_thread_blocked, id=8349, stack(0x00007fccb030c000,0x00007fccb040d000)]
  0x00007fcca0052800 JavaThread "Cancel handler" [_thread_blocked, id=8348, stack(0x00007fccb040d000,0x00007fccb050e000)]
  0x00007fcca004e800 JavaThread "Handler for socket connection from /127.0.0.1:39560 to /127.0.0.1:57752" [_thread_in_native, id=8347, stack(0x00007fccb050e000,0x00007fccb060f000)]
  0x00007fcc98013800 JavaThread "Daemon" [_thread_blocked, id=8346, stack(0x00007fccb060f000,0x00007fccb0710000)]
  0x00007fccc0b0b800 JavaThread "pool-1-thread-1" [_thread_blocked, id=8345, stack(0x00007fccb0710000,0x00007fccb0811000)]
  0x00007fccc0ae2000 JavaThread "Incoming local TCP Connector on port 39560" [_thread_in_native, id=8344, stack(0x00007fccb0a18000,0x00007fccb0b19000)]
  0x00007fccc00b4000 JavaThread "Service Thread" daemon [_thread_blocked, id=8342, stack(0x00007fccc50f1000,0x00007fccc51f2000)]
  0x00007fccc00b0800 JavaThread "C1 CompilerThread1" daemon [_thread_blocked, id=8341, stack(0x00007fccc51f2000,0x00007fccc52f3000)]
  0x00007fccc00ae800 JavaThread "C2 CompilerThread0" daemon [_thread_in_native, id=8340, stack(0x00007fccc52f3000,0x00007fccc53f4000)]
  0x00007fccc00ad000 JavaThread "Signal Dispatcher" daemon [_thread_blocked, id=8339, stack(0x00007fccc53f4000,0x00007fccc54f5000)]
  0x00007fccc007a000 JavaThread "Finalizer" daemon [_thread_blocked, id=8338, stack(0x00007fccc57cd000,0x00007fccc58ce000)]
  0x00007fccc0075800 JavaThread "Reference Handler" daemon [_thread_blocked, id=8337, stack(0x00007fccc58ce000,0x00007fccc59cf000)]
  0x00007fccc000a000 JavaThread "main" [_thread_blocked, id=8334, stack(0x00007fccc9b79000,0x00007fccc9c7a000)]

Other Threads:
  0x00007fccc006d800 VMThread [stack: 0x00007fccc59cf000,0x00007fccc5ad0000] [id=8336]
  0x00007fccc00b6800 WatcherThread [stack: 0x00007fccc4ff0000,0x00007fccc50f1000] [id=8343]

VM state:not at safepoint (normal execution)

VM Mutex/Monitor currently owned by a thread: None

Heap:
 def new generation   total 154944K, used 143639K [0x00000000a0000000, 0x00000000aa810000, 0x00000000c0000000)
  eden space 137792K,  97% used [0x00000000a0000000, 0x00000000a82fa778, 0x00000000a8690000)
  from space 17152K,  55% used [0x00000000a8690000, 0x00000000a8fdb580, 0x00000000a9750000)
  to   space 17152K,   0% used [0x00000000a9750000, 0x00000000a9750000, 0x00000000aa810000)
 tenured generation   total 344064K, used 98901K [0x00000000c0000000, 0x00000000d5000000, 0x0000000100000000)
   the space 344064K,  28% used [0x00000000c0000000, 0x00000000c6095798, 0x00000000c6095800, 0x00000000d5000000)
 Metaspace       used 64469K, capacity 66312K, committed 66432K, reserved 1107968K
  class space    used 8155K, capacity 8569K, committed 8576K, reserved 1048576K

Card table byte_map: [0x00007fccc6714000,0x00007fccc6a15000] byte_map_base: 0x00007fccc6214000

Polling page: 0x00007fccc9c96000

CodeCache: size=245760Kb used=31388Kb max_used=31388Kb free=214371Kb
 bounds [0x00007fccb1000000, 0x00007fccb2ed0000, 0x00007fccc0000000]
 total_blobs=12128 nmethods=11386 adapters=655
 compilation: enabled

Compilation events (10 events):
Event: 66.365 Thread 0x00007fccc00b0800 13930       2       com.android.dx.dex.file.FieldIdsSection::indexOf (49 bytes)
Event: 66.366 Thread 0x00007fccc00b0800 nmethod 13930 0x00007fccb2eca5d0 code [0x00007fccb2eca7a0, 0x00007fccb2ecac18]
Event: 66.367 Thread 0x00007fccc00b0800 13931       2       com.android.dex.EncodedValueCodec::writeSignedIntegralValue (63 bytes)
Event: 66.367 Thread 0x00007fccc00b0800 nmethod 13931 0x00007fccb2ecaf50 code [0x00007fccb2ecb0e0, 0x00007fccb2ecb340]
Event: 66.367 Thread 0x00007fccc00b0800 13932       2       com.android.dx.dex.file.ClassDataItem::encodeOutput (161 bytes)
Event: 66.368 Thread 0x00007fccc00b0800 nmethod 13932 0x00007fccb2ecb490 code [0x00007fccb2ecb740, 0x00007fccb2ecc0f8]
Event: 66.370 Thread 0x00007fccc00b0800 13933       1       com.android.dx.dex.file.ProtoIdItem::itemType (4 bytes)
Event: 66.370 Thread 0x00007fccc00b0800 nmethod 13933 0x00007fccb2eccad0 code [0x00007fccb2eccc20, 0x00007fccb2eccd30]
Event: 66.390 Thread 0x00007fccc00b0800 13934       2       com.android.dx.rop.cst.CstLiteral64::getLongBits (5 bytes)
Event: 66.390 Thread 0x00007fccc00b0800 nmethod 13934 0x00007fccb2eccd90 code [0x00007fccb2eccee0, 0x00007fccb2ecd030]

GC Heap History (10 events):
Event: 56.217 GC heap before
{Heap before GC invocations=19 (full 3):
 def new generation   total 154944K, used 136859K [0x00000000a0000000, 0x00000000aa810000, 0x00000000c0000000)
  eden space 137792K,  99% used [0x00000000a0000000, 0x00000000a85a4b60, 0x00000000a8690000)
  from space 17152K,   0% used [0x00000000a9750000, 0x00000000a9752498, 0x00000000aa810000)
  to   space 17152K,   0% used [0x00000000a8690000, 0x00000000a8690000, 0x00000000a9750000)
 tenured generation   total 344064K, used 95137K [0x00000000c0000000, 0x00000000d5000000, 0x0000000100000000)
   the space 344064K,  27% used [0x00000000c0000000, 0x00000000c5ce8488, 0x00000000c5ce8600, 0x00000000d5000000)
 Metaspace       used 59779K, capacity 61422K, committed 61696K, reserved 1103872K
  class space    used 7727K, capacity 8086K, committed 8192K, reserved 1048576K
Event: 56.220 GC heap after
Heap after GC invocations=20 (full 3):
 def new generation   total 154944K, used 18K [0x00000000a0000000, 0x00000000aa810000, 0x00000000c0000000)
  eden space 137792K,   0% used [0x00000000a0000000, 0x00000000a0000000, 0x00000000a8690000)
  from space 17152K,   0% used [0x00000000a8690000, 0x00000000a8694910, 0x00000000a9750000)
  to   space 17152K,   0% used [0x00000000a9750000, 0x00000000a9750000, 0x00000000aa810000)
 tenured generation   total 344064K, used 95137K [0x00000000c0000000, 0x00000000d5000000, 0x0000000100000000)
   the space 344064K,  27% used [0x00000000c0000000, 0x00000000c5ce8488, 0x00000000c5ce8600, 0x00000000d5000000)
 Metaspace       used 59779K, capacity 61422K, committed 61696K, reserved 1103872K
  class space    used 7727K, capacity 8086K, committed 8192K, reserved 1048576K
}
Event: 56.278 GC heap before
{Heap before GC invocations=20 (full 3):
 def new generation   total 154944K, used 137698K [0x00000000a0000000, 0x00000000aa810000, 0x00000000c0000000)
  eden space 137792K,  99% used [0x00000000a0000000, 0x00000000a8674280, 0x00000000a8690000)
  from space 17152K,   0% used [0x00000000a8690000, 0x00000000a8694910, 0x00000000a9750000)
  to   space 17152K,   0% used [0x00000000a9750000, 0x00000000a9750000, 0x00000000aa810000)
 tenured generation   total 344064K, used 95137K [0x00000000c0000000, 0x00000000d5000000, 0x0000000100000000)
   the space 344064K,  27% used [0x00000000c0000000, 0x00000000c5ce8488, 0x00000000c5ce8600, 0x00000000d5000000)
 Metaspace       used 59779K, capacity 61422K, committed 61696K, reserved 1103872K
  class space    used 7727K, capacity 8086K, committed 8192K, reserved 1048576K
Event: 56.282 GC heap after
Heap after GC invocations=21 (full 3):
 def new generation   total 154944K, used 27K [0x00000000a0000000, 0x00000000aa810000, 0x00000000c0000000)
  eden space 137792K,   0% used [0x00000000a0000000, 0x00000000a0000000, 0x00000000a8690000)
  from space 17152K,   0% used [0x00000000a9750000, 0x00000000a9756de0, 0x00000000aa810000)
  to   space 17152K,   0% used [0x00000000a8690000, 0x00000000a8690000, 0x00000000a9750000)
 tenured generation   total 344064K, used 95137K [0x00000000c0000000, 0x00000000d5000000, 0x0000000100000000)
   the space 344064K,  27% used [0x00000000c0000000, 0x00000000c5ce8488, 0x00000000c5ce8600, 0x00000000d5000000)
 Metaspace       used 59779K, capacity 61422K, committed 61696K, reserved 1103872K
  class space    used 7727K, capacity 8086K, committed 8192K, reserved 1048576K
}
Event: 56.351 GC heap before
{Heap before GC invocations=21 (full 3):
 def new generation   total 154944K, used 137791K [0x00000000a0000000, 0x00000000aa810000, 0x00000000c0000000)
  eden space 137792K,  99% used [0x00000000a0000000, 0x00000000a8688ff8, 0x00000000a8690000)
  from space 17152K,   0% used [0x00000000a9750000, 0x00000000a9756de0, 0x00000000aa810000)
  to   space 17152K,   0% used [0x00000000a8690000, 0x00000000a8690000, 0x00000000a9750000)
 tenured generation   total 344064K, used 95137K [0x00000000c0000000, 0x00000000d5000000, 0x0000000100000000)
   the space 344064K,  27% used [0x00000000c0000000, 0x00000000c5ce8488, 0x00000000c5ce8600, 0x00000000d5000000)
 Metaspace       used 59779K, capacity 61422K, committed 61696K, reserved 1103872K
  class space    used 7727K, capacity 8086K, committed 8192K, reserved 1048576K
Event: 56.354 GC heap after
Heap after GC invocations=22 (full 3):
 def new generation   total 154944K, used 36K [0x00000000a0000000, 0x00000000aa810000, 0x00000000c0000000)
  eden space 137792K,   0% used [0x00000000a0000000, 0x00000000a0000000, 0x00000000a8690000)
  from space 17152K,   0% used [0x00000000a8690000, 0x00000000a8699120, 0x00000000a9750000)
  to   space 17152K,   0% used [0x00000000a9750000, 0x00000000a9750000, 0x00000000aa810000)
 tenured generation   total 344064K, used 95137K [0x00000000c0000000, 0x00000000d5000000, 0x0000000100000000)
   the space 344064K,  27% used [0x00000000c0000000, 0x00000000c5ce8488, 0x00000000c5ce8600, 0x00000000d5000000)
 Metaspace       used 59779K, capacity 61422K, committed 61696K, reserved 1103872K
  class space    used 7727K, capacity 8086K, committed 8192K, reserved 1048576K
}
Event: 60.607 GC heap before
{Heap before GC invocations=22 (full 3):
 def new generation   total 154944K, used 137828K [0x00000000a0000000, 0x00000000aa810000, 0x00000000c0000000)
  eden space 137792K, 100% used [0x00000000a0000000, 0x00000000a8690000, 0x00000000a8690000)
  from space 17152K,   0% used [0x00000000a8690000, 0x00000000a8699120, 0x00000000a9750000)
  to   space 17152K,   0% used [0x00000000a9750000, 0x00000000a9750000, 0x00000000aa810000)
 tenured generation   total 344064K, used 95137K [0x00000000c0000000, 0x00000000d5000000, 0x0000000100000000)
   the space 344064K,  27% used [0x00000000c0000000, 0x00000000c5ce8488, 0x00000000c5ce8600, 0x00000000d5000000)
 Metaspace       used 63654K, capacity 65510K, committed 65664K, reserved 1105920K
  class space    used 8127K, capacity 8536K, committed 8576K, reserved 1048576K
Event: 60.665 GC heap after
Heap after GC invocations=23 (full 3):
 def new generation   total 154944K, used 9722K [0x00000000a0000000, 0x00000000aa810000, 0x00000000c0000000)
  eden space 137792K,   0% used [0x00000000a0000000, 0x00000000a0000000, 0x00000000a8690000)
  from space 17152K,  56% used [0x00000000a9750000, 0x00000000aa0ce928, 0x00000000aa810000)
  to   space 17152K,   0% used [0x00000000a8690000, 0x00000000a8690000, 0x00000000a9750000)
 tenured generation   total 344064K, used 95137K [0x00000000c0000000, 0x00000000d5000000, 0x0000000100000000)
   the space 344064K,  27% used [0x00000000c0000000, 0x00000000c5ce8488, 0x00000000c5ce8600, 0x00000000d5000000)
 Metaspace       used 63654K, capacity 65510K, committed 65664K, reserved 1105920K
  class space    used 8127K, capacity 8536K, committed 8576K, reserved 1048576K
}
Event: 63.957 GC heap before
{Heap before GC invocations=23 (full 3):
 def new generation   total 154944K, used 147514K [0x00000000a0000000, 0x00000000aa810000, 0x00000000c0000000)
  eden space 137792K, 100% used [0x00000000a0000000, 0x00000000a8690000, 0x00000000a8690000)
  from space 17152K,  56% used [0x00000000a9750000, 0x00000000aa0ce928, 0x00000000aa810000)
  to   space 17152K,   0% used [0x00000000a8690000, 0x00000000a8690000, 0x00000000a9750000)
 tenured generation   total 344064K, used 95137K [0x00000000c0000000, 0x00000000d5000000, 0x0000000100000000)
   the space 344064K,  27% used [0x00000000c0000000, 0x00000000c5ce8488, 0x00000000c5ce8600, 0x00000000d5000000)
 Metaspace       used 64165K, capacity 65960K, committed 66176K, reserved 1107968K
  class space    used 8145K, capacity 8537K, committed 8576K, reserved 1048576K
Event: 64.062 GC heap after
Heap after GC invocations=24 (full 3):
 def new generation   total 154944K, used 9517K [0x00000000a0000000, 0x00000000aa810000, 0x00000000c0000000)
  eden space 137792K,   0% used [0x00000000a0000000, 0x00000000a0000000, 0x00000000a8690000)
  from space 17152K,  55% used [0x00000000a8690000, 0x00000000a8fdb580, 0x00000000a9750000)
  to   space 17152K,   0% used [0x00000000a9750000, 0x00000000a9750000, 0x00000000aa810000)
 tenured generation   total 344064K, used 98901K [0x00000000c0000000, 0x00000000d5000000, 0x0000000100000000)
   the space 344064K,  28% used [0x00000000c0000000, 0x00000000c6095798, 0x00000000c6095800, 0x00000000d5000000)
 Metaspace       used 64165K, capacity 65960K, committed 66176K, reserved 1107968K
  class space    used 8145K, capacity 8537K, committed 8576K, reserved 1048576K
}

Deoptimization events (10 events):
Event: 65.625 Thread 0x00007fcca0070000 Uncommon trap: reason=unstable_if action=reinterpret pc=0x00007fccb2c55cf8 method=com.android.dx.ssa.NormalSsaInsn.getLocalAssignment()Lcom/android/dx/rop/code/RegisterSpec; @ 47
Event: 65.625 Thread 0x00007fcca0070000 Uncommon trap: reason=unstable_if action=reinterpret pc=0x00007fccb2b39438 method=com.android.dx.ssa.NormalSsaInsn.getLocalAssignment()Lcom/android/dx/rop/code/RegisterSpec; @ 47
Event: 65.626 Thread 0x00007fcca0070000 Uncommon trap: reason=unstable_if action=reinterpret pc=0x00007fccb2c3cf8c method=com.android.dx.dex.code.OutputFinisher.updateInfo(Lcom/android/dx/dex/code/DalvInsn;)V @ 16
Event: 65.641 Thread 0x00007fcca089d000 Uncommon trap: reason=null_assert action=make_not_entrant pc=0x00007fccb244ee98 method=com.android.dx.ssa.SsaRenamer$BlockRenamer.visitMoveInsn(Lcom/android/dx/ssa/NormalSsaInsn;)V @ 54
Event: 65.641 Thread 0x00007fcca089d000 Uncommon trap: reason=unstable_if action=reinterpret pc=0x00007fccb2b35640 method=com.android.dx.ssa.NormalSsaInsn.getLocalAssignment()Lcom/android/dx/rop/code/RegisterSpec; @ 47
Event: 65.643 Thread 0x00007fcca0070000 Uncommon trap: reason=unstable_if action=reinterpret pc=0x00007fccb238d484 method=com.android.dx.rop.code.RegisterSpec.equals(ILcom/android/dx/rop/type/TypeBearer;Lcom/android/dx/rop/code/LocalItem;)Z @ 24
Event: 65.644 Thread 0x00007fcca0070000 Uncommon trap: reason=unstable_if action=reinterpret pc=0x00007fccb2e1e768 method=com.android.dx.rop.code.RegisterSpecSet.size()I @ 30
Event: 65.647 Thread 0x00007fcca0070000 Uncommon trap: reason=unstable_if action=reinterpret pc=0x00007fccb238e21c method=com.android.dx.rop.code.RegisterSpec.equals(ILcom/android/dx/rop/type/TypeBearer;Lcom/android/dx/rop/code/LocalItem;)Z @ 24
Event: 65.897 Thread 0x00007fcca089d000 Uncommon trap: reason=unstable_if action=reinterpret pc=0x00007fccb2dd579c method=com.android.dx.ssa.SCCP.simulateStmt(Lcom/android/dx/ssa/SsaInsn;)V @ 53
Event: 66.230 Thread 0x00007fcca042d000 Uncommon trap: reason=unstable_if action=reinterpret pc=0x00007fccb2bdab2c method=com.android.dx.dex.code.LocalList$MakeState.filterSpec(Lcom/android/dx/rop/code/RegisterSpec;)Lcom/android/dx/rop/code/RegisterSpec; @ 1

Internal exceptions (10 events):
Event: 23.162 Thread 0x00007fcca0054000 Exception <a 'java/lang/NoSuchMethodError': <clinit>> (0x00000000a130d160) thrown at [/ssd/Android/AOSP-openjdk/external/jetbrains/jdk/hotspot/src/share/vm/prims/jni.cpp, line 1591]
Event: 23.162 Thread 0x00007fcca0054000 Exception <a 'java/lang/NoSuchMethodError': <clinit>> (0x00000000a130e678) thrown at [/ssd/Android/AOSP-openjdk/external/jetbrains/jdk/hotspot/src/share/vm/prims/jni.cpp, line 1591]
Event: 23.298 Thread 0x00007fcca0054000 Exception <a 'java/lang/ClassNotFoundException': com/android/build/gradle/internal/LibraryCache$1BeanInfo> (0x00000000a1504d28) thrown at [/ssd/Android/AOSP-openjdk/external/jetbrains/jdk/hotspot/src/share/vm/classfile/systemDictionary.cpp, line 210]
Event: 23.299 Thread 0x00007fcca0054000 Exception <a 'java/lang/ClassNotFoundException': com/android/build/gradle/internal/LibraryCache$1Customizer> (0x00000000a1515920) thrown at [/ssd/Android/AOSP-openjdk/external/jetbrains/jdk/hotspot/src/share/vm/classfile/systemDictionary.cpp, line 210]
Event: 36.733 Thread 0x00007fcca0054000 Implicit null exception at 0x00007fccb20caf73 to 0x00007fccb20cc381
Event: 36.974 Thread 0x00007fcca0054000 Implicit null exception at 0x00007fccb15a2e0c to 0x00007fccb15a2ee9
Event: 47.591 Thread 0x00007fcca0054000 Implicit null exception at 0x00007fccb23f769b to 0x00007fccb23f9289
Event: 50.771 Thread 0x00007fcca0054000 Implicit null exception at 0x00007fccb2570c03 to 0x00007fccb2571f41
Event: 54.818 Thread 0x00007fcca0054000 Exception <a 'java/lang/NoSuchMethodError': <clinit>> (0x00000000a4a42568) thrown at [/ssd/Android/AOSP-openjdk/external/jetbrains/jdk/hotspot/src/share/vm/prims/jni.cpp, line 1591]
Event: 56.441 Thread 0x00007fcca0054000 Exception <a 'java/io/FileNotFoundException'> (0x00000000a2381730) thrown at [/ssd/Android/AOSP-openjdk/external/jetbrains/jdk/hotspot/src/share/vm/prims/jni.cpp, line 709]

Events (10 events):
Event: 66.269 Thread 0x00007fcca042d000 DEOPT PACKING pc=0x00007fccb2eb3fbb sp=0x00007fcc9003b1c0
Event: 66.269 Thread 0x00007fcca042d000 DEOPT UNPACKING pc=0x00007fccb1046f73 sp=0x00007fcc9003af78 mode 0
Event: 66.317 Thread 0x00007fcca042d000 DEOPT PACKING pc=0x00007fccb2bb5b63 sp=0x00007fcc9003b330
Event: 66.317 Thread 0x00007fcca042d000 DEOPT UNPACKING pc=0x00007fccb1046f73 sp=0x00007fcc9003b0a0 mode 0
Event: 66.323 loading class com/android/dx/dex/file/DebugInfoEncoder
Event: 66.323 loading class com/android/dx/dex/file/DebugInfoEncoder done
Event: 66.324 loading class com/android/dx/dex/file/DebugInfoEncoder$1
Event: 66.324 loading class com/android/dx/dex/file/DebugInfoEncoder$1 done
Event: 66.325 loading class com/android/dx/dex/file/DebugInfoEncoder$2
Event: 66.325 loading class com/android/dx/dex/file/DebugInfoEncoder$2 done


Dynamic libraries:
00400000-00401000 r-xp 00000000 08:01 4331494                            /home/jj/software/android-studio/jre/bin/java
00600000-00601000 r--p 00000000 08:01 4331494                            /home/jj/software/android-studio/jre/bin/java
00601000-00602000 rw-p 00001000 08:01 4331494                            /home/jj/software/android-studio/jre/bin/java
008b0000-00b9d000 rw-p 00000000 00:00 0                                  [heap]
a0000000-aa810000 rw-p 00000000 00:00 0 
aa810000-c0000000 ---p 00000000 00:00 0 
c0000000-d5000000 rw-p 00000000 00:00 0 
d5000000-100000000 ---p 00000000 00:00 0 
100000000-100860000 rw-p 00000000 00:00 0 
100860000-140000000 ---p 00000000 00:00 0 
7fcc8d8de000-7fcc8d8e1000 ---p 00000000 00:00 0 
7fcc8d8e1000-7fcc8d9df000 rw-p 00000000 00:00 0 
7fcc8d9df000-7fcc8d9e2000 ---p 00000000 00:00 0 
7fcc8d9e2000-7fcc8dae0000 rw-p 00000000 00:00 0 
7fcc8dae0000-7fcc8dae3000 ---p 00000000 00:00 0 
7fcc8dae3000-7fcc8dbe1000 rw-p 00000000 00:00 0 
7fcc8dbe1000-7fcc8dbe4000 ---p 00000000 00:00 0 
7fcc8dbe4000-7fcc8dce2000 rw-p 00000000 00:00 0 
7fcc8dce4000-7fcc8dd64000 rw-p 00000000 00:00 0 
7fcc8dd64000-7fcc8dee7000 ---p 00000000 00:00 0 
7fcc8dee7000-7fcc8dfe5000 rw-p 00000000 00:00 0 
7fcc8dfe5000-7fcc8dfe8000 ---p 00000000 00:00 0 
7fcc8dfe8000-7fcc8e0e6000 rw-p 00000000 00:00 0 
7fcc8e0e8000-7fcc8e2e8000 rw-p 00000000 00:00 0 
7fcc8e2e8000-7fcc8e2eb000 ---p 00000000 00:00 0 
7fcc8e2eb000-7fcc8e3e9000 rw-p 00000000 00:00 0 
7fcc8e3eb000-7fcc8e5eb000 rw-p 00000000 00:00 0 
7fcc8e5eb000-7fcc8e5ee000 ---p 00000000 00:00 0 
7fcc8e5ee000-7fcc8e6ec000 rw-p 00000000 00:00 0 
7fcc8e7ed000-7fcc8e7f0000 ---p 00000000 00:00 0 
7fcc8e7f0000-7fcc8e8ee000 rw-p 00000000 00:00 0 
7fcc8e8ee000-7fcc8e8f1000 ---p 00000000 00:00 0 
7fcc8e8f1000-7fcc8e9ef000 rw-p 00000000 00:00 0 
7fcc8eaf0000-7fcc8eaf3000 ---p 00000000 00:00 0 
7fcc8eaf3000-7fcc8ebf1000 rw-p 00000000 00:00 0 
7fcc8ecf2000-7fcc8ecf5000 ---p 00000000 00:00 0 
7fcc8ecf5000-7fcc8edf3000 rw-p 00000000 00:00 0 
7fcc8edf3000-7fcc8edf6000 ---p 00000000 00:00 0 
7fcc8edf6000-7fcc8eef4000 rw-p 00000000 00:00 0 
7fcc8eef4000-7fcc8eef7000 ---p 00000000 00:00 0 
7fcc8eef7000-7fcc8eff5000 rw-p 00000000 00:00 0 
7fcc8eff5000-7fcc8eff8000 ---p 00000000 00:00 0 
7fcc8eff8000-7fcc8f0f6000 rw-p 00000000 00:00 0 
7fcc8f0f8000-7fcc8f2f8000 rw-p 00000000 00:00 0 
7fcc8f2f8000-7fcc8f2fb000 ---p 00000000 00:00 0 
7fcc8f2fb000-7fcc8f3f9000 rw-p 00000000 00:00 0 
7fcc8f3f9000-7fcc8f3fc000 ---p 00000000 00:00 0 
7fcc8f3fc000-7fcc8f4fa000 rw-p 00000000 00:00 0 
7fcc8f4fa000-7fcc8f4fd000 ---p 00000000 00:00 0 
7fcc8f4fd000-7fcc8f5fb000 rw-p 00000000 00:00 0 
7fcc8f5fb000-7fcc8f5fe000 ---p 00000000 00:00 0 
7fcc8f5fe000-7fcc8f634000 rw-p 00000000 00:00 0 
7fcc8f634000-7fcc8f637000 ---p 00000000 00:00 0 
7fcc8f637000-7fcc8f66d000 rw-p 00000000 00:00 0 
7fcc8f66d000-7fcc8f670000 ---p 00000000 00:00 0 
7fcc8f670000-7fcc8f6a6000 rw-p 00000000 00:00 0 
7fcc8f6a6000-7fcc8f6a9000 ---p 00000000 00:00 0 
7fcc8f6a9000-7fcc8f6df000 rw-p 00000000 00:00 0 
7fcc8f6df000-7fcc8f6e2000 ---p 00000000 00:00 0 
7fcc8f6e2000-7fcc8f718000 rw-p 00000000 00:00 0 
7fcc8f718000-7fcc8f71b000 ---p 00000000 00:00 0 
7fcc8f71b000-7fcc8f751000 rw-p 00000000 00:00 0 
7fcc8f751000-7fcc8f754000 ---p 00000000 00:00 0 
7fcc8f754000-7fcc8f78a000 rw-p 00000000 00:00 0 
7fcc8f88b000-7fcc8f88e000 ---p 00000000 00:00 0 
7fcc8f88e000-7fcc8f98c000 rw-p 00000000 00:00 0 
7fcc8f98c000-7fcc8f98f000 ---p 00000000 00:00 0 
7fcc8f98f000-7fcc8f9c5000 rw-p 00000000 00:00 0 
7fcc8f9c5000-7fcc8f9c8000 ---p 00000000 00:00 0 
7fcc8f9c8000-7fcc8fac6000 rw-p 00000000 00:00 0 
7fcc8fbc7000-7fcc8fbca000 ---p 00000000 00:00 0 
7fcc8fbca000-7fcc8fc00000 rw-p 00000000 00:00 0 
7fcc8fd01000-7fcc8fd04000 ---p 00000000 00:00 0 
7fcc8fd04000-7fcc8fe02000 rw-p 00000000 00:00 0 
7fcc8fe02000-7fcc8fe05000 ---p 00000000 00:00 0 
7fcc8fe05000-7fcc8fe3b000 rw-p 00000000 00:00 0 
7fcc8ff3c000-7fcc8ff3f000 ---p 00000000 00:00 0 
7fcc8ff3f000-7fcc9003d000 rw-p 00000000 00:00 0 
7fcc9003d000-7fcc90040000 ---p 00000000 00:00 0 
7fcc90040000-7fcc90076000 rw-p 00000000 00:00 0 
7fcc90078000-7fcc90278000 rw-p 00000000 00:00 0 
7fcc90278000-7fcc9027b000 ---p 00000000 00:00 0 
7fcc9027b000-7fcc902b1000 rw-p 00000000 00:00 0 
7fcc902b1000-7fcc902b4000 ---p 00000000 00:00 0 
7fcc902b4000-7fcc903b2000 rw-p 00000000 00:00 0 
7fcc903b4000-7fcc905b4000 rw-p 00000000 00:00 0 
7fcc905b4000-7fcc905b7000 ---p 00000000 00:00 0 
7fcc905b7000-7fcc906b5000 rw-p 00000000 00:00 0 
7fcc906b5000-7fcc906b8000 ---p 00000000 00:00 0 
7fcc906b8000-7fcc907b6000 rw-p 00000000 00:00 0 
7fcc907b6000-7fcc907b9000 ---p 00000000 00:00 0 
7fcc907b9000-7fcc908b7000 rw-p 00000000 00:00 0 
7fcc908b7000-7fcc908ba000 ---p 00000000 00:00 0 
7fcc908ba000-7fcc909b8000 rw-p 00000000 00:00 0 
7fcc909b8000-7fcc909bb000 ---p 00000000 00:00 0 
7fcc909bb000-7fcc90ab9000 rw-p 00000000 00:00 0 
7fcc90ab9000-7fcc90abc000 ---p 00000000 00:00 0 
7fcc90abc000-7fcc90bba000 rw-p 00000000 00:00 0 
7fcc90bba000-7fcc90bbd000 ---p 00000000 00:00 0 
7fcc90bbd000-7fcc90cbb000 rw-p 00000000 00:00 0 
7fcc90cbb000-7fcc90cbe000 ---p 00000000 00:00 0 
7fcc90cbe000-7fcc90dbc000 rw-p 00000000 00:00 0 
7fcc90ebd000-7fcc90ec0000 ---p 00000000 00:00 0 
7fcc90ec0000-7fcc90fbe000 rw-p 00000000 00:00 0 
7fcc910bf000-7fcc910c2000 ---p 00000000 00:00 0 
7fcc910c2000-7fcc910f8000 rw-p 00000000 00:00 0 
7fcc910f8000-7fcc910fb000 ---p 00000000 00:00 0 
7fcc910fb000-7fcc911f9000 rw-p 00000000 00:00 0 
7fcc911f9000-7fcc911fc000 ---p 00000000 00:00 0 
7fcc911fc000-7fcc912fa000 rw-p 00000000 00:00 0 
7fcc912fa000-7fcc912fd000 ---p 00000000 00:00 0 
7fcc912fd000-7fcc91333000 rw-p 00000000 00:00 0 
7fcc91333000-7fcc91336000 ---p 00000000 00:00 0 
7fcc91336000-7fcc9136c000 rw-p 00000000 00:00 0 
7fcc9136c000-7fcc9136f000 ---p 00000000 00:00 0 
7fcc9136f000-7fcc913a5000 rw-p 00000000 00:00 0 
7fcc913a5000-7fcc913a8000 ---p 00000000 00:00 0 
7fcc913a8000-7fcc914a6000 rw-p 00000000 00:00 0 
7fcc914a6000-7fcc914a9000 ---p 00000000 00:00 0 
7fcc914a9000-7fcc915a7000 rw-p 00000000 00:00 0 
7fcc915a7000-7fcc915aa000 ---p 00000000 00:00 0 
7fcc915aa000-7fcc916a8000 rw-p 00000000 00:00 0 
7fcc916a8000-7fcc916ab000 ---p 00000000 00:00 0 
7fcc916ab000-7fcc917a9000 rw-p 00000000 00:00 0 
7fcc917a9000-7fcc917ac000 ---p 00000000 00:00 0 
7fcc917ac000-7fcc918aa000 rw-p 00000000 00:00 0 
7fcc918aa000-7fcc918ad000 ---p 00000000 00:00 0 
7fcc918ad000-7fcc91bab000 rw-p 00000000 00:00 0 
7fcc91bab000-7fcc91dab000 rw-p 00000000 00:00 0 
7fcc91dab000-7fcc91fab000 rw-p 00000000 00:00 0 
7fcc91fab000-7fcc921ab000 rw-p 00000000 00:00 0 
7fcc921ab000-7fcc923ab000 rw-p 00000000 00:00 0 
7fcc923ab000-7fcc925ab000 rw-p 00000000 00:00 0 
7fcc925ab000-7fcc925be000 r--s 00344000 08:01 4331517                    /home/jj/software/android-studio/jre/jre/lib/resources.jar
7fcc925be000-7fcc927be000 rw-p 00000000 00:00 0 
7fcc927be000-7fcc929be000 rw-p 00000000 00:00 0 
7fcc929be000-7fcc92bbe000 rw-p 00000000 00:00 0 
7fcc92bbe000-7fcc92dbe000 rw-p 00000000 00:00 0 
7fcc92dbe000-7fcc92de9000 r--s 001fc000 08:01 4746606                    /home/jj/software/android-studio/gradle/m2repository/com/google/guava/guava/18.0/guava-18.0.jar
7fcc92de9000-7fcc92dea000 r--s 00001000 08:01 4873259                    /home/jj/software/android-studio/gradle/m2repository/com/android/tools/annotations/25.2.2/annotations-25.2.2.jar
7fcc92dea000-7fcc92dfc000 r--s 000b3000 08:01 4994132                    /home/jj/software/android-studio/gradle/m2repository/com/android/tools/external/com-intellij/uast/145.597.3/uast-145.597.3.jar
7fcc92dfc000-7fcc92e04000 r--s 000a8000 08:01 4994125                    /home/jj/software/android-studio/gradle/m2repository/com/android/tools/external/lombok/lombok-ast/0.2.3/lombok-ast-0.2.3.jar
7fcc92e04000-7fcc92e06000 r--s 0000d000 08:01 4994139                    /home/jj/software/android-studio/gradle/m2repository/commons-codec/commons-codec/1.4/commons-codec-1.4.jar
7fcc92e06000-7fcc92e08000 r--s 0000d000 08:01 4464220                    /home/jj/software/android-studio/gradle/m2repository/commons-logging/commons-logging/1.1.1/commons-logging-1.1.1.jar
7fcc92e08000-7fcc92e0d000 r--s 00028000 08:01 4605350                    /home/jj/software/android-studio/gradle/m2repository/org/apache/httpcomponents/httpcore/4.1/httpcore-4.1.jar
7fcc92e0d000-7fcc92e11000 r--s 0002f000 08:01 4746636                    /home/jj/software/android-studio/gradle/m2repository/com/google/jimfs/jimfs/1.1/jimfs-1.1.jar
7fcc92e11000-7fcc92e12000 r--s 00004000 08:01 4746569                    /home/jj/software/android-studio/gradle/m2repository/com/intellij/annotations/12.0/annotations-12.0.jar
7fcc92e12000-7fcc92e13000 r--s 00004000 08:01 4464267                    /home/jj/software/android-studio/gradle/m2repository/org/ow2/asm/asm-analysis/5.0.4/asm-analysis-5.0.4.jar
7fcc92e13000-7fcc92e17000 r--s 0003b000 08:01 1314861                    /home/jj/software/android-studio/gradle/m2repository/com/android/tools/lint/lint-api/25.2.2/lint-api-25.2.2.jar
7fcc92e17000-7fcc92e18000 r--s 0000a000 08:01 4605379                    /home/jj/software/android-studio/gradle/m2repository/net/sf/kxml/kxml2/2.3.0/kxml2-2.3.0.jar
7fcc92e18000-7fcc92e1a000 r--s 00005000 08:01 4605341                    /home/jj/software/android-studio/gradle/m2repository/org/apache/httpcomponents/httpmime/4.1/httpmime-4.1.jar
7fcc92e1a000-7fcc92e22000 r--s 0004e000 08:01 4605361                    /home/jj/software/android-studio/gradle/m2repository/org/apache/httpcomponents/httpclient/4.1.1/httpclient-4.1.1.jar
7fcc92e22000-7fcc92e29000 r--s 00053000 08:01 4605373                    /home/jj/software/android-studio/gradle/m2repository/org/apache/commons/commons-compress/1.8.1/commons-compress-1.8.1.jar
7fcc92e29000-7fcc92e2e000 r--s 0002a000 08:01 4746624                    /home/jj/software/android-studio/gradle/m2repository/com/google/code/gson/gson/2.2.4/gson-2.2.4.jar
7fcc92e2e000-7fcc92e33000 r--s 0002d000 08:01 5120494                    /home/jj/software/android-studio/gradle/m2repository/com/android/tools/repository/25.2.2/repository-25.2.2.jar
7fcc92e33000-7fcc92e34000 r--s 00005000 08:01 4994100                    /home/jj/software/android-studio/gradle/m2repository/com/android/tools/dvlib/25.2.2/dvlib-25.2.2.jar
7fcc92e34000-7fcc92e37000 r--s 00014000 08:01 4994014                    /home/jj/software/android-studio/gradle/m2repository/com/android/tools/layoutlib/layoutlib-api/25.2.2/layoutlib-api-25.2.2.jar
7fcc92e37000-7fcc92e3c000 r--s 00058000 08:01 4464242                    /home/jj/software/android-studio/gradle/m2repository/org/ow2/asm/asm-debug-all/5.0.1/asm-debug-all-5.0.1.jar
7fcc92e3c000-7fcc92e4c000 r--s 000d6000 08:01 4746652                    /home/jj/software/android-studio/gradle/m2repository/net/sf/proguard/proguard-base/5.2.1/proguard-base-5.2.1.jar
7fcc92e4c000-7fcc92e4f000 r--s 00033000 08:01 4746576                    /home/jj/software/android-studio/gradle/m2repository/com/googlecode/juniversalchardet/juniversalchardet/1.0.3/juniversalchardet-1.0.3.jar
7fcc92e4f000-7fcc92e53000 r--s 0002a000 08:01 4464213                    /home/jj/software/android-studio/gradle/m2repository/commons-io/commons-io/2.4/commons-io-2.4.jar
7fcc92e53000-7fcc92e6a000 r--s 00154000 08:01 4605286                    /home/jj/software/android-studio/gradle/m2repository/org/antlr/antlr4/4.5.3/antlr4-4.5.3.jar
7fcc92e6a000-7fcc92e6b000 r--s 00002000 08:01 4873203                    /home/jj/software/android-studio/gradle/m2repository/com/android/databinding/baseLibrary/2.2.2/baseLibrary-2.2.2.jar
7fcc92e6b000-7fcc92e7e000 r--s 00236000 08:01 4464326                    /home/jj/software/android-studio/gradle/m2repository/org/eclipse/jdt/core/compiler/ecj/4.5.1/ecj-4.5.1.jar
7fcc92e7e000-7fcc92e85000 r--s 000c3000 08:01 1314818                    /home/jj/software/android-studio/gradle/m2repository/com/android/tools/lint/lint-checks/25.2.2/lint-checks-25.2.2.jar
7fcc92e85000-7fcc92e87000 r--s 00006000 08:01 4464281                    /home/jj/software/android-studio/gradle/m2repository/org/ow2/asm/asm-tree/5.0.4/asm-tree-5.0.4.jar
7fcc92e87000-7fcc92eba000 r--s 00203000 08:01 4605293                    /home/jj/software/android-studio/gradle/m2repository/org/bouncycastle/bcprov-jdk15on/1.48/bcprov-jdk15on-1.48.jar
7fcc92eba000-7fcc92ec8000 r--s 00081000 08:01 4605298                    /home/jj/software/android-studio/gradle/m2repository/org/bouncycastle/bcpkix-jdk15on/1.48/bcpkix-jdk15on-1.48.jar
7fcc92ec8000-7fcc92eca000 r--s 00002000 08:01 4746584                    /home/jj/software/android-studio/gradle/m2repository/com/squareup/javawriter/2.5.0/javawriter-2.5.0.jar
7fcc92eca000-7fcc92ecb000 r--s 00002000 08:01 5120505                    /home/jj/software/android-studio/gradle/m2repository/com/android/tools/analytics-library/tracker/25.2.2/tracker-25.2.2.jar
7fcc92ecb000-7fcc92ecd000 r--s 00003000 08:01 1189204                    /home/jj/software/android-studio/gradle/m2repository/com/android/tools/analytics-library/shared/25.2.2/shared-25.2.2.jar
7fcc92ecd000-7fcc92eda000 r--s 000ed000 08:01 1189194                    /home/jj/software/android-studio/gradle/m2repository/com/android/tools/analytics-library/protos/25.2.2/protos-25.2.2.jar
7fcc92eda000-7fcc92edb000 r--s 00001000 08:01 4994022                    /home/jj/software/android-studio/gradle/m2repository/com/android/tools/jill/jill-api/0.10.0/jill-api-0.10.0.jar
7fcc92edb000-7fcc92edd000 r--s 00003000 08:01 1314893                    /home/jj/software/android-studio/gradle/m2repository/com/android/tools/jack/jack-api/0.11.0/jack-api-0.11.0.jar
7fcc92edd000-7fcc92ee2000 r--s 0004a000 08:01 4994068                    /home/jj/software/android-studio/gradle/m2repository/com/android/tools/ddms/ddmlib/25.2.2/ddmlib-25.2.2.jar
7fcc92ee2000-7fcc92ee5000 r--s 00021000 08:01 4873346                    /home/jj/software/android-studio/gradle/m2repository/com/android/tools/build/manifest-merger/25.2.2/manifest-merger-25.2.2.jar
7fcc92ee5000-7fcc92ee7000 r--s 0001c000 08:01 1314916                    /home/jj/software/android-studio/gradle/m2repository/com/android/tools/common/25.2.2/common-25.2.2.jar
7fcc92ee7000-7fcc92ef0000 r--s 00083000 08:01 4994046                    /home/jj/software/android-studio/gradle/m2repository/com/android/tools/sdk-common/25.2.2/sdk-common-25.2.2.jar
7fcc92ef0000-7fcc92efb000 r--s 0008e000 08:01 1314881                    /home/jj/software/android-studio/gradle/m2repository/com/android/tools/sdklib/25.2.2/sdklib-25.2.2.jar
7fcc92efb000-7fcc92efc000 r--s 00002000 08:01 4873310                    /home/jj/software/android-studio/gradle/m2repository/com/android/tools/build/builder-test-api/2.2.2/builder-test-api-2.2.2.jar
7fcc92efc000-7fcc92eff000 r--s 00005000 08:01 4993980                    /home/jj/software/android-studio/gradle/m2repository/com/android/tools/build/builder-model/2.2.2/builder-model-2.2.2.jar
7fcc92eff000-7fcc930ff000 rw-p 00000000 00:00 0 
7fcc930ff000-7fcc932ff000 rw-p 00000000 00:00 0 
7fcc932ff000-7fcc93302000 ---p 00000000 00:00 0 
7fcc93302000-7fcc93600000 rw-p 00000000 00:00 0 
7fcc93600000-7fcc93800000 rw-p 00000000 00:00 0 
7fcc93800000-7fcc93a00000 rw-p 00000000 00:00 0 
7fcc93a00000-7fcc93c00000 rw-p 00000000 00:00 0 
7fcc93c00000-7fcc93e00000 rw-p 00000000 00:00 0 
7fcc93e00000-7fcc94000000 rw-p 00000000 00:00 0 
7fcc94000000-7fcc94ce7000 rw-p 00000000 00:00 0 
7fcc94ce7000-7fcc98000000 ---p 00000000 00:00 0 
7fcc98000000-7fcc98072000 rw-p 00000000 00:00 0 
7fcc98072000-7fcc9c000000 ---p 00000000 00:00 0 
7fcc9c000000-7fcc9c04a000 rw-p 00000000 00:00 0 
7fcc9c04a000-7fcca0000000 ---p 00000000 00:00 0 
7fcca0000000-7fcca15cd000 rw-p 00000000 00:00 0 
7fcca15cd000-7fcca4000000 ---p 00000000 00:00 0 
7fcca4000000-7fcca57fc000 rw-p 00000000 00:00 0 
7fcca57fc000-7fcca8000000 ---p 00000000 00:00 0 
7fcca8000000-7fcca8089000 rw-p 00000000 00:00 0 
7fcca8089000-7fccac000000 ---p 00000000 00:00 0 
7fccac000000-7fccac207000 rw-p 00000000 00:00 0 
7fccac207000-7fccb0000000 ---p 00000000 00:00 0 
7fccb0000000-7fccb0008000 r--s 0007b000 08:01 4746616                    /home/jj/software/android-studio/gradle/m2repository/com/google/protobuf/protobuf-java/2.5.0/protobuf-java-2.5.0.jar
7fccb0008000-7fccb000a000 r--s 0000f000 08:01 4464343                    /home/jj/software/android-studio/gradle/m2repository/net/sf/jopt-simple/jopt-simple/4.9/jopt-simple-4.9.jar
7fccb000a000-7fccb000e000 r--s 0001f000 08:01 4605329                    /home/jj/software/android-studio/gradle/m2repository/org/jacoco/org.jacoco.report/0.7.5.201505241946/org.jacoco.report-0.7.5.201505241946.jar
7fccb000e000-7fccb0012000 r--s 0001d000 08:01 4605314                    /home/jj/software/android-studio/gradle/m2repository/org/jacoco/org.jacoco.core/0.7.5.201505241946/org.jacoco.core-0.7.5.201505241946.jar
7fccb0012000-7fccb0013000 r--s 00002000 08:01 4873372                    /home/jj/software/android-studio/gradle/m2repository/net/sf/proguard/proguard-gradle/5.2.1/proguard-gradle-5.2.1.jar
7fccb0013000-7fccb0015000 r--s 00009000 08:01 4464290                    /home/jj/software/android-studio/gradle/m2repository/org/ow2/asm/asm-commons/5.0.4/asm-commons-5.0.4.jar
7fccb0015000-7fccb0017000 r--s 0000c000 08:01 4464313                    /home/jj/software/android-studio/gradle/m2repository/org/ow2/asm/asm/5.0.4/asm-5.0.4.jar
7fccb0017000-7fccb001b000 r--s 0002b000 08:01 4873235                    /home/jj/software/android-studio/gradle/m2repository/com/android/databinding/compilerCommon/2.2.2/compilerCommon-2.2.2.jar
7fccb001b000-7fccb001c000 r--s 00002000 08:01 4873328                    /home/jj/software/android-studio/gradle/m2repository/com/android/tools/build/gradle-api/2.2.2/gradle-api-2.2.2.jar
7fccb001c000-7fccb001d000 r--s 00000000 08:01 4993958                    /home/jj/software/android-studio/gradle/m2repository/com/android/tools/build/transform-api/2.0.0-deprecated-use-gradle-api/transform-api-2.0.0-deprecated-use-gradle-api.jar
7fccb001d000-7fccb0022000 r--s 00053000 08:01 1314840                    /home/jj/software/android-studio/gradle/m2repository/com/android/tools/lint/lint/25.2.2/lint-25.2.2.jar
7fccb0022000-7fccb0039000 r--s 0015d000 08:01 4873293                    /home/jj/software/android-studio/gradle/m2repository/com/android/tools/build/builder/2.2.2/builder-2.2.2.jar
7fccb0039000-7fccb0055000 r--s 0019d000 08:01 4993955                    /home/jj/software/android-studio/gradle/m2repository/com/android/tools/build/gradle-core/2.2.2/gradle-core-2.2.2.jar
7fccb0055000-7fccb0056000 r--s 00006000 08:01 1973765                    /home/jj/.gradle/caches/modules-2/files-2.1/com.google.gms/google-services/3.0.0/ee538ce9cf4148485e43017c5542202b8c78ff8e/google-services-3.0.0.jar
7fccb0056000-7fccb0058000 r--s 0000d000 08:01 4993996                    /home/jj/software/android-studio/gradle/m2repository/com/android/tools/build/gradle/2.2.2/gradle-2.2.2.jar
7fccb0058000-7fccb005b000 ---p 00000000 00:00 0 
7fccb005b000-7fccb0091000 rw-p 00000000 00:00 0 
7fccb0091000-7fccb0092000 r--p 00000000 00:00 0 
7fccb0092000-7fccb010a000 r--s 010eb000 08:01 4331459                    /home/jj/software/android-studio/jre/lib/tools.jar
7fccb010a000-7fccb010d000 ---p 00000000 00:00 0 
7fccb010d000-7fccb020b000 rw-p 00000000 00:00 0 
7fccb020b000-7fccb020e000 ---p 00000000 00:00 0 
7fccb020e000-7fccb030c000 rw-p 00000000 00:00 0 
7fccb030c000-7fccb030f000 ---p 00000000 00:00 0 
7fccb030f000-7fccb040d000 rw-p 00000000 00:00 0 
7fccb040d000-7fccb0410000 ---p 00000000 00:00 0 
7fccb0410000-7fccb050e000 rw-p 00000000 00:00 0 
7fccb050e000-7fccb0511000 ---p 00000000 00:00 0 
7fccb0511000-7fccb060f000 rw-p 00000000 00:00 0 
7fccb060f000-7fccb0612000 ---p 00000000 00:00 0 
7fccb0612000-7fccb0710000 rw-p 00000000 00:00 0 
7fccb0710000-7fccb0713000 ---p 00000000 00:00 0 
7fccb0713000-7fccb0a11000 rw-p 00000000 00:00 0 
7fccb0a11000-7fccb0a18000 r--s 00000000 08:01 3940028                    /usr/lib/x86_64-linux-gnu/gconv/gconv-modules.cache
7fccb0a18000-7fccb0a1b000 ---p 00000000 00:00 0 
7fccb0a1b000-7fccb0b19000 rw-p 00000000 00:00 0 
7fccb0b19000-7fccb0b22000 r-xp 00000000 08:01 4463939                    /home/jj/software/android-studio/jre/jre/lib/amd64/libmanagement.so
7fccb0b22000-7fccb0d21000 ---p 00009000 08:01 4463939                    /home/jj/software/android-studio/jre/jre/lib/amd64/libmanagement.so
7fccb0d21000-7fccb0d22000 r--p 00008000 08:01 4463939                    /home/jj/software/android-studio/jre/jre/lib/amd64/libmanagement.so
7fccb0d22000-7fccb0d23000 rw-p 00009000 08:01 4463939                    /home/jj/software/android-studio/jre/jre/lib/amd64/libmanagement.so
7fccb0d23000-7fccb0d27000 r--s 00097000 08:01 4331536                    /home/jj/software/android-studio/jre/jre/lib/jsse.jar
7fccb0d27000-7fccb0d29000 r--s 00007000 08:01 4464076                    /home/jj/software/android-studio/gradle/gradle-2.14.1/lib/plugins/gradle-tooling-api-builders-2.14.1.jar
7fccb0d29000-7fccb0d2c000 r--s 00008000 08:01 4464070                    /home/jj/software/android-studio/gradle/gradle-2.14.1/lib/plugins/gradle-testing-native-2.14.1.jar
7fccb0d2c000-7fccb0d2e000 r--s 00009000 08:01 4464151                    /home/jj/software/android-studio/gradle/gradle-2.14.1/lib/plugins/hamcrest-core-1.3.jar
7fccb0d2e000-7fccb0d34000 r--s 00033000 08:01 4464081                    /home/jj/software/android-studio/gradle/gradle-2.14.1/lib/plugins/snakeyaml-1.6.jar
7fccb0d34000-7fccb0d36000 r--s 00006000 08:01 4464102                    /home/jj/software/android-studio/gradle/gradle-2.14.1/lib/plugins/jcommander-1.12.jar
7fccb0d36000-7fccb0d3b000 r--s 00040000 08:01 4464079                    /home/jj/software/android-studio/gradle/gradle-2.14.1/lib/plugins/bsh-2.0b4.jar
7fccb0d3b000-7fccb0d44000 r--s 00089000 08:01 4464105                    /home/jj/software/android-studio/gradle/gradle-2.14.1/lib/plugins/testng-6.3.1.jar
7fccb0d44000-7fccb0d4c000 r--s 00045000 08:01 4464110                    /home/jj/software/android-studio/gradle/gradle-2.14.1/lib/plugins/junit-4.12.jar
7fccb0d4c000-7fccb0d52000 r--s 0002e000 08:01 4464086                    /home/jj/software/android-studio/gradle/gradle-2.14.1/lib/plugins/gradle-testing-jvm-2.14.1.jar
7fccb0d52000-7fccb0d57000 r--s 00015000 08:01 4464095                    /home/jj/software/android-studio/gradle/gradle-2.14.1/lib/plugins/gradle-testing-base-2.14.1.jar
7fccb0d57000-7fccb0d58000 r--s 00002000 08:01 4464108                    /home/jj/software/android-studio/gradle/gradle-2.14.1/lib/plugins/sonar-batch-bootstrapper-2.9.jar
7fccb0d58000-7fccb0d5b000 r--s 00015000 08:01 4464085                    /home/jj/software/android-studio/gradle/gradle-2.14.1/lib/plugins/gradle-sonar-2.14.1.jar
7fccb0d5b000-7fccb0d62000 r--s 00038000 08:01 4464126                    /home/jj/software/android-studio/gradle/gradle-2.14.1/lib/plugins/bcpg-jdk15on-1.51.jar
7fccb0d62000-7fccb0d64000 r--s 0000d000 08:01 4464132                    /home/jj/software/android-studio/gradle/gradle-2.14.1/lib/plugins/gradle-signing-2.14.1.jar
7fccb0d64000-7fccb0d67000 r--s 00009000 08:01 4464115                    /home/jj/software/android-studio/gradle/gradle-2.14.1/lib/plugins/gradle-scala-2.14.1.jar
7fccb0d67000-7fccb0d68000 r--s 00004000 08:01 4464139                    /home/jj/software/android-studio/gradle/gradle-2.14.1/lib/plugins/gradle-resources-sftp-2.14.1.jar
7fccb0d68000-7fccb0d78000 r--s 00088000 08:01 4464092                    /home/jj/software/android-studio/gradle/gradle-2.14.1/lib/plugins/joda-time-2.8.2.jar
7fccb0d78000-7fccb0d89000 r--s 000cf000 08:01 4464158                    /home/jj/software/android-studio/gradle/gradle-2.14.1/lib/plugins/jackson-databind-2.3.2.jar
7fccb0d89000-7fccb0d8b000 r--s 00007000 08:01 4464121                    /home/jj/software/android-studio/gradle/gradle-2.14.1/lib/plugins/jackson-annotations-2.3.2.jar
7fccb0d8b000-7fccb0d8e000 r--s 0002e000 08:01 4464128                    /home/jj/software/android-studio/gradle/gradle-2.14.1/lib/plugins/jackson-core-2.3.2.jar
7fccb0d8e000-7fccb0d99000 r--s 0006b000 08:01 4464175                    /home/jj/software/android-studio/gradle/gradle-2.14.1/lib/plugins/aws-java-sdk-core-1.9.19.jar
7fccb0d99000-7fccb0d9f000 r--s 00036000 08:01 4464120                    /home/jj/software/android-studio/gradle/gradle-2.14.1/lib/plugins/aws-java-sdk-kms-1.9.19.jar
7fccb0d9f000-7fccb0daa000 r--s 00079000 08:01 4464107                    /home/jj/software/android-studio/gradle/gradle-2.14.1/lib/plugins/aws-java-sdk-s3-1.9.19.jar
7fccb0daa000-7fccb0dac000 r--s 00005000 08:01 4464149                    /home/jj/software/android-studio/gradle/gradle-2.14.1/lib/plugins/jatl-0.2.2.jar
7fccb0dac000-7fccb0dae000 r--s 0000f000 08:01 4464166                    /home/jj/software/android-studio/gradle/gradle-2.14.1/lib/plugins/gradle-reporting-2.14.1.jar
7fccb0dae000-7fccb0db0000 r--s 00002000 08:01 4464125                    /home/jj/software/android-studio/gradle/gradle-2.14.1/lib/plugins/gradle-publish-2.14.1.jar
7fccb0db0000-7fccb0db6000 r--s 00033000 08:01 4464109                    /home/jj/software/android-studio/gradle/gradle-2.14.1/lib/plugins/gradle-plugins-2.14.1.jar
7fccb0db6000-7fccb0dbc000 r--s 0002a000 08:01 4464131                    /home/jj/software/android-studio/gradle/gradle-2.14.1/lib/plugins/gradle-platform-play-2.14.1.jar
7fccb0dbc000-7fccb0dc9000 r--s 0004d000 08:01 4464130                    /home/jj/software/android-studio/gradle/gradle-2.14.1/lib/plugins/gradle-platform-native-2.14.1.jar
7fccb0dc9000-7fccb0dea000 r--s 001c3000 08:01 4464077                    /home/jj/software/android-studio/gradle/gradle-2.14.1/lib/plugins/bndlib-2.4.0.jar
7fccb0dea000-7fccb0e00000 r-xp 00000000 08:01 3150533                    /lib/x86_64-linux-gnu/libgcc_s.so.1
7fccb0e00000-7fccb0fff000 ---p 00016000 08:01 3150533                    /lib/x86_64-linux-gnu/libgcc_s.so.1
7fccb0fff000-7fccb1000000 rw-p 00015000 08:01 3150533                    /lib/x86_64-linux-gnu/libgcc_s.so.1
7fccb1000000-7fccb2ed0000 rwxp 00000000 00:00 0 
7fccb2ed0000-7fccc0000000 ---p 00000000 00:00 0 
7fccc0000000-7fccc0b4f000 rw-p 00000000 00:00 0 
7fccc0b4f000-7fccc4000000 ---p 00000000 00:00 0 
7fccc4000000-7fccc4001000 r--s 00003000 08:01 4464154                    /home/jj/software/android-studio/gradle/gradle-2.14.1/lib/plugins/gradle-resources-s3-2.14.1.jar
7fccc4001000-7fccc4003000 r--s 00009000 08:01 4464098                    /home/jj/software/android-studio/gradle/gradle-2.14.1/lib/plugins/commons-cli-1.2.jar
7fccc4003000-7fccc4005000 r--s 00007000 08:01 4464073                    /home/jj/software/android-studio/gradle/gradle-2.14.1/lib/plugins/gradle-plugin-development-2.14.1.jar
7fccc4005000-7fccc4009000 r--s 0001a000 08:01 4464152                    /home/jj/software/android-studio/gradle/gradle-2.14.1/lib/plugins/gradle-platform-jvm-2.14.1.jar
7fccc4009000-7fccc4010000 r--s 00029000 08:01 4464101                    /home/jj/software/android-studio/gradle/gradle-2.14.1/lib/plugins/gradle-platform-base-2.14.1.jar
7fccc4010000-7fccc4012000 r--s 00003000 08:01 4464157                    /home/jj/software/android-studio/gradle/gradle-2.14.1/lib/plugins/gradle-osgi-2.14.1.jar
7fccc4012000-7fccc4015000 r--s 0000c000 08:01 4464161                    /home/jj/software/android-studio/gradle/gradle-2.14.1/lib/plugins/pmaven-groovy-0.8-20100325.jar
7fccc4015000-7fccc4016000 r--s 00004000 08:01 4464147                    /home/jj/software/android-studio/gradle/gradle-2.14.1/lib/plugins/pmaven-common-0.8-20100325.jar
7fccc4016000-7fccc401c000 r--s 00022000 08:01 4464100                    /home/jj/software/android-studio/gradle/gradle-2.14.1/lib/plugins/gradle-maven-2.14.1.jar
7fccc401c000-7fccc401e000 r--s 0000a000 08:01 4464082                    /home/jj/software/android-studio/gradle/gradle-2.14.1/lib/plugins/gradle-language-scala-2.14.1.jar
7fccc401e000-7fccc4024000 r--s 0001a000 08:01 4464087                    /home/jj/software/android-studio/gradle/gradle-2.14.1/lib/plugins/gradle-language-native-2.14.1.jar
7fccc4024000-7fccc4026000 r--s 00008000 08:01 4464075                    /home/jj/software/android-studio/gradle/gradle-2.14.1/lib/plugins/gradle-language-jvm-2.14.1.jar
7fccc4026000-7fccc402c000 r--s 00024000 08:01 4464148                    /home/jj/software/android-studio/gradle/gradle-2.14.1/lib/plugins/gradle-language-java-2.14.1.jar
7fccc402c000-7fccc402e000 r--s 0000a000 08:01 4464129                    /home/jj/software/android-studio/gradle/gradle-2.14.1/lib/plugins/gradle-language-groovy-2.14.1.jar
7fccc402e000-7fccc4031000 r--s 0001e000 08:01 4464069                    /home/jj/software/android-studio/gradle/gradle-2.14.1/lib/plugins/jsp-api-2.1-6.1.14.jar
7fccc4031000-7fccc4054000 r--s 00344000 08:01 4464122                    /home/jj/software/android-studio/gradle/gradle-2.14.1/lib/plugins/core-3.1.1.jar
7fccc4054000-7fccc4055000 r--s 00006000 08:01 4464159                    /home/jj/software/android-studio/gradle/gradle-2.14.1/lib/plugins/jetty-naming-6.1.25.jar
7fccc4055000-7fccc4056000 r--s 00002000 08:01 4464117                    /home/jj/software/android-studio/gradle/gradle-2.14.1/lib/plugins/geronimo-annotation_1.0_spec-1.0.jar
7fccc4056000-7fccc4058000 r--s 00002000 08:01 4464155                    /home/jj/software/android-studio/gradle/gradle-2.14.1/lib/plugins/jetty-annotations-6.1.25.jar
7fccc4058000-7fccc4069000 r--s 000ea000 08:01 4464168                    /home/jj/software/android-studio/gradle/gradle-2.14.1/lib/plugins/jsp-2.1-6.1.14.jar
7fccc4069000-7fccc406b000 r--s 0000d000 08:01 4464123                    /home/jj/software/android-studio/gradle/gradle-2.14.1/lib/plugins/jetty-plus-6.1.25.jar
7fccc406b000-7fccc406d000 r--s 0001f000 08:01 4464182                    /home/jj/software/android-studio/gradle/gradle-2.14.1/lib/plugins/servlet-api-2.5-20081211.jar
7fccc406d000-7fccc4071000 r--s 00028000 08:01 4464103                    /home/jj/software/android-studio/gradle/gradle-2.14.1/lib/plugins/jetty-util-6.1.25.jar
7fccc4071000-7fccc4078000 r--s 0007d000 08:01 4464111                    /home/jj/software/android-studio/gradle/gradle-2.14.1/lib/plugins/jetty-6.1.25.jar
7fccc4078000-7fccc407a000 r--s 00009000 08:01 4464164                    /home/jj/software/android-studio/gradle/gradle-2.14.1/lib/plugins/gradle-jetty-2.14.1.jar
7fccc407a000-7fccc4081000 r--s 00035000 08:01 4464178                    /home/jj/software/android-studio/gradle/gradle-2.14.1/lib/plugins/simple-4.1.21.jar
7fccc4081000-7fccc408d000 r--s 00100000 08:01 4464093                    /home/jj/software/android-studio/gradle/gradle-2.14.1/lib/plugins/rhino-1.7R3.jar
7fccc408d000-7fccc4091000 r--s 00011000 08:01 4464146                    /home/jj/software/android-studio/gradle/gradle-2.14.1/lib/plugins/gradle-javascript-2.14.1.jar
7fccc4091000-7fccc4093000 r--s 0000c000 08:01 4464180                    /home/jj/software/android-studio/gradle/gradle-2.14.1/lib/plugins/gradle-jacoco-2.14.1.jar
7fccc4093000-7fccc4096000 r--s 0000e000 08:01 4464177                    /home/jj/software/android-studio/gradle/gradle-2.14.1/lib/plugins/gradle-ivy-2.14.1.jar
7fccc4096000-7fccc4097000 r--s 00002000 08:01 4464169                    /home/jj/software/android-studio/gradle/gradle-2.14.1/lib/plugins/gradle-ide-play-2.14.1.jar
7fccc4097000-7fccc409c000 r--s 0002b000 08:01 4464165                    /home/jj/software/android-studio/gradle/gradle-2.14.1/lib/plugins/gradle-ide-native-2.14.1.jar
7fccc409c000-7fccc40a7000 r--s 00066000 08:01 4464083                    /home/jj/software/android-studio/gradle/gradle-2.14.1/lib/plugins/gradle-ide-2.14.1.jar
7fccc40a7000-7fccc40a8000 r--s 00008000 08:01 4464080                    /home/jj/software/android-studio/gradle/gradle-2.14.1/lib/plugins/gradle-ear-2.14.1.jar
7fccc40a8000-7fccc40ae000 r--s 00032000 08:01 4464091                    /home/jj/software/android-studio/gradle/gradle-2.14.1/lib/plugins/gradle-diagnostics-2.14.1.jar
7fccc40ae000-7fccc40b2000 r--s 00021000 08:01 4464167                    /home/jj/software/android-studio/gradle/gradle-2.14.1/lib/plugins/gradle-code-quality-2.14.1.jar
7fccc40b2000-7fccc40b6000 r--s 0001f000 08:01 4464090                    /home/jj/software/android-studio/gradle/gradle-2.14.1/lib/plugins/gradle-build-init-2.14.1.jar
7fccc40b6000-7fccc40bd000 r--s 0008e000 08:01 4464174                    /home/jj/software/android-studio/gradle/gradle-2.14.1/lib/plugins/gradle-build-comparison-2.14.1.jar
7fccc40bd000-7fccc40bf000 r--s 00008000 08:01 4464150                    /home/jj/software/android-studio/gradle/gradle-2.14.1/lib/plugins/gradle-antlr-2.14.1.jar
7fccc40bf000-7fccc40c1000 r--s 00004000 08:01 4464176                    /home/jj/software/android-studio/gradle/gradle-2.14.1/lib/plugins/gradle-announce-2.14.1.jar
7fccc40c1000-7fccc40d9000 r--s 00115000 08:01 4464114                    /home/jj/software/android-studio/gradle/gradle-2.14.1/lib/plugins/xercesImpl-2.9.1.jar
7fccc40d9000-7fccc40e1000 r--s 00028000 08:01 4464142                    /home/jj/software/android-studio/gradle/gradle-2.14.1/lib/plugins/xml-apis-1.3.04.jar
7fccc40e1000-7fccc40e7000 r--s 0005b000 08:01 4464133                    /home/jj/software/android-studio/gradle/gradle-2.14.1/lib/plugins/jcifs-1.3.17.jar
7fccc40e7000-7fccc40ee000 r--s 00049000 08:01 4464144                    /home/jj/software/android-studio/gradle/gradle-2.14.1/lib/plugins/httpcore-4.4.4.jar
7fccc40ee000-7fccc40f4000 r--s 00033000 08:01 4464089                    /home/jj/software/android-studio/gradle/gradle-2.14.1/lib/plugins/commons-codec-1.6.jar
7fccc40f4000-7fccc40f7000 r--s 0001c000 08:01 4464084                    /home/jj/software/android-studio/gradle/gradle-2.14.1/lib/plugins/nekohtml-1.9.14.jar
7fccc40f7000-7fccc4104000 r--s 000a4000 08:01 4464162                    /home/jj/software/android-studio/gradle/gradle-2.14.1/lib/plugins/httpclient-4.4.1.jar
7fccc4104000-7fccc4106000 r--s 0000a000 08:01 4464071                    /home/jj/software/android-studio/gradle/gradle-2.14.1/lib/plugins/gradle-resources-http-2.14.1.jar
7fccc4106000-7fccc410a000 r--s 00014000 08:01 4464136                    /home/jj/software/android-studio/gradle/gradle-2.14.1/lib/plugins/gradle-plugin-use-2.14.1.jar
7fccc410a000-7fccc410b000 r--s 00000000 08:01 4464027                    /home/jj/software/android-studio/gradle/gradle-2.14.1/lib/gradle-installation-beacon-2.14.1.jar
7fccc410b000-7fccc410c000 r--s 00007000 08:01 4464099                    /home/jj/software/android-studio/gradle/gradle-2.14.1/lib/plugins/wagon-http-shared4-2.4.jar
7fccc410c000-7fccc4110000 r--s 00033000 08:01 4464153                    /home/jj/software/android-studio/gradle/gradle-2.14.1/lib/plugins/plexus-utils-2.0.6.jar
7fccc4110000-7fccc4114000 r--s 00021000 08:01 4464135                    /home/jj/software/android-studio/gradle/gradle-2.14.1/lib/plugins/maven-model-builder-3.0.4.jar
7fccc4114000-7fccc4115000 r--s 00002000 08:01 4464088                    /home/jj/software/android-studio/gradle/gradle-2.14.1/lib/plugins/wagon-file-2.4.jar
7fccc4115000-7fccc4117000 r--s 00002000 08:01 4464145                    /home/jj/software/android-studio/gradle/gradle-2.14.1/lib/plugins/plexus-cipher-1.7.jar
7fccc4117000-7fccc411a000 r--s 00013000 08:01 4464181                    /home/jj/software/android-studio/gradle/gradle-2.14.1/lib/plugins/aether-api-1.13.1.jar
7fccc411a000-7fccc411c000 r--s 0000a000 08:01 4464104                    /home/jj/software/android-studio/gradle/gradle-2.14.1/lib/plugins/maven-settings-3.0.4.jar
7fccc411c000-7fccc411e000 r--s 0000d000 08:01 4464137                    /home/jj/software/android-studio/gradle/gradle-2.14.1/lib/plugins/plexus-interpolation-1.14.jar
7fccc411e000-7fccc4120000 r--s 0000b000 08:01 4464160                    /home/jj/software/android-studio/gradle/gradle-2.14.1/lib/plugins/maven-artifact-3.0.4.jar
7fccc4120000-7fccc4127000 r--s 0002e000 08:01 4464096                    /home/jj/software/android-studio/gradle/gradle-2.14.1/lib/plugins/plexus-container-default-1.5.5.jar
7fccc4127000-7fccc4129000 r--s 0000b000 08:01 4464124                    /home/jj/software/android-studio/gradle/gradle-2.14.1/lib/plugins/maven-plugin-api-3.0.4.jar
7fccc4129000-7fccc412b000 r--s 00000000 08:01 4464127                    /home/jj/software/android-studio/gradle/gradle-2.14.1/lib/plugins/plexus-component-annotations-1.5.5.jar
7fccc412b000-7fccc4131000 r--s 0003f000 08:01 4464138                    /home/jj/software/android-studio/gradle/gradle-2.14.1/lib/plugins/maven-compat-3.0.4.jar
7fccc4131000-7fccc4134000 r--s 00008000 08:01 4464112                    /home/jj/software/android-studio/gradle/gradle-2.14.1/lib/plugins/maven-settings-builder-3.0.4.jar
7fccc4134000-7fccc4135000 r--s 00002000 08:01 4464068                    /home/jj/software/android-studio/gradle/gradle-2.14.1/lib/plugins/wagon-http-2.4.jar
7fccc4135000-7fccc4137000 r--s 00026000 08:01 4464179                    /home/jj/software/android-studio/gradle/gradle-2.14.1/lib/plugins/maven-model-3.0.4.jar
7fccc4137000-7fccc4139000 r--s 00006000 08:01 4464156                    /home/jj/software/android-studio/gradle/gradle-2.14.1/lib/plugins/aether-connector-wagon-1.13.1.jar
7fccc4139000-7fccc413b000 r--s 0000a000 08:01 4464097                    /home/jj/software/android-studio/gradle/gradle-2.14.1/lib/plugins/plexus-classworlds-2.4.jar
7fccc413b000-7fccc413d000 r--s 00006000 08:01 4464140                    /home/jj/software/android-studio/gradle/gradle-2.14.1/lib/plugins/maven-repository-metadata-3.0.4.jar
7fccc413d000-7fccc413f000 r--s 0000c000 08:01 4464116                    /home/jj/software/android-studio/gradle/gradle-2.14.1/lib/plugins/maven-aether-provider-3.0.4.jar
7fccc413f000-7fccc4141000 r--s 0000b000 08:01 4464106                    /home/jj/software/android-studio/gradle/gradle-2.14.1/lib/plugins/wagon-provider-api-2.4.jar
7fccc4141000-7fccc4142000 r--s 00003000 08:01 4464072                    /home/jj/software/android-studio/gradle/gradle-2.14.1/lib/plugins/aether-spi-1.13.1.jar
7fccc4142000-7fccc4146000 r--s 0001c000 08:01 4464170                    /home/jj/software/android-studio/gradle/gradle-2.14.1/lib/plugins/aether-util-1.13.1.jar
7fccc4146000-7fccc4149000 r--s 0001d000 08:01 4464134                    /home/jj/software/android-studio/gradle/gradle-2.14.1/lib/plugins/aether-impl-1.13.1.jar
7fccc4149000-7fccc414e000 r--s 00040000 08:01 4464074                    /home/jj/software/android-studio/gradle/gradle-2.14.1/lib/plugins/jsch-0.1.53.jar
7fccc414e000-7fccc418e000 r--s 00277000 08:01 4464078                    /home/jj/software/android-studio/gradle/gradle-2.14.1/lib/plugins/bcprov-jdk15on-1.51.jar
7fccc418e000-7fccc419a000 r--s 0007d000 08:01 4464143                    /home/jj/software/android-studio/gradle/gradle-2.14.1/lib/plugins/maven-core-3.0.4.jar
7fccc419a000-7fccc41b6000 r--s 000d3000 08:01 4464118                    /home/jj/software/android-studio/gradle/gradle-2.14.1/lib/plugins/gradle-dependency-management-2.14.1.jar
7fccc41b6000-7fccc4328000 r-xp 00000000 08:01 3801269                    /usr/lib/x86_64-linux-gnu/libstdc++.so.6.0.21
7fccc4328000-7fccc4528000 ---p 00172000 08:01 3801269                    /usr/lib/x86_64-linux-gnu/libstdc++.so.6.0.21
7fccc4528000-7fccc4532000 r--p 00172000 08:01 3801269                    /usr/lib/x86_64-linux-gnu/libstdc++.so.6.0.21
7fccc4532000-7fccc4534000 rw-p 0017c000 08:01 3801269                    /usr/lib/x86_64-linux-gnu/libstdc++.so.6.0.21
7fccc4534000-7fccc4538000 rw-p 00000000 00:00 0 
7fccc4538000-7fccc4539000 r--s 00006000 08:01 4464141                    /home/jj/software/android-studio/gradle/gradle-2.14.1/lib/plugins/plexus-sec-dispatcher-1.3.jar
7fccc4539000-7fccc453d000 r--s 0001d000 08:01 4464119                    /home/jj/software/android-studio/gradle/gradle-2.14.1/lib/plugins/xbean-reflect-3.4.jar
7fccc453d000-7fccc4542000 r--s 0002a000 08:01 4464113                    /home/jj/software/android-studio/gradle/gradle-2.14.1/lib/plugins/gson-2.2.4.jar
7fccc4542000-7fccc4551000 r--s 000d9000 08:01 4464094                    /home/jj/software/android-studio/gradle/gradle-2.14.1/lib/plugins/ivy-2.2.0.jar
7fccc4551000-7fccc4555000 r-xp 00000000 08:01 3420078                    /home/jj/.gradle/native/19/linux-amd64/libnative-platform.so
7fccc4555000-7fccc4754000 ---p 00004000 08:01 3420078                    /home/jj/.gradle/native/19/linux-amd64/libnative-platform.so
7fccc4754000-7fccc4755000 rw-p 00003000 08:01 3420078                    /home/jj/.gradle/native/19/linux-amd64/libnative-platform.so
7fccc4755000-7fccc4766000 r-xp 00000000 08:01 4463927                    /home/jj/software/android-studio/jre/jre/lib/amd64/libnio.so
7fccc4766000-7fccc4965000 ---p 00011000 08:01 4463927                    /home/jj/software/android-studio/jre/jre/lib/amd64/libnio.so
7fccc4965000-7fccc4966000 r--p 00010000 08:01 4463927                    /home/jj/software/android-studio/jre/jre/lib/amd64/libnio.so
7fccc4966000-7fccc4967000 rw-p 00011000 08:01 4463927                    /home/jj/software/android-studio/jre/jre/lib/amd64/libnio.so
7fccc4967000-7fccc4c68000 rw-p 00000000 00:00 0 
7fccc4c68000-7fccc4c7f000 r-xp 00000000 08:01 4463925                    /home/jj/software/android-studio/jre/jre/lib/amd64/libnet.so
7fccc4c7f000-7fccc4e7e000 ---p 00017000 08:01 4463925                    /home/jj/software/android-studio/jre/jre/lib/amd64/libnet.so
7fccc4e7e000-7fccc4e7f000 r--p 00016000 08:01 4463925                    /home/jj/software/android-studio/jre/jre/lib/amd64/libnet.so
7fccc4e7f000-7fccc4e80000 rw-p 00017000 08:01 4463925                    /home/jj/software/android-studio/jre/jre/lib/amd64/libnet.so
7fccc4e80000-7fccc4e82000 r--s 00005000 08:01 4464037                    /home/jj/software/android-studio/gradle/gradle-2.14.1/lib/gradle-wrapper-2.14.1.jar
7fccc4e82000-7fccc4e90000 r--s 0004f000 08:01 4464022                    /home/jj/software/android-studio/gradle/gradle-2.14.1/lib/gradle-tooling-api-2.14.1.jar
7fccc4e90000-7fccc4e92000 r--s 00002000 08:01 4464026                    /home/jj/software/android-studio/gradle/gradle-2.14.1/lib/gradle-open-api-2.14.1.jar
7fccc4e92000-7fccc4e98000 r--s 00032000 08:01 4464060                    /home/jj/software/android-studio/gradle/gradle-2.14.1/lib/jaxen-1.1.jar
7fccc4e98000-7fccc4e9d000 r--s 00048000 08:01 4464025                    /home/jj/software/android-studio/gradle/gradle-2.14.1/lib/dom4j-1.6.1.jar
7fccc4e9d000-7fccc4ea8000 r--s 00059000 08:01 4464054                    /home/jj/software/android-studio/gradle/gradle-2.14.1/lib/gradle-ui-2.14.1.jar
7fccc4ea8000-7fccc4eab000 r--s 0000b000 08:01 4464183                    /home/jj/software/android-studio/gradle/gradle-2.14.1/lib/gradle-resources-2.14.1.jar
7fccc4eab000-7fccc4ead000 r--s 00003000 08:01 4464063                    /home/jj/software/android-studio/gradle/gradle-2.14.1/lib/jcl-over-slf4j-1.7.10.jar
7fccc4ead000-7fccc4eae000 r--s 00005000 08:01 4464057                    /home/jj/software/android-studio/gradle/gradle-2.14.1/lib/log4j-over-slf4j-1.7.10.jar
7fccc4eae000-7fccc4eb0000 r--s 00000000 08:01 4464184                    /home/jj/software/android-studio/gradle/gradle-2.14.1/lib/jul-to-slf4j-1.7.10.jar
7fccc4eb0000-7fccc4eb5000 r--s 0001c000 08:01 4464035                    /home/jj/software/android-studio/gradle/gradle-2.14.1/lib/gradle-logging-2.14.1.jar
7fccc4eb5000-7fccc4eb7000 r--s 00007000 08:01 4464066                    /home/jj/software/android-studio/gradle/gradle-2.14.1/lib/objenesis-1.2.jar
7fccc4eb7000-7fccc4eb9000 r--s 00000000 08:01 4464030                    /home/jj/software/android-studio/gradle/gradle-2.14.1/lib/minlog-1.2.jar
7fccc4eb9000-7fccc4ebb000 r--s 0000f000 08:01 4464041                    /home/jj/software/android-studio/gradle/gradle-2.14.1/lib/reflectasm-1.07-shaded.jar
7fccc4ebb000-7fccc4ebf000 r--s 00026000 08:01 4464055                    /home/jj/software/android-studio/gradle/gradle-2.14.1/lib/kryo-2.20.jar
7fccc4ebf000-7fccc4ec5000 r--s 00025000 08:01 4464024                    /home/jj/software/android-studio/gradle/gradle-2.14.1/lib/gradle-messaging-2.14.1.jar
7fccc4ec5000-7fccc4ec6000 r--s 00003000 08:01 4464062                    /home/jj/software/android-studio/gradle/gradle-2.14.1/lib/native-platform-freebsd-amd64-0.10.jar
7fccc4ec6000-7fccc4ec7000 r--s 00003000 08:01 4464044                    /home/jj/software/android-studio/gradle/gradle-2.14.1/lib/native-platform-freebsd-i386-0.10.jar
7fccc4ec7000-7fccc4ec8000 r--s 00005000 08:01 4464032                    /home/jj/software/android-studio/gradle/gradle-2.14.1/lib/native-platform-windows-i386-0.10.jar
7fccc4ec8000-7fccc4ec9000 r--s 00005000 08:01 4464031                    /home/jj/software/android-studio/gradle/gradle-2.14.1/lib/native-platform-windows-amd64-0.10.jar
7fccc4ec9000-7fccc4eca000 r--s 00003000 08:01 4464045                    /home/jj/software/android-studio/gradle/gradle-2.14.1/lib/native-platform-linux-i386-0.10.jar
7fccc4eca000-7fccc4ecb000 r--s 00003000 08:01 4464029                    /home/jj/software/android-studio/gradle/gradle-2.14.1/lib/native-platform-linux-amd64-0.10.jar
7fccc4ecb000-7fccc4ecc000 r--s 00002000 08:01 4464028                    /home/jj/software/android-studio/gradle/gradle-2.14.1/lib/native-platform-osx-amd64-0.10.jar
7fccc4ecc000-7fccc4ecd000 r--s 00002000 08:01 4464058                    /home/jj/software/android-studio/gradle/gradle-2.14.1/lib/native-platform-osx-i386-0.10.jar
7fccc4ecd000-7fccc4ecf000 r--s 00008000 08:01 4464059                    /home/jj/software/android-studio/gradle/gradle-2.14.1/lib/jansi-1.2.1.jar
7fccc4ecf000-7fccc4ed2000 r--s 0000d000 08:01 4464053                    /home/jj/software/android-studio/gradle/gradle-2.14.1/lib/native-platform-0.10.jar
7fccc4ed2000-7fccc4ed6000 r--s 000e4000 08:01 4464052                    /home/jj/software/android-studio/gradle/gradle-2.14.1/lib/jna-3.2.7.jar
7fccc4ed6000-7fccc4ed8000 r--s 00009000 08:01 4464064                    /home/jj/software/android-studio/gradle/gradle-2.14.1/lib/gradle-native-2.14.1.jar
7fccc4ed8000-7fccc4eda000 r--s 00005000 08:01 4464065                    /home/jj/software/android-studio/gradle/gradle-2.14.1/lib/gradle-cli-2.14.1.jar
7fccc4eda000-7fccc4edc000 r--s 00007000 08:01 4464034                    /home/jj/software/android-studio/gradle/gradle-2.14.1/lib/gradle-model-groovy-2.14.1.jar
7fccc4edc000-7fccc4edd000 r--s 00006000 08:01 4464049                    /home/jj/software/android-studio/gradle/gradle-2.14.1/lib/gradle-base-services-groovy-2.14.1.jar
7fccc4edd000-7fccc4eec000 r--s 00080000 08:01 4464050                    /home/jj/software/android-studio/gradle/gradle-2.14.1/lib/gradle-model-core-2.14.1.jar
7fccc4eec000-7fccc4eed000 r--s 00002000 08:01 4464042                    /home/jj/software/android-studio/gradle/gradle-2.14.1/lib/gradle-docs-2.14.1.jar
7fccc4eed000-7fccc4ef1000 r--s 00027000 08:01 4464056                    /home/jj/software/android-studio/gradle/gradle-2.14.1/lib/commons-io-2.2.jar
7fccc4ef1000-7fccc4efe000 r--s 00083000 08:01 4464185                    /home/jj/software/android-studio/gradle/gradle-2.14.1/lib/commons-collections-3.2.2.jar
7fccc4efe000-7fccc4f03000 r--s 00038000 08:01 4464046                    /home/jj/software/android-studio/gradle/gradle-2.14.1/lib/asm-all-5.1.jar
7fccc4f03000-7fccc4f72000 r--s 0063e000 08:01 4464187                    /home/jj/software/android-studio/gradle/gradle-2.14.1/lib/groovy-all-2.4.4.jar
7fccc4f72000-7fccc4f9a000 r--s 001cf000 08:01 4464038                    /home/jj/software/android-studio/gradle/gradle-2.14.1/lib/guava-jdk5-17.0.jar
7fccc4f9a000-7fccc4fb9000 r--s 001d1000 08:01 4464036                    /home/jj/software/android-studio/gradle/gradle-2.14.1/lib/ant-1.9.6.jar
7fccc4fb9000-7fccc4ff0000 r--s 001bd000 08:01 4464039                    /home/jj/software/android-studio/gradle/gradle-2.14.1/lib/gradle-core-2.14.1.jar
7fccc4ff0000-7fccc4ff1000 ---p 00000000 00:00 0 
7fccc4ff1000-7fccc50f1000 rw-p 00000000 00:00 0 
7fccc50f1000-7fccc50f4000 ---p 00000000 00:00 0 
7fccc50f4000-7fccc51f2000 rw-p 00000000 00:00 0 
7fccc51f2000-7fccc51f5000 ---p 00000000 00:00 0 
7fccc51f5000-7fccc52f3000 rw-p 00000000 00:00 0 
7fccc52f3000-7fccc52f6000 ---p 00000000 00:00 0 
7fccc52f6000-7fccc53f4000 rw-p 00000000 00:00 0 
7fccc53f4000-7fccc53f7000 ---p 00000000 00:00 0 
7fccc53f7000-7fccc54f5000 rw-p 00000000 00:00 0 
7fccc54f5000-7fccc57cd000 r--p 00000000 08:01 3802415                    /usr/lib/locale/locale-archive
7fccc57cd000-7fccc57d0000 ---p 00000000 00:00 0 
7fccc57d0000-7fccc58ce000 rw-p 00000000 00:00 0 
7fccc58ce000-7fccc58d1000 ---p 00000000 00:00 0 
7fccc58d1000-7fccc59cf000 rw-p 00000000 00:00 0 
7fccc59cf000-7fccc59d0000 ---p 00000000 00:00 0 
7fccc59d0000-7fccc5ad0000 rw-p 00000000 00:00 0 
7fccc5ad0000-7fccc5c9d000 r--s 03bec000 08:01 4331531                    /home/jj/software/android-studio/jre/jre/lib/rt.jar
7fccc5c9d000-7fccc65bc000 rw-p 00000000 00:00 0 
7fccc65bc000-7fccc6714000 ---p 00000000 00:00 0 
7fccc6714000-7fccc6769000 rw-p 00000000 00:00 0 
7fccc6769000-7fccc6814000 ---p 00000000 00:00 0 
7fccc6814000-7fccc68bc000 rw-p 00000000 00:00 0 
7fccc68bc000-7fccc6a14000 ---p 00000000 00:00 0 
7fccc6a14000-7fccc6a91000 rw-p 00000000 00:00 0 
7fccc6a91000-7fccc6dd5000 ---p 00000000 00:00 0 
7fccc6dd5000-7fccc6def000 r-xp 00000000 08:01 4463922                    /home/jj/software/android-studio/jre/jre/lib/amd64/libzip.so
7fccc6def000-7fccc6fef000 ---p 0001a000 08:01 4463922                    /home/jj/software/android-studio/jre/jre/lib/amd64/libzip.so
7fccc6fef000-7fccc6ff0000 r--p 0001a000 08:01 4463922                    /home/jj/software/android-studio/jre/jre/lib/amd64/libzip.so
7fccc6ff0000-7fccc6ff1000 rw-p 0001b000 08:01 4463922                    /home/jj/software/android-studio/jre/jre/lib/amd64/libzip.so
7fccc6ff1000-7fccc6ffc000 r-xp 00000000 08:01 3145817                    /lib/x86_64-linux-gnu/libnss_files-2.23.so
7fccc6ffc000-7fccc71fb000 ---p 0000b000 08:01 3145817                    /lib/x86_64-linux-gnu/libnss_files-2.23.so
7fccc71fb000-7fccc71fc000 r--p 0000a000 08:01 3145817                    /lib/x86_64-linux-gnu/libnss_files-2.23.so
7fccc71fc000-7fccc71fd000 rw-p 0000b000 08:01 3145817                    /lib/x86_64-linux-gnu/libnss_files-2.23.so
7fccc71fd000-7fccc7203000 rw-p 00000000 00:00 0 
7fccc7203000-7fccc720e000 r-xp 00000000 08:01 3145814                    /lib/x86_64-linux-gnu/libnss_nis-2.23.so
7fccc720e000-7fccc740d000 ---p 0000b000 08:01 3145814                    /lib/x86_64-linux-gnu/libnss_nis-2.23.so
7fccc740d000-7fccc740e000 r--p 0000a000 08:01 3145814                    /lib/x86_64-linux-gnu/libnss_nis-2.23.so
7fccc740e000-7fccc740f000 rw-p 0000b000 08:01 3145814                    /lib/x86_64-linux-gnu/libnss_nis-2.23.so
7fccc740f000-7fccc7425000 r-xp 00000000 08:01 3145753                    /lib/x86_64-linux-gnu/libnsl-2.23.so
7fccc7425000-7fccc7624000 ---p 00016000 08:01 3145753                    /lib/x86_64-linux-gnu/libnsl-2.23.so
7fccc7624000-7fccc7625000 r--p 00015000 08:01 3145753                    /lib/x86_64-linux-gnu/libnsl-2.23.so
7fccc7625000-7fccc7626000 rw-p 00016000 08:01 3145753                    /lib/x86_64-linux-gnu/libnsl-2.23.so
7fccc7626000-7fccc7628000 rw-p 00000000 00:00 0 
7fccc7628000-7fccc7630000 r-xp 00000000 08:01 3145742                    /lib/x86_64-linux-gnu/libnss_compat-2.23.so
7fccc7630000-7fccc782f000 ---p 00008000 08:01 3145742                    /lib/x86_64-linux-gnu/libnss_compat-2.23.so
7fccc782f000-7fccc7830000 r--p 00007000 08:01 3145742                    /lib/x86_64-linux-gnu/libnss_compat-2.23.so
7fccc7830000-7fccc7831000 rw-p 00008000 08:01 3145742                    /lib/x86_64-linux-gnu/libnss_compat-2.23.so
7fccc7831000-7fccc785e000 r-xp 00000000 08:01 4463932                    /home/jj/software/android-studio/jre/jre/lib/amd64/libjava.so
7fccc785e000-7fccc7a5d000 ---p 0002d000 08:01 4463932                    /home/jj/software/android-studio/jre/jre/lib/amd64/libjava.so
7fccc7a5d000-7fccc7a5e000 r--p 0002c000 08:01 4463932                    /home/jj/software/android-studio/jre/jre/lib/amd64/libjava.so
7fccc7a5e000-7fccc7a60000 rw-p 0002d000 08:01 4463932                    /home/jj/software/android-studio/jre/jre/lib/amd64/libjava.so
7fccc7a60000-7fccc7a70000 r-xp 00000000 08:01 4463948                    /home/jj/software/android-studio/jre/jre/lib/amd64/libverify.so
7fccc7a70000-7fccc7c6f000 ---p 00010000 08:01 4463948                    /home/jj/software/android-studio/jre/jre/lib/amd64/libverify.so
7fccc7c6f000-7fccc7c71000 r--p 0000f000 08:01 4463948                    /home/jj/software/android-studio/jre/jre/lib/amd64/libverify.so
7fccc7c71000-7fccc7c72000 rw-p 00011000 08:01 4463948                    /home/jj/software/android-studio/jre/jre/lib/amd64/libverify.so
7fccc7c72000-7fccc7c79000 r-xp 00000000 08:01 3145826                    /lib/x86_64-linux-gnu/librt-2.23.so
7fccc7c79000-7fccc7e78000 ---p 00007000 08:01 3145826                    /lib/x86_64-linux-gnu/librt-2.23.so
7fccc7e78000-7fccc7e79000 r--p 00006000 08:01 3145826                    /lib/x86_64-linux-gnu/librt-2.23.so
7fccc7e79000-7fccc7e7a000 rw-p 00007000 08:01 3145826                    /lib/x86_64-linux-gnu/librt-2.23.so
7fccc7e7a000-7fccc7f82000 r-xp 00000000 08:01 3145823                    /lib/x86_64-linux-gnu/libm-2.23.so
7fccc7f82000-7fccc8181000 ---p 00108000 08:01 3145823                    /lib/x86_64-linux-gnu/libm-2.23.so
7fccc8181000-7fccc8182000 r--p 00107000 08:01 3145823                    /lib/x86_64-linux-gnu/libm-2.23.so
7fccc8182000-7fccc8183000 rw-p 00108000 08:01 3145823                    /lib/x86_64-linux-gnu/libm-2.23.so
7fccc8183000-7fccc8d69000 r-xp 00000000 08:01 4463952                    /home/jj/software/android-studio/jre/jre/lib/amd64/server/libjvm.so
7fccc8d69000-7fccc8f69000 ---p 00be6000 08:01 4463952                    /home/jj/software/android-studio/jre/jre/lib/amd64/server/libjvm.so
7fccc8f69000-7fccc9008000 r--p 00be6000 08:01 4463952                    /home/jj/software/android-studio/jre/jre/lib/amd64/server/libjvm.so
7fccc9008000-7fccc9031000 rw-p 00c85000 08:01 4463952                    /home/jj/software/android-studio/jre/jre/lib/amd64/server/libjvm.so
7fccc9031000-7fccc9073000 rw-p 00000000 00:00 0 
7fccc9073000-7fccc908b000 r-xp 00000000 08:01 3150512                    /lib/x86_64-linux-gnu/libpthread-2.23.so
7fccc908b000-7fccc928a000 ---p 00018000 08:01 3150512                    /lib/x86_64-linux-gnu/libpthread-2.23.so
7fccc928a000-7fccc928b000 r--p 00017000 08:01 3150512                    /lib/x86_64-linux-gnu/libpthread-2.23.so
7fccc928b000-7fccc928c000 rw-p 00018000 08:01 3150512                    /lib/x86_64-linux-gnu/libpthread-2.23.so
7fccc928c000-7fccc9290000 rw-p 00000000 00:00 0 
7fccc9290000-7fccc9293000 r-xp 00000000 08:01 3150514                    /lib/x86_64-linux-gnu/libdl-2.23.so
7fccc9293000-7fccc9492000 ---p 00003000 08:01 3150514                    /lib/x86_64-linux-gnu/libdl-2.23.so
7fccc9492000-7fccc9493000 r--p 00002000 08:01 3150514                    /lib/x86_64-linux-gnu/libdl-2.23.so
7fccc9493000-7fccc9494000 rw-p 00003000 08:01 3150514                    /lib/x86_64-linux-gnu/libdl-2.23.so
7fccc9494000-7fccc9653000 r-xp 00000000 08:01 3150513                    /lib/x86_64-linux-gnu/libc-2.23.so
7fccc9653000-7fccc9853000 ---p 001bf000 08:01 3150513                    /lib/x86_64-linux-gnu/libc-2.23.so
7fccc9853000-7fccc9857000 r--p 001bf000 08:01 3150513                    /lib/x86_64-linux-gnu/libc-2.23.so
7fccc9857000-7fccc9859000 rw-p 001c3000 08:01 3150513                    /lib/x86_64-linux-gnu/libc-2.23.so
7fccc9859000-7fccc985d000 rw-p 00000000 00:00 0 
7fccc985d000-7fccc9873000 r-xp 00000000 08:01 4331468                    /home/jj/software/android-studio/jre/lib/amd64/jli/libjli.so
7fccc9873000-7fccc9a72000 ---p 00016000 08:01 4331468                    /home/jj/software/android-studio/jre/lib/amd64/jli/libjli.so
7fccc9a72000-7fccc9a73000 r--p 00015000 08:01 4331468                    /home/jj/software/android-studio/jre/lib/amd64/jli/libjli.so
7fccc9a73000-7fccc9a74000 rw-p 00016000 08:01 4331468                    /home/jj/software/android-studio/jre/lib/amd64/jli/libjli.so
7fccc9a74000-7fccc9a9a000 r-xp 00000000 08:01 3145827                    /lib/x86_64-linux-gnu/ld-2.23.so
7fccc9a9a000-7fccc9a9b000 r--s 00000000 08:01 4464186                    /home/jj/software/android-studio/gradle/gradle-2.14.1/lib/javax.inject-1.jar
7fccc9a9b000-7fccc9a9c000 r--s 00000000 08:01 4464040                    /home/jj/software/android-studio/gradle/gradle-2.14.1/lib/jcip-annotations-1.0.jar
7fccc9a9c000-7fccc9aa1000 r--s 00041000 08:01 4464048                    /home/jj/software/android-studio/gradle/gradle-2.14.1/lib/commons-lang-2.6.jar
7fccc9aa1000-7fccc9aa9000 r--s 0003a000 08:01 4464047                    /home/jj/software/android-studio/gradle/gradle-2.14.1/lib/gradle-base-services-2.14.1.jar
7fccc9aa9000-7fccc9b79000 rw-p 00000000 00:00 0 
7fccc9b79000-7fccc9b7c000 ---p 00000000 00:00 0 
7fccc9b7c000-7fccc9c7e000 rw-p 00000000 00:00 0 
7fccc9c7e000-7fccc9c7f000 r--s 00001000 08:01 4464061                    /home/jj/software/android-studio/gradle/gradle-2.14.1/lib/gradle-process-services-2.14.1.jar
7fccc9c7f000-7fccc9c80000 r--s 00000000 08:01 4464023                    /home/jj/software/android-studio/gradle/gradle-2.14.1/lib/gradle-jvm-services-2.14.1.jar
7fccc9c80000-7fccc9c81000 r--s 00007000 08:01 4464033                    /home/jj/software/android-studio/gradle/gradle-2.14.1/lib/slf4j-api-1.7.10.jar
7fccc9c81000-7fccc9c82000 r--s 00004000 08:01 4464051                    /home/jj/software/android-studio/gradle/gradle-2.14.1/lib/ant-launcher-1.9.6.jar
7fccc9c82000-7fccc9c8d000 r--s 00051000 08:01 4464043                    /home/jj/software/android-studio/gradle/gradle-2.14.1/lib/gradle-launcher-2.14.1.jar
7fccc9c8d000-7fccc9c95000 rw-s 00000000 08:01 1973596                    /tmp/hsperfdata_jj/8332
7fccc9c95000-7fccc9c96000 rw-p 00000000 00:00 0 
7fccc9c96000-7fccc9c97000 r--p 00000000 00:00 0 
7fccc9c97000-7fccc9c99000 rw-p 00000000 00:00 0 
7fccc9c99000-7fccc9c9a000 r--p 00025000 08:01 3145827                    /lib/x86_64-linux-gnu/ld-2.23.so
7fccc9c9a000-7fccc9c9b000 rw-p 00026000 08:01 3145827                    /lib/x86_64-linux-gnu/ld-2.23.so
7fccc9c9b000-7fccc9c9c000 rw-p 00000000 00:00 0 
7ffceba27000-7ffceba48000 rw-p 00000000 00:00 0                          [stack]
7ffcebbf6000-7ffcebbf8000 r--p 00000000 00:00 0                          [vvar]
7ffcebbf8000-7ffcebbfa000 r-xp 00000000 00:00 0                          [vdso]
ffffffffff600000-ffffffffff601000 r-xp 00000000 00:00 0                  [vsyscall]

VM Arguments:
jvm_args: -Xmx1536m -Dfile.encoding=UTF-8 -Duser.country=US -Duser.language=en -Duser.variant 
java_command: org.gradle.launcher.daemon.bootstrap.GradleDaemon 2.14.1
java_class_path (initial): /home/jj/software/android-studio/gradle/gradle-2.14.1/lib/gradle-launcher-2.14.1.jar
Launcher Type: SUN_STANDARD

Environment Variables:
PATH=/home/jj/bin:/home/jj/.local/bin:/usr/local/sbin:/usr/local/bin:/usr/sbin:/usr/bin:/sbin:/bin:/usr/games:/usr/local/games:/snap/bin
LD_LIBRARY_PATH=.:
SHELL=/bin/bash
DISPLAY=:0.0

Signal Handlers:
SIGSEGV: [libjvm.so+0x9daac0], sa_mask[0]=11111111011111111101111111111110, sa_flags=SA_RESTART|SA_SIGINFO
SIGBUS: [libjvm.so+0x9daac0], sa_mask[0]=11111111011111111101111111111110, sa_flags=SA_RESTART|SA_SIGINFO
SIGFPE: [libjvm.so+0x840d90], sa_mask[0]=11111111011111111101111111111110, sa_flags=SA_RESTART|SA_SIGINFO
SIGPIPE: [libjvm.so+0x840d90], sa_mask[0]=11111111011111111101111111111110, sa_flags=SA_RESTART|SA_SIGINFO
SIGXFSZ: [libjvm.so+0x840d90], sa_mask[0]=11111111011111111101111111111110, sa_flags=SA_RESTART|SA_SIGINFO
SIGILL: [libjvm.so+0x840d90], sa_mask[0]=11111111011111111101111111111110, sa_flags=SA_RESTART|SA_SIGINFO
SIGUSR1: SIG_DFL, sa_mask[0]=00000000000000000000000000000000, sa_flags=none
SIGUSR2: [libjvm.so+0x840c60], sa_mask[0]=00100000000000000000000000000000, sa_flags=SA_RESTART|SA_SIGINFO
SIGHUP: [libjvm.so+0x840e50], sa_mask[0]=11111111011111111101111111111110, sa_flags=SA_RESTART|SA_SIGINFO
SIGINT: [libjvm.so+0x840e50], sa_mask[0]=11111111011111111101111111111110, sa_flags=SA_RESTART|SA_SIGINFO
SIGTERM: [libjvm.so+0x840e50], sa_mask[0]=11111111011111111101111111111110, sa_flags=SA_RESTART|SA_SIGINFO
SIGQUIT: [libjvm.so+0x840e50], sa_mask[0]=11111111011111111101111111111110, sa_flags=SA_RESTART|SA_SIGINFO


---------------  S Y S T E M  ---------------

OS:DISTRIB_ID=Ubuntu
DISTRIB_RELEASE=16.04
DISTRIB_CODENAME=xenial
DISTRIB_DESCRIPTION="Ubuntu 16.04.1 LTS"

uname:Linux 4.4.0-45-generic #66-Ubuntu SMP Wed Oct 19 14:12:37 UTC 2016 x86_64
libc:glibc 2.23 NPTL 2.23 
rlimit: STACK 8192k, CORE 0k, NPROC 128285, NOFILE 65536, AS infinity
load average:2.12 1.09 0.80

/proc/meminfo:
MemTotal:       32947500 kB
MemFree:        28472292 kB
MemAvailable:   29960192 kB
Buffers:          154964 kB
Cached:          1644096 kB
SwapCached:            0 kB
Active:          3291832 kB
Inactive:         905012 kB
Active(anon):    2399844 kB
Inactive(anon):    47260 kB
Active(file):     891988 kB
Inactive(file):   857752 kB
Unevictable:          32 kB
Mlocked:              32 kB
SwapTotal:      33551356 kB
SwapFree:       33551356 kB
Dirty:             31928 kB
Writeback:             0 kB
AnonPages:       2397884 kB
Mapped:           280272 kB
Shmem:             49212 kB
Slab:             139572 kB
SReclaimable:     111124 kB
SUnreclaim:        28448 kB
KernelStack:        7040 kB
PageTables:        24676 kB
NFS_Unstable:          0 kB
Bounce:                0 kB
WritebackTmp:          0 kB
CommitLimit:    50025104 kB
Committed_AS:    4535720 kB
VmallocTotal:   34359738367 kB
VmallocUsed:           0 kB
VmallocChunk:          0 kB
HardwareCorrupted:     0 kB
AnonHugePages:   1292288 kB
CmaTotal:              0 kB
CmaFree:               0 kB
HugePages_Total:       0
HugePages_Free:        0
HugePages_Rsvd:        0
HugePages_Surp:        0
Hugepagesize:       2048 kB
DirectMap4k:      116288 kB
DirectMap2M:     4077568 kB
DirectMap1G:    29360128 kB


CPU:total 1 (1 cores per cpu, 1 threads per core) family 16 model 6 stepping 3, cmov, cx8, fxsr, mmx, sse, sse2, sse3, popcnt, mmxext, 3dnowpref, lzcnt, sse4a, tsc, tscinvbit, tscinv

/proc/cpuinfo:
processor	: 0
vendor_id	: AuthenticAMD
cpu family	: 16
model		: 6
model name	: AMD Sempron(tm) 145 Processor
stepping	: 3
microcode	: 0x10000c8
cpu MHz		: 2800.000
cache size	: 1024 KB
physical id	: 0
siblings	: 1
core id		: 0
cpu cores	: 1
apicid		: 0
initial apicid	: 0
fpu		: yes
fpu_exception	: yes
cpuid level	: 5
wp		: yes
flags		: fpu vme de pse tsc msr pae mce cx8 apic sep mtrr pge mca cmov pat pse36 clflush mmx fxsr sse sse2 syscall nx mmxext fxsr_opt pdpe1gb rdtscp lm 3dnowext 3dnow constant_tsc rep_good nopl nonstop_tsc extd_apicid pni monitor cx16 popcnt lahf_lm svm extapic cr8_legacy abm sse4a misalignsse 3dnowprefetch osvw ibs skinit wdt hw_pstate vmmcall npt lbrv svm_lock nrip_save
bugs		: tlb_mmatch fxsave_leak sysret_ss_attrs
bogomips	: 6720.10
TLB size	: 1024 4K pages
clflush size	: 64
cache_alignment	: 64
address sizes	: 48 bits physical, 48 bits virtual
power management: ts ttp tm stc 100mhzsteps hwpstate



Memory: 4k page, physical 32947500k(28472292k free), swap 33551356k(33551356k free)

vm_info: OpenJDK 64-Bit Server VM (25.76-b03) for linux-amd64 JRE (1.8.0_76-release-b03), built on Jun 29 2016 09:39:19 by "builder" with gcc 4.8.4

time: Tue Nov  1 16:17:35 2016
elapsed time: 66 seconds (0d 0h 1m 6s)

