#
# A fatal error has been detected by the Java Runtime Environment:
#
#  SIGSEGV (0xb) at pc=0x00007f567e0a1b28, pid=19595, tid=0x00007f565f54d700
#
# JRE version: OpenJDK Runtime Environment (8.0_76-b03) (build 1.8.0_76-release-b03)
# Java VM: OpenJDK 64-Bit Server VM (25.76-b03 mixed mode linux-amd64 compressed oops)
# Problematic frame:
# J 6804 C2 sun.util.calendar.ZoneInfo.getTransitionIndex(JI)I (156 bytes) @ 0x00007f567e0a1b28 [0x00007f567e0a1ae0+0x48]
#
# Failed to write core dump. Core dumps have been disabled. To enable core dumping, try "ulimit -c unlimited" before starting Java again
#
# If you would like to submit a bug report, please visit:
#   http://bugreport.java.com/bugreport/crash.jsp
#

---------------  T H R E A D  ---------------

Current thread (0x00007f566c081800):  JavaThread "Daemon worker" [_thread_in_Java, id=19613, stack(0x00007f565f44d000,0x00007f565f54e000)]

siginfo: si_signo: 11 (SIGSEGV), si_code: 1 (SEGV_MAPERR), si_addr: 0x000000007b8c0fd2

Registers:
RAX=0x000000007b8c0fd2, RBX=0x00007f565e0e3360, RCX=0x0000000000000002, RDX=0x00000000c0339278
RSP=0x00007f565f548840, RBP=0x00007f565f549698, RSI=0x00000000c02738f8, RDI=0x00000000000000eb
R8 =0x0000000000000002, R9 =0x00000000a4b75a58, R10=0x00000000000000ea, R11=0x00000000c02738f8
R12=0x0000000000000000, R13=0x00000000000007e0, R14=0x00000000000007e0, R15=0x00007f566c081800
RIP=0x00007f567e0a1b28, EFLAGS=0x0000000000010206, CSGSFS=0x0000000000000033, ERR=0x0000000000000006
  TRAPNO=0x000000000000000e

Top of Stack: (sp=0x00007f565f548840)
0x00007f565f548840:   00007f565f5488d0 00007f567d0004e7
0x00007f565f548850:   000001553bc51660 00007f567d0004e7
0x00007f565f548860:   00000000c0226418 00000000a4b729c8
0x00007f565f548870:   00000000a4b75a58 00007f56000007e0
0x00007f565f548880:   00000000c026ff60 00007f5690e583d8
0x00007f565f548890:   00007f565f549698 00007f567e0291b2
0x00007f565f5488a0:   0000001000000000 000000000000000a
0x00007f565f5488b0:   00000000000b3adc 00007f565f548b80
0x00007f565f5488c0:   00007f5690e583d8 00007f565f548970
0x00007f565f5488d0:   00007f565f549698 00007f567e005617
0x00007f565f5488e0:   0000000000000002 00000000c02738f8
0x00007f565f5488f0:   00000000a4b75ab8 00007f5600000002
0x00007f565f548900:   000001553bc51660 00007f567d0467a0
0x00007f565f548910:   00007f566c081001 00007f566c080f98
0x00007f565f548920:   00000000a4b75a58 00000000c026ff60
0x00007f565f548930:   00007f566c081800 00007f566c080d70
0x00007f565f548940:   00007f565f549698 00007f567d821deb
0x00007f565f548950:   00007f566c081048 00000000000000d8
0x00007f565f548960:   00007f565f54a0c0 000001553ca0d060
0x00007f565f548970:   00007f566c081800 00007f5670f0ff90
0x00007f565f548980:   00007f5690e583d8 00000000a4b729c8
0x00007f565f548990:   00007f565f548e10 00007f567d14bf0c
0x00007f565f5489a0:   00000000c056cf98 00007f567dc23158
0x00007f565f5489b0:   00007f560000002f 00007f565f548b80
0x00007f565f5489c0:   00007f565f548a70 00007f565f548ab0
0x00007f565f5489d0:   00000000c04ac738 00007f567dc23158
0x00007f565f5489e0:   000000000000002f 00000000c026ff60
0x00007f565f5489f0:   00000000a4b75a58 00000155379bb800
0x00007f565f548a00:   000001553bc51660 00000000c02738f8
0x00007f565f548a10:   000000000000002f 00007f567e00135e
0x00007f565f548a20:   0000000000000009 00000000c0525a78
0x00007f565f548a30:   00007f565f549698 00007f567e0115c8 

Instructions: (pc=0x00007f567e0a1b28)
0x00007f567e0a1b08:   48 83 ec 50 48 89 54 24 10 4c 8b de 8b 56 24 8b
0x00007f567e0a1b18:   7a 0c 44 8b d7 41 ff ca 33 c0 45 05 d2 0f 8c 7b
0x00007f567e0a1b28:   00 00 00 44 8b c1 83 f9 01 0f 84 8a 01 00 00 85
0x00007f567e0a1b38:   c9 74 10 44 8b 6e 28 41 8b 4d 0c 41 8b da e9 8a 

Register to memory mapping:

RAX=0x000000007b8c0fd2 is an unknown value
RBX=0x00007f565e0e3360 is pointing into metadata
RCX=0x0000000000000002 is an unknown value
RDX=0x00000000c0339278 is an oop
[J 
 - klass: {type array long}
 - length: 235
RSP=0x00007f565f548840 is pointing into the stack for thread: 0x00007f566c081800
RBP=0x00007f565f549698 is pointing into the stack for thread: 0x00007f566c081800
RSI=0x00000000c02738f8 is an oop
sun.util.calendar.ZoneInfo 
 - klass: 'sun/util/calendar/ZoneInfo'
RDI=0x00000000000000eb is an unknown value
R8 =0x0000000000000002 is an unknown value
R9 =
[error occurred during error reporting (printing register info), id 0xb]

Stack: [0x00007f565f44d000,0x00007f565f54e000],  sp=0x00007f565f548840,  free space=1006k
Native frames: (J=compiled Java code, j=interpreted, Vv=VM code, C=native code)
J 6804 C2 sun.util.calendar.ZoneInfo.getTransitionIndex(JI)I (156 bytes) @ 0x00007f567e0a1b28 [0x00007f567e0a1ae0+0x48]
J 6681 C1 sun.util.calendar.ZoneInfo.getOffsets(J[II)I (276 bytes) @ 0x00007f567e0291b2 [0x00007f567e029040+0x172]
J 6297 C1 sun.util.calendar.AbstractCalendar.getTime(Lsun/util/calendar/CalendarDate;)J (174 bytes) @ 0x00007f567d821deb [0x00007f567d821180+0xc6b]
J 6340 C1 java.util.Date.normalize(Lsun/util/calendar/BaseCalendar$Date;)Lsun/util/calendar/BaseCalendar$Date; (269 bytes) @ 0x00007f567e0115c8 [0x00007f567e00f4c0+0x2108]
J 6758 C1 java.util.Date.normalize()Lsun/util/calendar/BaseCalendar$Date; (110 bytes) @ 0x00007f567e066832 [0x00007f567e066140+0x6f2]
J 6690 C1 java.util.Date.<init>(IIIIII)V (113 bytes) @ 0x00007f567e03db9b [0x00007f567e03c7e0+0x13bb]
J 6689 C1 java.util.zip.ZipUtils.dosToJavaTime(J)J (71 bytes) @ 0x00007f567e03a485 [0x00007f567e03a320+0x165]
J 6338 C1 java.util.zip.ZipEntry.getTime()J (40 bytes) @ 0x00007f567e00b8f7 [0x00007f567e00b7a0+0x157]
J 6337 C1 org.gradle.api.internal.file.archive.ZipFileTree$DetailsImpl.getLastModified()J (8 bytes) @ 0x00007f567e00b439 [0x00007f567e00b340+0xf9]
J 6688 C1 org.gradle.api.internal.file.AbstractFileTreeElement.validateTimeStamps()V (43 bytes) @ 0x00007f567e03ad4e [0x00007f567e03ac40+0x10e]
J 6330 C1 org.gradle.api.internal.file.AbstractFileTreeElement.copyTo(Ljava/io/File;)Z (76 bytes) @ 0x00007f567e007371 [0x00007f567e0072e0+0x91]
J 6334 C1 org.gradle.api.internal.file.copy.DefaultFileCopyDetails.copyTo(Ljava/io/File;)Z (34 bytes) @ 0x00007f567e00a567 [0x00007f567e00a220+0x347]
J 6329 C1 org.gradle.api.internal.file.copy.FileCopyAction$FileCopyDetailsInternalAction.processFile(Lorg/gradle/api/internal/file/copy/FileCopyDetailsInternal;)V (40 bytes) @ 0x00007f567e0063aa [0x00007f567e005b20+0x88a]
J 6246 C1 org.gradle.api.internal.file.copy.NormalizingCopyActionDecorator$1.maybeVisit(Lorg/gradle/api/file/RelativePath;ZLorg/gradle/api/internal/file/CopyActionProcessingStreamAction;)V (101 bytes) @ 0x00007f567d6c6816 [0x00007f567d6c5f80+0x896]
J 6293 C1 org.gradle.api.internal.file.copy.NormalizingCopyActionDecorator$1$1.processFile(Lorg/gradle/api/internal/file/copy/FileCopyDetailsInternal;)V (87 bytes) @ 0x00007f567d7277de [0x00007f567d727220+0x5be]
J 6292 C1 org.gradle.api.internal.file.copy.DuplicateHandlingCopyActionDecorator$1$1.processFile(Lorg/gradle/api/internal/file/copy/FileCopyDetailsInternal;)V (112 bytes) @ 0x00007f567d72a29b [0x00007f567d728c00+0x169b]
J 6695 C1 org.gradle.api.internal.file.copy.CopyFileVisitorImpl.processFile(Lorg/gradle/api/file/FileVisitDetails;)V (71 bytes) @ 0x00007f567e03f22e [0x00007f567e03eb80+0x6ae]
J 6694 C1 org.gradle.api.internal.file.copy.CopyFileVisitorImpl.visitFile(Lorg/gradle/api/file/FileVisitDetails;)V (6 bytes) @ 0x00007f567e047a38 [0x00007f567e0479c0+0x78]
J 6309 C1 org.gradle.api.internal.file.AbstractFileTree$FilteredFileTreeImpl$1.visitFile(Lorg/gradle/api/file/FileVisitDetails;)V (27 bytes) @ 0x00007f567d81f333 [0x00007f567d81f120+0x213]
j  org.gradle.api.internal.file.archive.ZipFileTree.visit(Lorg/gradle/api/file/FileVisitor;)V+236
j  org.gradle.api.internal.file.collections.FileTreeAdapter.visit(Lorg/gradle/api/file/FileVisitor;)Lorg/gradle/api/file/FileTree;+5
j  org.gradle.api.internal.file.AbstractFileTree$FilteredFileTreeImpl.visit(Lorg/gradle/api/file/FileVisitor;)Lorg/gradle/api/file/FileTree;+13
j  org.gradle.api.internal.file.CompositeFileTree.visit(Lorg/gradle/api/file/FileVisitor;)Lorg/gradle/api/file/FileTree;+31
j  org.gradle.api.internal.file.copy.CopySpecActionImpl.execute(Lorg/gradle/api/internal/file/copy/CopySpecResolver;)V+28
j  org.gradle.api.internal.file.copy.CopySpecActionImpl.execute(Ljava/lang/Object;)V+5
j  org.gradle.api.internal.file.copy.DefaultCopySpec$DefaultCopySpecResolver.walk(Lorg/gradle/api/Action;)V+2
j  org.gradle.api.internal.file.copy.DefaultCopySpec.walk(Lorg/gradle/api/Action;)V+5
j  org.gradle.api.internal.file.copy.DelegatingCopySpecInternal.walk(Lorg/gradle/api/Action;)V+5
j  org.gradle.api.internal.file.copy.CopySpecBackedCopyActionProcessingStream.process(Lorg/gradle/api/internal/file/CopyActionProcessingStreamAction;)V+20
j  org.gradle.api.internal.file.copy.DuplicateHandlingCopyActionDecorator$1.process(Lorg/gradle/api/internal/file/CopyActionProcessingStreamAction;)V+13
j  org.gradle.api.internal.file.copy.NormalizingCopyActionDecorator$1.process(Lorg/gradle/api/internal/file/CopyActionProcessingStreamAction;)V+13
j  org.gradle.api.internal.file.copy.FileCopyAction.execute(Lorg/gradle/api/internal/file/copy/CopyActionProcessingStream;)Lorg/gradle/api/tasks/WorkResult;+12
j  org.gradle.api.internal.file.copy.NormalizingCopyActionDecorator.execute(Lorg/gradle/api/internal/file/copy/CopyActionProcessingStream;)Lorg/gradle/api/tasks/WorkResult;+27
j  org.gradle.api.internal.file.copy.DuplicateHandlingCopyActionDecorator.execute(Lorg/gradle/api/internal/file/copy/CopyActionProcessingStream;)Lorg/gradle/api/tasks/WorkResult;+22
j  org.gradle.api.internal.file.copy.CopyActionExecuter.execute(Lorg/gradle/api/internal/file/copy/CopySpecInternal;Lorg/gradle/api/internal/file/copy/CopyAction;)Lorg/gradle/api/tasks/WorkResult;+41
j  org.gradle.api.internal.file.copy.FileCopier.doCopy(Lorg/gradle/api/internal/file/copy/CopySpecInternal;Lorg/gradle/api/internal/file/copy/CopyAction;)Lorg/gradle/api/tasks/WorkResult;+24
j  org.gradle.api.internal.file.copy.FileCopier.copy(Lorg/gradle/api/Action;)Lorg/gradle/api/tasks/WorkResult;+18
j  org.gradle.api.internal.file.DefaultFileOperations.copy(Lorg/gradle/api/Action;)Lorg/gradle/api/tasks/WorkResult;+5
j  org.gradle.api.internal.project.AbstractProject.copy(Lorg/gradle/api/Action;)Lorg/gradle/api/tasks/WorkResult;+5
j  org.gradle.api.internal.project.AbstractProject.copy(Lgroovy/lang/Closure;)Lorg/gradle/api/tasks/WorkResult;+9
j  com.android.build.gradle.internal.LibraryCache.unzipAar(Ljava/io/File;Ljava/io/File;Lorg/gradle/api/Project;)V+58
j  com.android.build.gradle.internal.tasks.PrepareLibraryTask.prepare()V+12
v  ~StubRoutines::call_stub
V  [libjvm.so+0x6257fa]  JavaCalls::call_helper(JavaValue*, methodHandle*, JavaCallArguments*, Thread*)+0xeea
V  [libjvm.so+0x8bf7e2]  Reflection::invoke(instanceKlassHandle, methodHandle, Handle, bool, objArrayHandle, BasicType, objArrayHandle, bool, Thread*)+0x752
V  [libjvm.so+0x8c01a4]  Reflection::invoke_method(oopDesc*, Handle, objArrayHandle, Thread*)+0x184
V  [libjvm.so+0x66efd0]  JVM_InvokeMethod+0x180
J 1204  sun.reflect.NativeMethodAccessorImpl.invoke0(Ljava/lang/reflect/Method;Ljava/lang/Object;[Ljava/lang/Object;)Ljava/lang/Object; (0 bytes) @ 0x00007f567d4141ad [0x00007f567d4140c0+0xed]
J 1203 C1 sun.reflect.NativeMethodAccessorImpl.invoke(Ljava/lang/Object;[Ljava/lang/Object;)Ljava/lang/Object; (104 bytes) @ 0x00007f567d4133fb [0x00007f567d412280+0x117b]
J 665 C1 sun.reflect.DelegatingMethodAccessorImpl.invoke(Ljava/lang/Object;[Ljava/lang/Object;)Ljava/lang/Object; (10 bytes) @ 0x00007f567d2bb343 [0x00007f567d2bb240+0x103]
J 664 C1 java.lang.reflect.Method.invoke(Ljava/lang/Object;[Ljava/lang/Object;)Ljava/lang/Object; (62 bytes) @ 0x00007f567d2bad74 [0x00007f567d2ba9a0+0x3d4]
J 3051 C1 org.gradle.internal.reflect.JavaMethod.invoke(Ljava/lang/Object;[Ljava/lang/Object;)Ljava/lang/Object; (74 bytes) @ 0x00007f567d963ddf [0x00007f567d963d60+0x7f]
j  org.gradle.api.internal.project.taskfactory.AnnotationProcessingTaskFactory$StandardTaskAction.doExecute(Lorg/gradle/api/Task;Ljava/lang/String;)V+17
j  org.gradle.api.internal.project.taskfactory.AnnotationProcessingTaskFactory$StandardTaskAction.execute(Lorg/gradle/api/Task;)V+32
j  org.gradle.api.internal.project.taskfactory.AnnotationProcessingTaskFactory$StandardTaskAction.execute(Ljava/lang/Object;)V+5
j  org.gradle.api.internal.AbstractTask$TaskActionWrapper.execute(Lorg/gradle/api/Task;)V+28
j  org.gradle.api.internal.AbstractTask$TaskActionWrapper.execute(Ljava/lang/Object;)V+5
j  org.gradle.api.internal.tasks.execution.ExecuteActionsTaskExecuter.executeAction(Lorg/gradle/api/internal/TaskInternal;Lorg/gradle/api/internal/tasks/ContextAwareTaskAction;Lorg/gradle/api/internal/tasks/TaskExecutionContext;)V+9
j  org.gradle.api.internal.tasks.execution.ExecuteActionsTaskExecuter.executeActions(Lorg/gradle/api/internal/TaskInternal;Lorg/gradle/api/internal/tasks/TaskStateInternal;Lorg/gradle/api/internal/tasks/TaskExecutionContext;)Lorg/gradle/api/GradleException;+79
j  org.gradle.api.internal.tasks.execution.ExecuteActionsTaskExecuter.execute(Lorg/gradle/api/internal/TaskInternal;Lorg/gradle/api/internal/tasks/TaskStateInternal;Lorg/gradle/api/internal/tasks/TaskExecutionContext;)V+19
j  org.gradle.api.internal.tasks.execution.PostExecutionAnalysisTaskExecuter.execute(Lorg/gradle/api/internal/TaskInternal;Lorg/gradle/api/internal/tasks/TaskStateInternal;Lorg/gradle/api/internal/tasks/TaskExecutionContext;)V+7
j  org.gradle.api.internal.tasks.execution.SkipUpToDateTaskExecuter.execute(Lorg/gradle/api/internal/TaskInternal;Lorg/gradle/api/internal/tasks/TaskStateInternal;Lorg/gradle/api/internal/tasks/TaskExecutionContext;)V+156
j  org.gradle.api.internal.tasks.execution.ValidatingTaskExecuter.execute(Lorg/gradle/api/internal/TaskInternal;Lorg/gradle/api/internal/tasks/TaskStateInternal;Lorg/gradle/api/internal/tasks/TaskExecutionContext;)V+215
j  org.gradle.api.internal.tasks.execution.SkipEmptySourceFilesTaskExecuter.execute(Lorg/gradle/api/internal/TaskInternal;Lorg/gradle/api/internal/tasks/TaskStateInternal;Lorg/gradle/api/internal/tasks/TaskExecutionContext;)V+111
j  org.gradle.api.internal.tasks.execution.SkipTaskWithNoActionsExecuter.execute(Lorg/gradle/api/internal/TaskInternal;Lorg/gradle/api/internal/tasks/TaskStateInternal;Lorg/gradle/api/internal/tasks/TaskExecutionContext;)V+110
j  org.gradle.api.internal.tasks.execution.SkipOnlyIfTaskExecuter.execute(Lorg/gradle/api/internal/TaskInternal;Lorg/gradle/api/internal/tasks/TaskStateInternal;Lorg/gradle/api/internal/tasks/TaskExecutionContext;)V+84
j  org.gradle.api.internal.tasks.execution.ExecuteAtMostOnceTaskExecuter.execute(Lorg/gradle/api/internal/TaskInternal;Lorg/gradle/api/internal/tasks/TaskStateInternal;Lorg/gradle/api/internal/tasks/TaskExecutionContext;)V+26
j  org.gradle.execution.taskgraph.DefaultTaskGraphExecuter$EventFiringTaskWorker.execute(Lorg/gradle/api/internal/TaskInternal;)V+106
j  org.gradle.execution.taskgraph.DefaultTaskGraphExecuter$EventFiringTaskWorker.execute(Ljava/lang/Object;)V+5
j  org.gradle.execution.taskgraph.AbstractTaskPlanExecutor$TaskExecutorWorker.processTask(Lorg/gradle/execution/taskgraph/TaskInfo;)V+8
j  org.gradle.execution.taskgraph.AbstractTaskPlanExecutor$TaskExecutorWorker.run()V+56
j  org.gradle.execution.taskgraph.DefaultTaskPlanExecutor.process(Lorg/gradle/execution/taskgraph/TaskExecutionPlan;Lorg/gradle/api/Action;)V+6
j  org.gradle.execution.taskgraph.DefaultTaskGraphExecuter.execute()V+65
j  org.gradle.execution.SelectedTaskExecutionAction.execute(Lorg/gradle/execution/BuildExecutionContext;)V+55
j  org.gradle.execution.DefaultBuildExecuter.execute(Lorg/gradle/api/internal/GradleInternal;I)V+37
j  org.gradle.execution.DefaultBuildExecuter.access$000(Lorg/gradle/execution/DefaultBuildExecuter;Lorg/gradle/api/internal/GradleInternal;I)V+3
j  org.gradle.execution.DefaultBuildExecuter$1.proceed()V+14
j  org.gradle.execution.DryRunBuildExecutionAction.execute(Lorg/gradle/execution/BuildExecutionContext;)V+68
j  org.gradle.execution.DefaultBuildExecuter.execute(Lorg/gradle/api/internal/GradleInternal;I)V+37
j  org.gradle.execution.DefaultBuildExecuter.execute(Lorg/gradle/api/internal/GradleInternal;)V+3
j  org.gradle.initialization.DefaultGradleLauncher$4.run()V+14
J 5003 C1 org.gradle.internal.Factories$1.create()Ljava/lang/Object; (11 bytes) @ 0x00007f567dd60403 [0x00007f567dd60300+0x103]
j  org.gradle.internal.progress.DefaultBuildOperationExecutor.run(Lorg/gradle/internal/progress/BuildOperationDetails;Lorg/gradle/internal/Factory;)Ljava/lang/Object;+171
j  org.gradle.internal.progress.DefaultBuildOperationExecutor.run(Ljava/lang/String;Ljava/lang/Runnable;)V+12
j  org.gradle.initialization.DefaultGradleLauncher.doBuildStages(Lorg/gradle/initialization/DefaultGradleLauncher$Stage;)V+85
j  org.gradle.initialization.DefaultGradleLauncher.access$200(Lorg/gradle/initialization/DefaultGradleLauncher;Lorg/gradle/initialization/DefaultGradleLauncher$Stage;)V+2
j  org.gradle.initialization.DefaultGradleLauncher$1.create()Lorg/gradle/BuildResult;+29
j  org.gradle.initialization.DefaultGradleLauncher$1.create()Ljava/lang/Object;+1
j  org.gradle.internal.progress.DefaultBuildOperationExecutor.run(Lorg/gradle/internal/progress/BuildOperationDetails;Lorg/gradle/internal/Factory;)Ljava/lang/Object;+171
j  org.gradle.internal.progress.DefaultBuildOperationExecutor.run(Ljava/lang/String;Lorg/gradle/internal/Factory;)Ljava/lang/Object;+9
j  org.gradle.initialization.DefaultGradleLauncher.doBuild(Lorg/gradle/initialization/DefaultGradleLauncher$Stage;)Lorg/gradle/BuildResult;+15
j  org.gradle.initialization.DefaultGradleLauncher.run()Lorg/gradle/BuildResult;+4
j  org.gradle.launcher.exec.InProcessBuildActionExecuter$DefaultBuildController.run()Lorg/gradle/api/internal/GradleInternal;+4
j  org.gradle.tooling.internal.provider.runner.BuildModelActionRunner.run(Lorg/gradle/internal/invocation/BuildAction;Lorg/gradle/internal/invocation/BuildController;)V+29
j  org.gradle.launcher.exec.ChainingBuildActionRunner.run(Lorg/gradle/internal/invocation/BuildAction;Lorg/gradle/internal/invocation/BuildController;)V+34
j  org.gradle.tooling.internal.provider.runner.SubscribableBuildActionRunner.run(Lorg/gradle/internal/invocation/BuildAction;Lorg/gradle/internal/invocation/BuildController;)V+37
j  org.gradle.launcher.exec.ChainingBuildActionRunner.run(Lorg/gradle/internal/invocation/BuildAction;Lorg/gradle/internal/invocation/BuildController;)V+34
j  org.gradle.launcher.exec.InProcessBuildActionExecuter.execute(Lorg/gradle/internal/invocation/BuildAction;Lorg/gradle/initialization/BuildRequestContext;Lorg/gradle/launcher/exec/BuildActionParameters;Lorg/gradle/internal/service/ServiceRegistry;)Ljava/lang/Object;+77
j  org.gradle.launcher.exec.InProcessBuildActionExecuter.execute(Lorg/gradle/internal/invocation/BuildAction;Lorg/gradle/initialization/BuildRequestContext;Ljava/lang/Object;Lorg/gradle/internal/service/ServiceRegistry;)Ljava/lang/Object;+9
j  org.gradle.launcher.exec.ContinuousBuildActionExecuter.execute(Lorg/gradle/internal/invocation/BuildAction;Lorg/gradle/initialization/BuildRequestContext;Lorg/gradle/launcher/exec/BuildActionParameters;Lorg/gradle/internal/service/ServiceRegistry;)Ljava/lang/Object;+114
...<more frames>...


---------------  P R O C E S S  ---------------

Java Threads: ( => current thread )
  0x00007f56702d9800 JavaThread "File lock request listener" [_thread_in_native, id=19620, stack(0x00007f565e498000,0x00007f565e599000)]
  0x00007f56705d0800 JavaThread "process reaper" daemon [_thread_blocked, id=19619, stack(0x00007f565e799000,0x00007f565e7d2000)]
  0x00007f5670018800 JavaThread "Stdin handler" [_thread_blocked, id=19617, stack(0x00007f565f24b000,0x00007f565f34c000)]
  0x00007f5670010000 JavaThread "Asynchronous log dispatcher for org.gradle.launcher.daemon.server.DefaultDaemonConnection@6e79d70" [_thread_blocked, id=19616, stack(0x00007f565f34c000,0x00007f565f44d000)]
=>0x00007f566c081800 JavaThread "Daemon worker" [_thread_in_Java, id=19613, stack(0x00007f565f44d000,0x00007f565f54e000)]
  0x00007f566c08a000 JavaThread "Cancel handler" [_thread_blocked, id=19612, stack(0x00007f565f54e000,0x00007f565f64f000)]
  0x00007f566c086000 JavaThread "Handler for socket connection from /127.0.0.1:43241 to /127.0.0.1:56610" [_thread_in_native, id=19611, stack(0x00007f565f64f000,0x00007f565f750000)]
  0x00007f5664017000 JavaThread "Daemon" [_thread_blocked, id=19610, stack(0x00007f565f750000,0x00007f565f851000)]
  0x00007f568caf1000 JavaThread "pool-1-thread-1" [_thread_blocked, id=19609, stack(0x00007f565f851000,0x00007f565f952000)]
  0x00007f568cadd800 JavaThread "Incoming local TCP Connector on port 43241" [_thread_in_native, id=19608, stack(0x00007f565fb59000,0x00007f565fc5a000)]
  0x00007f568c0b4000 JavaThread "Service Thread" daemon [_thread_blocked, id=19606, stack(0x00007f5690232000,0x00007f5690333000)]
  0x00007f568c0b0800 JavaThread "C1 CompilerThread1" daemon [_thread_blocked, id=19605, stack(0x00007f5690333000,0x00007f5690434000)]
  0x00007f568c0ae800 JavaThread "C2 CompilerThread0" daemon [_thread_blocked, id=19604, stack(0x00007f5690434000,0x00007f5690535000)]
  0x00007f568c0ad000 JavaThread "Signal Dispatcher" daemon [_thread_blocked, id=19603, stack(0x00007f5690535000,0x00007f5690636000)]
  0x00007f568c07a000 JavaThread "Finalizer" daemon [_thread_blocked, id=19602, stack(0x00007f569090e000,0x00007f5690a0f000)]
  0x00007f568c075800 JavaThread "Reference Handler" daemon [_thread_blocked, id=19601, stack(0x00007f5690a0f000,0x00007f5690b10000)]
  0x00007f568c00a000 JavaThread "main" [_thread_blocked, id=19597, stack(0x00007f5694cba000,0x00007f5694dbb000)]

Other Threads:
  0x00007f568c06d800 VMThread [stack: 0x00007f5690b10000,0x00007f5690c11000] [id=19600]
  0x00007f568c0b6800 WatcherThread [stack: 0x00007f5690131000,0x00007f5690232000] [id=19607]

VM state:not at safepoint (normal execution)

VM Mutex/Monitor currently owned by a thread: None

Heap:
 def new generation   total 154944K, used 92317K [0x00000000a0000000, 0x00000000aa810000, 0x00000000c0000000)
  eden space 137792K,  56% used [0x00000000a0000000, 0x00000000a4c44530, 0x00000000a8690000)
  from space 17152K,  82% used [0x00000000a9750000, 0x00000000aa532fe0, 0x00000000aa810000)
  to   space 17152K,   0% used [0x00000000a8690000, 0x00000000a8690000, 0x00000000a9750000)
 tenured generation   total 344064K, used 26813K [0x00000000c0000000, 0x00000000d5000000, 0x0000000100000000)
   the space 344064K,   7% used [0x00000000c0000000, 0x00000000c1a2f7d0, 0x00000000c1a2f800, 0x00000000d5000000)
 Metaspace       used 49060K, capacity 50422K, committed 50688K, reserved 1093632K
  class space    used 6532K, capacity 6859K, committed 6912K, reserved 1048576K

Card table byte_map: [0x00007f5691855000,0x00007f5691b56000] byte_map_base: 0x00007f5691355000

Polling page: 0x00007f5694dd7000

CodeCache: size=245760Kb used=16982Kb max_used=16986Kb free=228777Kb
 bounds [0x00007f567d000000, 0x00007f567e0b0000, 0x00007f568c000000]
 total_blobs=6993 nmethods=6294 adapters=613
 compilation: enabled

Compilation events (10 events):
Event: 19.215 Thread 0x00007f568c0ae800 6803       4       org.gradle.api.internal.file.pattern.PatternMatcherFactory$PathMatcherBackedSpec::isSatisfiedBy (44 bytes)
Event: 19.238 Thread 0x00007f568c0ae800 nmethod 6803 0x00007f567e0a0810 code [0x00007f567e0a09e0, 0x00007f567e0a1068]
Event: 19.238 Thread 0x00007f568c0ae800 6804       4       sun.util.calendar.ZoneInfo::getTransitionIndex (156 bytes)
Event: 19.248 Thread 0x00007f568c0ae800 nmethod 6804 0x00007f567e0a1990 code [0x00007f567e0a1ae0, 0x00007f567e0a1d38]
Event: 19.248 Thread 0x00007f568c0ae800 6797       4       java.util.concurrent.locks.ReentrantLock$NonfairSync::lock (25 bytes)
Event: 19.250 Thread 0x00007f568c0ae800 nmethod 6797 0x00007f567e092f90 code [0x00007f567e0930e0, 0x00007f567e093218]
Event: 19.254 Thread 0x00007f568c0b0800 6805 %     3       java.util.regex.Pattern$Curly::match0 @ 127 (174 bytes)
Event: 19.255 Thread 0x00007f568c0b0800 nmethod 6805% 0x00007f567e093790 code [0x00007f567e0939a0, 0x00007f567e0944c8]
Event: 19.258 Thread 0x00007f568c0b0800 6806       3       java.util.regex.Pattern$Curly::match0 (174 bytes)
Event: 19.259 Thread 0x00007f568c0b0800 nmethod 6806 0x00007f567e09e550 code [0x00007f567e09e740, 0x00007f567e09f148]

GC Heap History (10 events):
Event: 4.312 GC heap before
{Heap before GC invocations=1 (full 0):
 def new generation   total 154880K, used 31664K [0x00000000a0000000, 0x00000000aa800000, 0x00000000c0000000)
  eden space 137728K,  10% used [0x00000000a0000000, 0x00000000a0ec0c88, 0x00000000a8680000)
  from space 17152K,  96% used [0x00000000a9740000, 0x00000000aa76b660, 0x00000000aa800000)
  to   space 17152K,   0% used [0x00000000a8680000, 0x00000000a8680000, 0x00000000a9740000)
 tenured generation   total 344064K, used 0K [0x00000000c0000000, 0x00000000d5000000, 0x0000000100000000)
   the space 344064K,   0% used [0x00000000c0000000, 0x00000000c0000000, 0x00000000c0000200, 0x00000000d5000000)
 Metaspace       used 20874K, capacity 21156K, committed 21296K, reserved 1067008K
  class space    used 2780K, capacity 2880K, committed 2944K, reserved 1048576K
Event: 4.368 GC heap after
Heap after GC invocations=2 (full 1):
 def new generation   total 154944K, used 0K [0x00000000a0000000, 0x00000000aa810000, 0x00000000c0000000)
  eden space 137792K,   0% used [0x00000000a0000000, 0x00000000a0000000, 0x00000000a8690000)
  from space 17152K,   0% used [0x00000000a8690000, 0x00000000a8690000, 0x00000000a9750000)
  to   space 17152K,   0% used [0x00000000a9750000, 0x00000000a9750000, 0x00000000aa810000)
 tenured generation   total 344064K, used 8312K [0x00000000c0000000, 0x00000000d5000000, 0x0000000100000000)
   the space 344064K,   2% used [0x00000000c0000000, 0x00000000c081e3e8, 0x00000000c081e400, 0x00000000d5000000)
 Metaspace       used 20874K, capacity 21156K, committed 21296K, reserved 1067008K
  class space    used 2780K, capacity 2880K, committed 2944K, reserved 1048576K
}
Event: 7.589 GC heap before
{Heap before GC invocations=2 (full 1):
 def new generation   total 154944K, used 137792K [0x00000000a0000000, 0x00000000aa810000, 0x00000000c0000000)
  eden space 137792K, 100% used [0x00000000a0000000, 0x00000000a8690000, 0x00000000a8690000)
  from space 17152K,   0% used [0x00000000a8690000, 0x00000000a8690000, 0x00000000a9750000)
  to   space 17152K,   0% used [0x00000000a9750000, 0x00000000a9750000, 0x00000000aa810000)
 tenured generation   total 344064K, used 8312K [0x00000000c0000000, 0x00000000d5000000, 0x0000000100000000)
   the space 344064K,   2% used [0x00000000c0000000, 0x00000000c081e3e8, 0x00000000c081e400, 0x00000000d5000000)
 Metaspace       used 27907K, capacity 28468K, committed 28544K, reserved 1073152K
  class space    used 3800K, capacity 3946K, committed 3968K, reserved 1048576K
Event: 7.611 GC heap after
Heap after GC invocations=3 (full 1):
 def new generation   total 154944K, used 8378K [0x00000000a0000000, 0x00000000aa810000, 0x00000000c0000000)
  eden space 137792K,   0% used [0x00000000a0000000, 0x00000000a0000000, 0x00000000a8690000)
  from space 17152K,  48% used [0x00000000a9750000, 0x00000000a9f7eb68, 0x00000000aa810000)
  to   space 17152K,   0% used [0x00000000a8690000, 0x00000000a8690000, 0x00000000a9750000)
 tenured generation   total 344064K, used 8312K [0x00000000c0000000, 0x00000000d5000000, 0x0000000100000000)
   the space 344064K,   2% used [0x00000000c0000000, 0x00000000c081e3e8, 0x00000000c081e400, 0x00000000d5000000)
 Metaspace       used 27907K, capacity 28468K, committed 28544K, reserved 1073152K
  class space    used 3800K, capacity 3946K, committed 3968K, reserved 1048576K
}
Event: 9.953 GC heap before
{Heap before GC invocations=3 (full 1):
 def new generation   total 154944K, used 106501K [0x00000000a0000000, 0x00000000aa810000, 0x00000000c0000000)
  eden space 137792K,  71% used [0x00000000a0000000, 0x00000000a5fd2c48, 0x00000000a8690000)
  from space 17152K,  48% used [0x00000000a9750000, 0x00000000a9f7eb68, 0x00000000aa810000)
  to   space 17152K,   0% used [0x00000000a8690000, 0x00000000a8690000, 0x00000000a9750000)
 tenured generation   total 344064K, used 8312K [0x00000000c0000000, 0x00000000d5000000, 0x0000000100000000)
   the space 344064K,   2% used [0x00000000c0000000, 0x00000000c081e3e8, 0x00000000c081e400, 0x00000000d5000000)
 Metaspace       used 34759K, capacity 35332K, committed 35496K, reserved 1079296K
  class space    used 4665K, capacity 4825K, committed 4864K, reserved 1048576K
Event: 10.159 GC heap after
Heap after GC invocations=4 (full 2):
 def new generation   total 154944K, used 0K [0x00000000a0000000, 0x00000000aa810000, 0x00000000c0000000)
  eden space 137792K,   0% used [0x00000000a0000000, 0x00000000a0000000, 0x00000000a8690000)
  from space 17152K,   0% used [0x00000000a9750000, 0x00000000a9750000, 0x00000000aa810000)
  to   space 17152K,   0% used [0x00000000a8690000, 0x00000000a8690000, 0x00000000a9750000)
 tenured generation   total 344064K, used 19891K [0x00000000c0000000, 0x00000000d5000000, 0x0000000100000000)
   the space 344064K,   5% used [0x00000000c0000000, 0x00000000c136cc00, 0x00000000c136cc00, 0x00000000d5000000)
 Metaspace       used 34759K, capacity 35332K, committed 35496K, reserved 1079296K
  class space    used 4665K, capacity 4825K, committed 4864K, reserved 1048576K
}
Event: 13.364 GC heap before
{Heap before GC invocations=4 (full 2):
 def new generation   total 154944K, used 137792K [0x00000000a0000000, 0x00000000aa810000, 0x00000000c0000000)
  eden space 137792K, 100% used [0x00000000a0000000, 0x00000000a8690000, 0x00000000a8690000)
  from space 17152K,   0% used [0x00000000a9750000, 0x00000000a9750000, 0x00000000aa810000)
  to   space 17152K,   0% used [0x00000000a8690000, 0x00000000a8690000, 0x00000000a9750000)
 tenured generation   total 344064K, used 19891K [0x00000000c0000000, 0x00000000d5000000, 0x0000000100000000)
   the space 344064K,   5% used [0x00000000c0000000, 0x00000000c136cc00, 0x00000000c136cc00, 0x00000000d5000000)
 Metaspace       used 42843K, capacity 43688K, committed 43904K, reserved 1087488K
  class space    used 5691K, capacity 5902K, committed 6016K, reserved 1048576K
Event: 13.420 GC heap after
Heap after GC invocations=5 (full 2):
 def new generation   total 154944K, used 10946K [0x00000000a0000000, 0x00000000aa810000, 0x00000000c0000000)
  eden space 137792K,   0% used [0x00000000a0000000, 0x00000000a0000000, 0x00000000a8690000)
  from space 17152K,  63% used [0x00000000a8690000, 0x00000000a9140928, 0x00000000a9750000)
  to   space 17152K,   0% used [0x00000000a9750000, 0x00000000a9750000, 0x00000000aa810000)
 tenured generation   total 344064K, used 19891K [0x00000000c0000000, 0x00000000d5000000, 0x0000000100000000)
   the space 344064K,   5% used [0x00000000c0000000, 0x00000000c136cc00, 0x00000000c136cc00, 0x00000000d5000000)
 Metaspace       used 42843K, capacity 43688K, committed 43904K, reserved 1087488K
  class space    used 5691K, capacity 5902K, committed 6016K, reserved 1048576K
}
Event: 15.995 GC heap before
{Heap before GC invocations=5 (full 2):
 def new generation   total 154944K, used 148738K [0x00000000a0000000, 0x00000000aa810000, 0x00000000c0000000)
  eden space 137792K, 100% used [0x00000000a0000000, 0x00000000a8690000, 0x00000000a8690000)
  from space 17152K,  63% used [0x00000000a8690000, 0x00000000a9140928, 0x00000000a9750000)
  to   space 17152K,   0% used [0x00000000a9750000, 0x00000000a9750000, 0x00000000aa810000)
 tenured generation   total 344064K, used 19891K [0x00000000c0000000, 0x00000000d5000000, 0x0000000100000000)
   the space 344064K,   5% used [0x00000000c0000000, 0x00000000c136cc00, 0x00000000c136cc00, 0x00000000d5000000)
 Metaspace       used 46905K, capacity 48240K, committed 48384K, reserved 1091584K
  class space    used 6302K, capacity 6614K, committed 6656K, reserved 1048576K
Event: 16.054 GC heap after
Heap after GC invocations=6 (full 2):
 def new generation   total 154944K, used 14219K [0x00000000a0000000, 0x00000000aa810000, 0x00000000c0000000)
  eden space 137792K,   0% used [0x00000000a0000000, 0x00000000a0000000, 0x00000000a8690000)
  from space 17152K,  82% used [0x00000000a9750000, 0x00000000aa532fe0, 0x00000000aa810000)
  to   space 17152K,   0% used [0x00000000a8690000, 0x00000000a8690000, 0x00000000a9750000)
 tenured generation   total 344064K, used 26813K [0x00000000c0000000, 0x00000000d5000000, 0x0000000100000000)
   the space 344064K,   7% used [0x00000000c0000000, 0x00000000c1a2f7d0, 0x00000000c1a2f800, 0x00000000d5000000)
 Metaspace       used 46905K, capacity 48240K, committed 48384K, reserved 1091584K
  class space    used 6302K, capacity 6614K, committed 6656K, reserved 1048576K
}

Deoptimization events (10 events):
Event: 16.061 Thread 0x00007f566c081800 Uncommon trap: reason=speculate_class_check action=maybe_recompile pc=0x00007f567dd8ca4c method=com.google.common.collect.AbstractIndexedListIterator.next()Ljava/lang/Object; @ 27
Event: 16.330 Thread 0x00007f566c081800 Uncommon trap: reason=unstable_if action=reinterpret pc=0x00007f567ddc22e0 method=java.lang.Integer.getChars(II[C)V @ 20
Event: 17.358 Thread 0x00007f566c081800 Uncommon trap: reason=unstable_if action=reinterpret pc=0x00007f567d331efc method=java.lang.String.regionMatches(ZILjava/lang/String;II)Z @ 123
Event: 17.406 Thread 0x00007f566c081800 Uncommon trap: reason=class_check action=maybe_recompile pc=0x00007f567d90ffb8 method=java.util.zip.InflaterInputStream.read([BII)I @ 100
Event: 17.408 Thread 0x00007f566c081800 Uncommon trap: reason=class_check action=maybe_recompile pc=0x00007f567d90ffb8 method=java.util.zip.InflaterInputStream.read([BII)I @ 100
Event: 17.410 Thread 0x00007f566c081800 Uncommon trap: reason=class_check action=maybe_recompile pc=0x00007f567d90ffb8 method=java.util.zip.InflaterInputStream.read([BII)I @ 100
Event: 17.410 Thread 0x00007f566c081800 Uncommon trap: reason=class_check action=maybe_recompile pc=0x00007f567d90ffb8 method=java.util.zip.InflaterInputStream.read([BII)I @ 100
Event: 18.875 Thread 0x00007f566c081800 Uncommon trap: reason=unstable_if action=reinterpret pc=0x00007f567dffec08 method=org.gradle.api.internal.file.pattern.FixedStepsPathMatcher.matches([Ljava/lang/String;I)Z @ 70
Event: 19.048 Thread 0x00007f566c081800 Uncommon trap: reason=unstable_if action=reinterpret pc=0x00007f567e014bf0 method=org.gradle.api.internal.file.pattern.FixedStepsPathMatcher.matches([Ljava/lang/String;I)Z @ 70
Event: 19.072 Thread 0x00007f566c081800 Uncommon trap: reason=unstable_if action=reinterpret pc=0x00007f567dfef1dc method=org.gradle.api.internal.file.pattern.FixedStepsPathMatcher.matches([Ljava/lang/String;I)Z @ 70

Internal exceptions (10 events):
Event: 15.850 Thread 0x00007f566c081800 Exception <a 'java/lang/ClassNotFoundException': org/gradle/model/internal/core/ModelMapGroovyViewCustomizer> (0x00000000a7952788) thrown at [/ssd/Android/AOSP-openjdk/external/jetbrains/jdk/hotspot/src/share/vm/classfile/systemDictionary.cpp, line 210]
Event: 15.851 Thread 0x00007f566c081800 Exception <a 'java/lang/ClassNotFoundException': org/gradle/model/internal/core/NodeBackedModelMapCustomizer> (0x00000000a79762d0) thrown at [/ssd/Android/AOSP-openjdk/external/jetbrains/jdk/hotspot/src/share/vm/classfile/systemDictionary.cpp, line 210]
Event: 15.853 Thread 0x00007f566c081800 Exception <a 'java/lang/ClassNotFoundException': org/gradle/platform/base/BinaryContainer_ImplCustomizer> (0x00000000a79d2f18) thrown at [/ssd/Android/AOSP-openjdk/external/jetbrains/jdk/hotspot/src/share/vm/classfile/systemDictionary.cpp, line 210]
Event: 16.333 Thread 0x00007f566c081800 Exception <a 'java/lang/NoSuchMethodError': <clinit>> (0x00000000a08d2390) thrown at [/ssd/Android/AOSP-openjdk/external/jetbrains/jdk/hotspot/src/share/vm/prims/jni.cpp, line 1591]
Event: 16.334 Thread 0x00007f566c081800 Exception <a 'java/lang/NoSuchMethodError': <clinit>> (0x00000000a08df378) thrown at [/ssd/Android/AOSP-openjdk/external/jetbrains/jdk/hotspot/src/share/vm/prims/jni.cpp, line 1591]
Event: 17.108 Thread 0x00007f566c081800 Exception <a 'java/lang/NoSuchMethodError': <clinit>> (0x00000000a1a695e8) thrown at [/ssd/Android/AOSP-openjdk/external/jetbrains/jdk/hotspot/src/share/vm/prims/jni.cpp, line 1591]
Event: 17.118 Thread 0x00007f566c081800 Exception <a 'java/lang/NoSuchMethodError': <clinit>> (0x00000000a1a81df8) thrown at [/ssd/Android/AOSP-openjdk/external/jetbrains/jdk/hotspot/src/share/vm/prims/jni.cpp, line 1591]
Event: 17.118 Thread 0x00007f566c081800 Exception <a 'java/lang/NoSuchMethodError': <clinit>> (0x00000000a1a83310) thrown at [/ssd/Android/AOSP-openjdk/external/jetbrains/jdk/hotspot/src/share/vm/prims/jni.cpp, line 1591]
Event: 17.298 Thread 0x00007f566c081800 Exception <a 'java/lang/ClassNotFoundException': com/android/build/gradle/internal/LibraryCache$1BeanInfo> (0x00000000a1c77228) thrown at [/ssd/Android/AOSP-openjdk/external/jetbrains/jdk/hotspot/src/share/vm/classfile/systemDictionary.cpp, line 210]
Event: 17.298 Thread 0x00007f566c081800 Exception <a 'java/lang/ClassNotFoundException': com/android/build/gradle/internal/LibraryCache$1Customizer> (0x00000000a1c87e20) thrown at [/ssd/Android/AOSP-openjdk/external/jetbrains/jdk/hotspot/src/share/vm/classfile/systemDictionary.cpp, line 210]

Events (10 events):
Event: 18.875 Thread 0x00007f566c081800 DEOPT PACKING pc=0x00007f567dffec08 sp=0x00007f565f5493e0
Event: 18.875 Thread 0x00007f566c081800 DEOPT UNPACKING pc=0x00007f567d004f69 sp=0x00007f565f549268 mode 2
Event: 19.048 Thread 0x00007f566c081800 Uncommon trap: trap_request=0xffffff65 fr.pc=0x00007f567e014bf0
Event: 19.048 Thread 0x00007f566c081800 DEOPT PACKING pc=0x00007f567e014bf0 sp=0x00007f565f549460
Event: 19.048 Thread 0x00007f566c081800 DEOPT UNPACKING pc=0x00007f567d004f69 sp=0x00007f565f549338 mode 2
Event: 19.072 Thread 0x00007f566c081800 Uncommon trap: trap_request=0xffffff65 fr.pc=0x00007f567dfef1dc
Event: 19.072 Thread 0x00007f566c081800 DEOPT PACKING pc=0x00007f567dfef1dc sp=0x00007f565f549390
Event: 19.072 Thread 0x00007f566c081800 DEOPT UNPACKING pc=0x00007f567d004f69 sp=0x00007f565f549340 mode 2
Event: 19.255 Thread 0x00007f566c081800 DEOPT PACKING pc=0x00007f567dc09d69 sp=0x00007f565f548aa0
Event: 19.255 Thread 0x00007f566c081800 DEOPT UNPACKING pc=0x00007f567d046f73 sp=0x00007f565f5487f8 mode 0


Dynamic libraries:
00400000-00401000 r-xp 00000000 08:01 4331494                            /home/jj/software/android-studio/jre/bin/java
00600000-00601000 r--p 00000000 08:01 4331494                            /home/jj/software/android-studio/jre/bin/java
00601000-00602000 rw-p 00001000 08:01 4331494                            /home/jj/software/android-studio/jre/bin/java
00737000-00758000 rw-p 00000000 00:00 0                                  [heap]
a0000000-aa810000 rw-p 00000000 00:00 0 
aa810000-c0000000 ---p 00000000 00:00 0 
c0000000-d5000000 rw-p 00000000 00:00 0 
d5000000-100000000 ---p 00000000 00:00 0 
100000000-1006c0000 rw-p 00000000 00:00 0 
1006c0000-140000000 ---p 00000000 00:00 0 
7f565ccec000-7f565cdac000 rw-p 00000000 00:00 0 
7f565cdac000-7f565ceec000 ---p 00000000 00:00 0 
7f565ceec000-7f565d0ec000 rw-p 00000000 00:00 0 
7f565d0ec000-7f565d2ec000 rw-p 00000000 00:00 0 
7f565d2ec000-7f565d4ec000 rw-p 00000000 00:00 0 
7f565d4ec000-7f565d6ec000 rw-p 00000000 00:00 0 
7f565d6ec000-7f565d6ff000 r--s 00344000 08:01 4331517                    /home/jj/software/android-studio/jre/jre/lib/resources.jar
7f565d6ff000-7f565d8ff000 rw-p 00000000 00:00 0 
7f565d8ff000-7f565daff000 rw-p 00000000 00:00 0 
7f565daff000-7f565dcff000 rw-p 00000000 00:00 0 
7f565dcff000-7f565deff000 rw-p 00000000 00:00 0 
7f565deff000-7f565df2a000 r--s 001fc000 08:01 4746606                    /home/jj/software/android-studio/gradle/m2repository/com/google/guava/guava/18.0/guava-18.0.jar
7f565df2a000-7f565df2b000 r--s 00001000 08:01 4873259                    /home/jj/software/android-studio/gradle/m2repository/com/android/tools/annotations/25.2.2/annotations-25.2.2.jar
7f565df2b000-7f565df3d000 r--s 000b3000 08:01 4994132                    /home/jj/software/android-studio/gradle/m2repository/com/android/tools/external/com-intellij/uast/145.597.3/uast-145.597.3.jar
7f565df3d000-7f565df45000 r--s 000a8000 08:01 4994125                    /home/jj/software/android-studio/gradle/m2repository/com/android/tools/external/lombok/lombok-ast/0.2.3/lombok-ast-0.2.3.jar
7f565df45000-7f565df47000 r--s 0000d000 08:01 4994139                    /home/jj/software/android-studio/gradle/m2repository/commons-codec/commons-codec/1.4/commons-codec-1.4.jar
7f565df47000-7f565df49000 r--s 0000d000 08:01 4464220                    /home/jj/software/android-studio/gradle/m2repository/commons-logging/commons-logging/1.1.1/commons-logging-1.1.1.jar
7f565df49000-7f565df4e000 r--s 00028000 08:01 4605350                    /home/jj/software/android-studio/gradle/m2repository/org/apache/httpcomponents/httpcore/4.1/httpcore-4.1.jar
7f565df4e000-7f565df52000 r--s 0002f000 08:01 4746636                    /home/jj/software/android-studio/gradle/m2repository/com/google/jimfs/jimfs/1.1/jimfs-1.1.jar
7f565df52000-7f565df53000 r--s 00004000 08:01 4746569                    /home/jj/software/android-studio/gradle/m2repository/com/intellij/annotations/12.0/annotations-12.0.jar
7f565df53000-7f565df54000 r--s 00004000 08:01 4464267                    /home/jj/software/android-studio/gradle/m2repository/org/ow2/asm/asm-analysis/5.0.4/asm-analysis-5.0.4.jar
7f565df54000-7f565df58000 r--s 0003b000 08:01 1314861                    /home/jj/software/android-studio/gradle/m2repository/com/android/tools/lint/lint-api/25.2.2/lint-api-25.2.2.jar
7f565df58000-7f565df59000 r--s 0000a000 08:01 4605379                    /home/jj/software/android-studio/gradle/m2repository/net/sf/kxml/kxml2/2.3.0/kxml2-2.3.0.jar
7f565df59000-7f565df5b000 r--s 00005000 08:01 4605341                    /home/jj/software/android-studio/gradle/m2repository/org/apache/httpcomponents/httpmime/4.1/httpmime-4.1.jar
7f565df5b000-7f565df63000 r--s 0004e000 08:01 4605361                    /home/jj/software/android-studio/gradle/m2repository/org/apache/httpcomponents/httpclient/4.1.1/httpclient-4.1.1.jar
7f565df63000-7f565df6a000 r--s 00053000 08:01 4605373                    /home/jj/software/android-studio/gradle/m2repository/org/apache/commons/commons-compress/1.8.1/commons-compress-1.8.1.jar
7f565df6a000-7f565df6f000 r--s 0002a000 08:01 4746624                    /home/jj/software/android-studio/gradle/m2repository/com/google/code/gson/gson/2.2.4/gson-2.2.4.jar
7f565df6f000-7f565df74000 r--s 0002d000 08:01 5120494                    /home/jj/software/android-studio/gradle/m2repository/com/android/tools/repository/25.2.2/repository-25.2.2.jar
7f565df74000-7f565df75000 r--s 00005000 08:01 4994100                    /home/jj/software/android-studio/gradle/m2repository/com/android/tools/dvlib/25.2.2/dvlib-25.2.2.jar
7f565df75000-7f565df78000 r--s 00014000 08:01 4994014                    /home/jj/software/android-studio/gradle/m2repository/com/android/tools/layoutlib/layoutlib-api/25.2.2/layoutlib-api-25.2.2.jar
7f565df78000-7f565df7d000 r--s 00058000 08:01 4464242                    /home/jj/software/android-studio/gradle/m2repository/org/ow2/asm/asm-debug-all/5.0.1/asm-debug-all-5.0.1.jar
7f565df7d000-7f565df8d000 r--s 000d6000 08:01 4746652                    /home/jj/software/android-studio/gradle/m2repository/net/sf/proguard/proguard-base/5.2.1/proguard-base-5.2.1.jar
7f565df8d000-7f565df90000 r--s 00033000 08:01 4746576                    /home/jj/software/android-studio/gradle/m2repository/com/googlecode/juniversalchardet/juniversalchardet/1.0.3/juniversalchardet-1.0.3.jar
7f565df90000-7f565df94000 r--s 0002a000 08:01 4464213                    /home/jj/software/android-studio/gradle/m2repository/commons-io/commons-io/2.4/commons-io-2.4.jar
7f565df94000-7f565dfab000 r--s 00154000 08:01 4605286                    /home/jj/software/android-studio/gradle/m2repository/org/antlr/antlr4/4.5.3/antlr4-4.5.3.jar
7f565dfab000-7f565dfac000 r--s 00002000 08:01 4873203                    /home/jj/software/android-studio/gradle/m2repository/com/android/databinding/baseLibrary/2.2.2/baseLibrary-2.2.2.jar
7f565dfac000-7f565dfbf000 r--s 00236000 08:01 4464326                    /home/jj/software/android-studio/gradle/m2repository/org/eclipse/jdt/core/compiler/ecj/4.5.1/ecj-4.5.1.jar
7f565dfbf000-7f565dfc6000 r--s 000c3000 08:01 1314818                    /home/jj/software/android-studio/gradle/m2repository/com/android/tools/lint/lint-checks/25.2.2/lint-checks-25.2.2.jar
7f565dfc6000-7f565dfc8000 r--s 00006000 08:01 4464281                    /home/jj/software/android-studio/gradle/m2repository/org/ow2/asm/asm-tree/5.0.4/asm-tree-5.0.4.jar
7f565dfc8000-7f565dffb000 r--s 00203000 08:01 4605293                    /home/jj/software/android-studio/gradle/m2repository/org/bouncycastle/bcprov-jdk15on/1.48/bcprov-jdk15on-1.48.jar
7f565dffb000-7f565e009000 r--s 00081000 08:01 4605298                    /home/jj/software/android-studio/gradle/m2repository/org/bouncycastle/bcpkix-jdk15on/1.48/bcpkix-jdk15on-1.48.jar
7f565e009000-7f565e00b000 r--s 00002000 08:01 4746584                    /home/jj/software/android-studio/gradle/m2repository/com/squareup/javawriter/2.5.0/javawriter-2.5.0.jar
7f565e00b000-7f565e00c000 r--s 00002000 08:01 5120505                    /home/jj/software/android-studio/gradle/m2repository/com/android/tools/analytics-library/tracker/25.2.2/tracker-25.2.2.jar
7f565e00c000-7f565e00e000 r--s 00003000 08:01 1189204                    /home/jj/software/android-studio/gradle/m2repository/com/android/tools/analytics-library/shared/25.2.2/shared-25.2.2.jar
7f565e00e000-7f565e01b000 r--s 000ed000 08:01 1189194                    /home/jj/software/android-studio/gradle/m2repository/com/android/tools/analytics-library/protos/25.2.2/protos-25.2.2.jar
7f565e01b000-7f565e01c000 r--s 00001000 08:01 4994022                    /home/jj/software/android-studio/gradle/m2repository/com/android/tools/jill/jill-api/0.10.0/jill-api-0.10.0.jar
7f565e01c000-7f565e01e000 r--s 00003000 08:01 1314893                    /home/jj/software/android-studio/gradle/m2repository/com/android/tools/jack/jack-api/0.11.0/jack-api-0.11.0.jar
7f565e01e000-7f565e023000 r--s 0004a000 08:01 4994068                    /home/jj/software/android-studio/gradle/m2repository/com/android/tools/ddms/ddmlib/25.2.2/ddmlib-25.2.2.jar
7f565e023000-7f565e026000 r--s 00021000 08:01 4873346                    /home/jj/software/android-studio/gradle/m2repository/com/android/tools/build/manifest-merger/25.2.2/manifest-merger-25.2.2.jar
7f565e026000-7f565e028000 r--s 0001c000 08:01 1314916                    /home/jj/software/android-studio/gradle/m2repository/com/android/tools/common/25.2.2/common-25.2.2.jar
7f565e028000-7f565e031000 r--s 00083000 08:01 4994046                    /home/jj/software/android-studio/gradle/m2repository/com/android/tools/sdk-common/25.2.2/sdk-common-25.2.2.jar
7f565e031000-7f565e03c000 r--s 0008e000 08:01 1314881                    /home/jj/software/android-studio/gradle/m2repository/com/android/tools/sdklib/25.2.2/sdklib-25.2.2.jar
7f565e03c000-7f565e03d000 r--s 00002000 08:01 4873310                    /home/jj/software/android-studio/gradle/m2repository/com/android/tools/build/builder-test-api/2.2.2/builder-test-api-2.2.2.jar
7f565e03d000-7f565e040000 r--s 00005000 08:01 4993980                    /home/jj/software/android-studio/gradle/m2repository/com/android/tools/build/builder-model/2.2.2/builder-model-2.2.2.jar
7f565e040000-7f565e048000 r--s 0007b000 08:01 4746616                    /home/jj/software/android-studio/gradle/m2repository/com/google/protobuf/protobuf-java/2.5.0/protobuf-java-2.5.0.jar
7f565e048000-7f565e04a000 r--s 0000f000 08:01 4464343                    /home/jj/software/android-studio/gradle/m2repository/net/sf/jopt-simple/jopt-simple/4.9/jopt-simple-4.9.jar
7f565e04a000-7f565e04e000 r--s 0001f000 08:01 4605329                    /home/jj/software/android-studio/gradle/m2repository/org/jacoco/org.jacoco.report/0.7.5.201505241946/org.jacoco.report-0.7.5.201505241946.jar
7f565e04e000-7f565e052000 r--s 0001d000 08:01 4605314                    /home/jj/software/android-studio/gradle/m2repository/org/jacoco/org.jacoco.core/0.7.5.201505241946/org.jacoco.core-0.7.5.201505241946.jar
7f565e052000-7f565e053000 r--s 00002000 08:01 4873372                    /home/jj/software/android-studio/gradle/m2repository/net/sf/proguard/proguard-gradle/5.2.1/proguard-gradle-5.2.1.jar
7f565e053000-7f565e055000 r--s 00009000 08:01 4464290                    /home/jj/software/android-studio/gradle/m2repository/org/ow2/asm/asm-commons/5.0.4/asm-commons-5.0.4.jar
7f565e055000-7f565e057000 r--s 0000c000 08:01 4464313                    /home/jj/software/android-studio/gradle/m2repository/org/ow2/asm/asm/5.0.4/asm-5.0.4.jar
7f565e057000-7f565e05b000 r--s 0002b000 08:01 4873235                    /home/jj/software/android-studio/gradle/m2repository/com/android/databinding/compilerCommon/2.2.2/compilerCommon-2.2.2.jar
7f565e05b000-7f565e05c000 r--s 00002000 08:01 4873328                    /home/jj/software/android-studio/gradle/m2repository/com/android/tools/build/gradle-api/2.2.2/gradle-api-2.2.2.jar
7f565e05c000-7f565e05d000 r--s 00000000 08:01 4993958                    /home/jj/software/android-studio/gradle/m2repository/com/android/tools/build/transform-api/2.0.0-deprecated-use-gradle-api/transform-api-2.0.0-deprecated-use-gradle-api.jar
7f565e05d000-7f565e062000 r--s 00053000 08:01 1314840                    /home/jj/software/android-studio/gradle/m2repository/com/android/tools/lint/lint/25.2.2/lint-25.2.2.jar
7f565e062000-7f565e079000 r--s 0015d000 08:01 4873293                    /home/jj/software/android-studio/gradle/m2repository/com/android/tools/build/builder/2.2.2/builder-2.2.2.jar
7f565e079000-7f565e095000 r--s 0019d000 08:01 4993955                    /home/jj/software/android-studio/gradle/m2repository/com/android/tools/build/gradle-core/2.2.2/gradle-core-2.2.2.jar
7f565e095000-7f565e096000 r--s 00006000 08:01 1973765                    /home/jj/.gradle/caches/modules-2/files-2.1/com.google.gms/google-services/3.0.0/ee538ce9cf4148485e43017c5542202b8c78ff8e/google-services-3.0.0.jar
7f565e096000-7f565e098000 r--s 0000d000 08:01 4993996                    /home/jj/software/android-studio/gradle/m2repository/com/android/tools/build/gradle/2.2.2/gradle-2.2.2.jar
7f565e098000-7f565e298000 rw-p 00000000 00:00 0 
7f565e298000-7f565e498000 rw-p 00000000 00:00 0 
7f565e498000-7f565e49b000 ---p 00000000 00:00 0 
7f565e49b000-7f565e799000 rw-p 00000000 00:00 0 
7f565e799000-7f565e79c000 ---p 00000000 00:00 0 
7f565e79c000-7f565e7d2000 rw-p 00000000 00:00 0 
7f565e7d2000-7f565e7d3000 r--p 00000000 00:00 0 
7f565e7d3000-7f565e9d3000 rw-p 00000000 00:00 0 
7f565e9d3000-7f565ebd3000 rw-p 00000000 00:00 0 
7f565ebd3000-7f565edd3000 rw-p 00000000 00:00 0 
7f565edd3000-7f565efd3000 rw-p 00000000 00:00 0 
7f565efd3000-7f565f1d3000 rw-p 00000000 00:00 0 
7f565f1d3000-7f565f24b000 r--s 010eb000 08:01 4331459                    /home/jj/software/android-studio/jre/lib/tools.jar
7f565f24b000-7f565f24e000 ---p 00000000 00:00 0 
7f565f24e000-7f565f34c000 rw-p 00000000 00:00 0 
7f565f34c000-7f565f34f000 ---p 00000000 00:00 0 
7f565f34f000-7f565f44d000 rw-p 00000000 00:00 0 
7f565f44d000-7f565f450000 ---p 00000000 00:00 0 
7f565f450000-7f565f54e000 rw-p 00000000 00:00 0 
7f565f54e000-7f565f551000 ---p 00000000 00:00 0 
7f565f551000-7f565f64f000 rw-p 00000000 00:00 0 
7f565f64f000-7f565f652000 ---p 00000000 00:00 0 
7f565f652000-7f565f750000 rw-p 00000000 00:00 0 
7f565f750000-7f565f753000 ---p 00000000 00:00 0 
7f565f753000-7f565f851000 rw-p 00000000 00:00 0 
7f565f851000-7f565f854000 ---p 00000000 00:00 0 
7f565f854000-7f565fb52000 rw-p 00000000 00:00 0 
7f565fb52000-7f565fb59000 r--s 00000000 08:01 3940028                    /usr/lib/x86_64-linux-gnu/gconv/gconv-modules.cache
7f565fb59000-7f565fb5c000 ---p 00000000 00:00 0 
7f565fb5c000-7f565fc5a000 rw-p 00000000 00:00 0 
7f565fc5a000-7f565fc63000 r-xp 00000000 08:01 4463939                    /home/jj/software/android-studio/jre/jre/lib/amd64/libmanagement.so
7f565fc63000-7f565fe62000 ---p 00009000 08:01 4463939                    /home/jj/software/android-studio/jre/jre/lib/amd64/libmanagement.so
7f565fe62000-7f565fe63000 r--p 00008000 08:01 4463939                    /home/jj/software/android-studio/jre/jre/lib/amd64/libmanagement.so
7f565fe63000-7f565fe64000 rw-p 00009000 08:01 4463939                    /home/jj/software/android-studio/jre/jre/lib/amd64/libmanagement.so
7f565fe64000-7f565fe68000 r--s 00097000 08:01 4331536                    /home/jj/software/android-studio/jre/jre/lib/jsse.jar
7f565fe68000-7f565fe6a000 r--s 00007000 08:01 4464076                    /home/jj/software/android-studio/gradle/gradle-2.14.1/lib/plugins/gradle-tooling-api-builders-2.14.1.jar
7f565fe6a000-7f565fe6d000 r--s 00008000 08:01 4464070                    /home/jj/software/android-studio/gradle/gradle-2.14.1/lib/plugins/gradle-testing-native-2.14.1.jar
7f565fe6d000-7f565fe6f000 r--s 00009000 08:01 4464151                    /home/jj/software/android-studio/gradle/gradle-2.14.1/lib/plugins/hamcrest-core-1.3.jar
7f565fe6f000-7f565fe75000 r--s 00033000 08:01 4464081                    /home/jj/software/android-studio/gradle/gradle-2.14.1/lib/plugins/snakeyaml-1.6.jar
7f565fe75000-7f565fe77000 r--s 00006000 08:01 4464102                    /home/jj/software/android-studio/gradle/gradle-2.14.1/lib/plugins/jcommander-1.12.jar
7f565fe77000-7f565fe7c000 r--s 00040000 08:01 4464079                    /home/jj/software/android-studio/gradle/gradle-2.14.1/lib/plugins/bsh-2.0b4.jar
7f565fe7c000-7f565fe85000 r--s 00089000 08:01 4464105                    /home/jj/software/android-studio/gradle/gradle-2.14.1/lib/plugins/testng-6.3.1.jar
7f565fe85000-7f565fe8d000 r--s 00045000 08:01 4464110                    /home/jj/software/android-studio/gradle/gradle-2.14.1/lib/plugins/junit-4.12.jar
7f565fe8d000-7f565fe93000 r--s 0002e000 08:01 4464086                    /home/jj/software/android-studio/gradle/gradle-2.14.1/lib/plugins/gradle-testing-jvm-2.14.1.jar
7f565fe93000-7f565fe98000 r--s 00015000 08:01 4464095                    /home/jj/software/android-studio/gradle/gradle-2.14.1/lib/plugins/gradle-testing-base-2.14.1.jar
7f565fe98000-7f565fe99000 r--s 00002000 08:01 4464108                    /home/jj/software/android-studio/gradle/gradle-2.14.1/lib/plugins/sonar-batch-bootstrapper-2.9.jar
7f565fe99000-7f565fe9c000 r--s 00015000 08:01 4464085                    /home/jj/software/android-studio/gradle/gradle-2.14.1/lib/plugins/gradle-sonar-2.14.1.jar
7f565fe9c000-7f565fea3000 r--s 00038000 08:01 4464126                    /home/jj/software/android-studio/gradle/gradle-2.14.1/lib/plugins/bcpg-jdk15on-1.51.jar
7f565fea3000-7f565fea5000 r--s 0000d000 08:01 4464132                    /home/jj/software/android-studio/gradle/gradle-2.14.1/lib/plugins/gradle-signing-2.14.1.jar
7f565fea5000-7f565fea8000 r--s 00009000 08:01 4464115                    /home/jj/software/android-studio/gradle/gradle-2.14.1/lib/plugins/gradle-scala-2.14.1.jar
7f565fea8000-7f565fea9000 r--s 00004000 08:01 4464139                    /home/jj/software/android-studio/gradle/gradle-2.14.1/lib/plugins/gradle-resources-sftp-2.14.1.jar
7f565fea9000-7f565feb9000 r--s 00088000 08:01 4464092                    /home/jj/software/android-studio/gradle/gradle-2.14.1/lib/plugins/joda-time-2.8.2.jar
7f565feb9000-7f565feca000 r--s 000cf000 08:01 4464158                    /home/jj/software/android-studio/gradle/gradle-2.14.1/lib/plugins/jackson-databind-2.3.2.jar
7f565feca000-7f565fecc000 r--s 00007000 08:01 4464121                    /home/jj/software/android-studio/gradle/gradle-2.14.1/lib/plugins/jackson-annotations-2.3.2.jar
7f565fecc000-7f565fecf000 r--s 0002e000 08:01 4464128                    /home/jj/software/android-studio/gradle/gradle-2.14.1/lib/plugins/jackson-core-2.3.2.jar
7f565fecf000-7f565feda000 r--s 0006b000 08:01 4464175                    /home/jj/software/android-studio/gradle/gradle-2.14.1/lib/plugins/aws-java-sdk-core-1.9.19.jar
7f565feda000-7f565fee0000 r--s 00036000 08:01 4464120                    /home/jj/software/android-studio/gradle/gradle-2.14.1/lib/plugins/aws-java-sdk-kms-1.9.19.jar
7f565fee0000-7f565feeb000 r--s 00079000 08:01 4464107                    /home/jj/software/android-studio/gradle/gradle-2.14.1/lib/plugins/aws-java-sdk-s3-1.9.19.jar
7f565feeb000-7f565feec000 r--s 00003000 08:01 4464154                    /home/jj/software/android-studio/gradle/gradle-2.14.1/lib/plugins/gradle-resources-s3-2.14.1.jar
7f565feec000-7f565feee000 r--s 00005000 08:01 4464149                    /home/jj/software/android-studio/gradle/gradle-2.14.1/lib/plugins/jatl-0.2.2.jar
7f565feee000-7f565fef0000 r--s 0000f000 08:01 4464166                    /home/jj/software/android-studio/gradle/gradle-2.14.1/lib/plugins/gradle-reporting-2.14.1.jar
7f565fef0000-7f565fef2000 r--s 00002000 08:01 4464125                    /home/jj/software/android-studio/gradle/gradle-2.14.1/lib/plugins/gradle-publish-2.14.1.jar
7f565fef2000-7f565fef4000 r--s 00009000 08:01 4464098                    /home/jj/software/android-studio/gradle/gradle-2.14.1/lib/plugins/commons-cli-1.2.jar
7f565fef4000-7f565fefa000 r--s 00033000 08:01 4464109                    /home/jj/software/android-studio/gradle/gradle-2.14.1/lib/plugins/gradle-plugins-2.14.1.jar
7f565fefa000-7f565fefc000 r--s 00007000 08:01 4464073                    /home/jj/software/android-studio/gradle/gradle-2.14.1/lib/plugins/gradle-plugin-development-2.14.1.jar
7f565fefc000-7f565ff02000 r--s 0002a000 08:01 4464131                    /home/jj/software/android-studio/gradle/gradle-2.14.1/lib/plugins/gradle-platform-play-2.14.1.jar
7f565ff02000-7f565ff0f000 r--s 0004d000 08:01 4464130                    /home/jj/software/android-studio/gradle/gradle-2.14.1/lib/plugins/gradle-platform-native-2.14.1.jar
7f565ff0f000-7f565ff13000 r--s 0001a000 08:01 4464152                    /home/jj/software/android-studio/gradle/gradle-2.14.1/lib/plugins/gradle-platform-jvm-2.14.1.jar
7f565ff13000-7f565ff1a000 r--s 00029000 08:01 4464101                    /home/jj/software/android-studio/gradle/gradle-2.14.1/lib/plugins/gradle-platform-base-2.14.1.jar
7f565ff1a000-7f565ff3b000 r--s 001c3000 08:01 4464077                    /home/jj/software/android-studio/gradle/gradle-2.14.1/lib/plugins/bndlib-2.4.0.jar
7f565ff3b000-7f565ff3d000 r--s 00003000 08:01 4464157                    /home/jj/software/android-studio/gradle/gradle-2.14.1/lib/plugins/gradle-osgi-2.14.1.jar
7f565ff3d000-7f565ff40000 r--s 0000c000 08:01 4464161                    /home/jj/software/android-studio/gradle/gradle-2.14.1/lib/plugins/pmaven-groovy-0.8-20100325.jar
7f565ff40000-7f565ff41000 r--s 00004000 08:01 4464147                    /home/jj/software/android-studio/gradle/gradle-2.14.1/lib/plugins/pmaven-common-0.8-20100325.jar
7f565ff41000-7f565ff47000 r--s 00022000 08:01 4464100                    /home/jj/software/android-studio/gradle/gradle-2.14.1/lib/plugins/gradle-maven-2.14.1.jar
7f565ff47000-7f565ff49000 r--s 0000a000 08:01 4464082                    /home/jj/software/android-studio/gradle/gradle-2.14.1/lib/plugins/gradle-language-scala-2.14.1.jar
7f565ff49000-7f565ff4f000 r--s 0001a000 08:01 4464087                    /home/jj/software/android-studio/gradle/gradle-2.14.1/lib/plugins/gradle-language-native-2.14.1.jar
7f565ff4f000-7f565ff51000 r--s 00008000 08:01 4464075                    /home/jj/software/android-studio/gradle/gradle-2.14.1/lib/plugins/gradle-language-jvm-2.14.1.jar
7f565ff51000-7f565ff57000 r--s 00024000 08:01 4464148                    /home/jj/software/android-studio/gradle/gradle-2.14.1/lib/plugins/gradle-language-java-2.14.1.jar
7f565ff57000-7f565ff59000 r--s 0000a000 08:01 4464129                    /home/jj/software/android-studio/gradle/gradle-2.14.1/lib/plugins/gradle-language-groovy-2.14.1.jar
7f565ff59000-7f565ff5c000 r--s 0001e000 08:01 4464069                    /home/jj/software/android-studio/gradle/gradle-2.14.1/lib/plugins/jsp-api-2.1-6.1.14.jar
7f565ff5c000-7f565ff7f000 r--s 00344000 08:01 4464122                    /home/jj/software/android-studio/gradle/gradle-2.14.1/lib/plugins/core-3.1.1.jar
7f565ff7f000-7f565ff80000 r--s 00006000 08:01 4464159                    /home/jj/software/android-studio/gradle/gradle-2.14.1/lib/plugins/jetty-naming-6.1.25.jar
7f565ff80000-7f565ff81000 r--s 00002000 08:01 4464117                    /home/jj/software/android-studio/gradle/gradle-2.14.1/lib/plugins/geronimo-annotation_1.0_spec-1.0.jar
7f565ff81000-7f565ff83000 r--s 00002000 08:01 4464155                    /home/jj/software/android-studio/gradle/gradle-2.14.1/lib/plugins/jetty-annotations-6.1.25.jar
7f565ff83000-7f565ff94000 r--s 000ea000 08:01 4464168                    /home/jj/software/android-studio/gradle/gradle-2.14.1/lib/plugins/jsp-2.1-6.1.14.jar
7f565ff94000-7f565ff96000 r--s 0000d000 08:01 4464123                    /home/jj/software/android-studio/gradle/gradle-2.14.1/lib/plugins/jetty-plus-6.1.25.jar
7f565ff96000-7f565ff98000 r--s 0001f000 08:01 4464182                    /home/jj/software/android-studio/gradle/gradle-2.14.1/lib/plugins/servlet-api-2.5-20081211.jar
7f565ff98000-7f565ff9c000 r--s 00028000 08:01 4464103                    /home/jj/software/android-studio/gradle/gradle-2.14.1/lib/plugins/jetty-util-6.1.25.jar
7f565ff9c000-7f565ffa3000 r--s 0007d000 08:01 4464111                    /home/jj/software/android-studio/gradle/gradle-2.14.1/lib/plugins/jetty-6.1.25.jar
7f565ffa3000-7f565ffa5000 r--s 00009000 08:01 4464164                    /home/jj/software/android-studio/gradle/gradle-2.14.1/lib/plugins/gradle-jetty-2.14.1.jar
7f565ffa5000-7f565ffac000 r--s 00035000 08:01 4464178                    /home/jj/software/android-studio/gradle/gradle-2.14.1/lib/plugins/simple-4.1.21.jar
7f565ffac000-7f565ffb8000 r--s 00100000 08:01 4464093                    /home/jj/software/android-studio/gradle/gradle-2.14.1/lib/plugins/rhino-1.7R3.jar
7f565ffb8000-7f565ffbc000 r--s 00011000 08:01 4464146                    /home/jj/software/android-studio/gradle/gradle-2.14.1/lib/plugins/gradle-javascript-2.14.1.jar
7f565ffbc000-7f565ffbe000 r--s 0000c000 08:01 4464180                    /home/jj/software/android-studio/gradle/gradle-2.14.1/lib/plugins/gradle-jacoco-2.14.1.jar
7f565ffbe000-7f565ffc1000 r--s 0000e000 08:01 4464177                    /home/jj/software/android-studio/gradle/gradle-2.14.1/lib/plugins/gradle-ivy-2.14.1.jar
7f565ffc1000-7f565ffc2000 r--s 00002000 08:01 4464169                    /home/jj/software/android-studio/gradle/gradle-2.14.1/lib/plugins/gradle-ide-play-2.14.1.jar
7f565ffc2000-7f565ffc7000 r--s 0002b000 08:01 4464165                    /home/jj/software/android-studio/gradle/gradle-2.14.1/lib/plugins/gradle-ide-native-2.14.1.jar
7f565ffc7000-7f565ffd2000 r--s 00066000 08:01 4464083                    /home/jj/software/android-studio/gradle/gradle-2.14.1/lib/plugins/gradle-ide-2.14.1.jar
7f565ffd2000-7f565ffd3000 r--s 00008000 08:01 4464080                    /home/jj/software/android-studio/gradle/gradle-2.14.1/lib/plugins/gradle-ear-2.14.1.jar
7f565ffd3000-7f565ffd9000 r--s 00032000 08:01 4464091                    /home/jj/software/android-studio/gradle/gradle-2.14.1/lib/plugins/gradle-diagnostics-2.14.1.jar
7f565ffd9000-7f565ffdd000 r--s 00021000 08:01 4464167                    /home/jj/software/android-studio/gradle/gradle-2.14.1/lib/plugins/gradle-code-quality-2.14.1.jar
7f565ffdd000-7f565ffe1000 r--s 0001f000 08:01 4464090                    /home/jj/software/android-studio/gradle/gradle-2.14.1/lib/plugins/gradle-build-init-2.14.1.jar
7f565ffe1000-7f565ffe8000 r--s 0008e000 08:01 4464174                    /home/jj/software/android-studio/gradle/gradle-2.14.1/lib/plugins/gradle-build-comparison-2.14.1.jar
7f565ffe8000-7f5660000000 r--s 00115000 08:01 4464114                    /home/jj/software/android-studio/gradle/gradle-2.14.1/lib/plugins/xercesImpl-2.9.1.jar
7f5660000000-7f5660ae9000 rw-p 00000000 00:00 0 
7f5660ae9000-7f5664000000 ---p 00000000 00:00 0 
7f5664000000-7f5664072000 rw-p 00000000 00:00 0 
7f5664072000-7f5668000000 ---p 00000000 00:00 0 
7f5668000000-7f5668021000 rw-p 00000000 00:00 0 
7f5668021000-7f566c000000 ---p 00000000 00:00 0 
7f566c000000-7f566d533000 rw-p 00000000 00:00 0 
7f566d533000-7f5670000000 ---p 00000000 00:00 0 
7f5670000000-7f5671219000 rw-p 00000000 00:00 0 
7f5671219000-7f5674000000 ---p 00000000 00:00 0 
7f5674000000-7f5674021000 rw-p 00000000 00:00 0 
7f5674021000-7f5678000000 ---p 00000000 00:00 0 
7f5678000000-7f5678084000 rw-p 00000000 00:00 0 
7f5678084000-7f567c000000 ---p 00000000 00:00 0 
7f567c000000-7f567c002000 r--s 00008000 08:01 4464150                    /home/jj/software/android-studio/gradle/gradle-2.14.1/lib/plugins/gradle-antlr-2.14.1.jar
7f567c002000-7f567c004000 r--s 00004000 08:01 4464176                    /home/jj/software/android-studio/gradle/gradle-2.14.1/lib/plugins/gradle-announce-2.14.1.jar
7f567c004000-7f567c00c000 r--s 00028000 08:01 4464142                    /home/jj/software/android-studio/gradle/gradle-2.14.1/lib/plugins/xml-apis-1.3.04.jar
7f567c00c000-7f567c012000 r--s 0005b000 08:01 4464133                    /home/jj/software/android-studio/gradle/gradle-2.14.1/lib/plugins/jcifs-1.3.17.jar
7f567c012000-7f567c019000 r--s 00049000 08:01 4464144                    /home/jj/software/android-studio/gradle/gradle-2.14.1/lib/plugins/httpcore-4.4.4.jar
7f567c019000-7f567c01f000 r--s 00033000 08:01 4464089                    /home/jj/software/android-studio/gradle/gradle-2.14.1/lib/plugins/commons-codec-1.6.jar
7f567c01f000-7f567c022000 r--s 0001c000 08:01 4464084                    /home/jj/software/android-studio/gradle/gradle-2.14.1/lib/plugins/nekohtml-1.9.14.jar
7f567c022000-7f567c02f000 r--s 000a4000 08:01 4464162                    /home/jj/software/android-studio/gradle/gradle-2.14.1/lib/plugins/httpclient-4.4.1.jar
7f567c02f000-7f567c031000 r--s 0000a000 08:01 4464071                    /home/jj/software/android-studio/gradle/gradle-2.14.1/lib/plugins/gradle-resources-http-2.14.1.jar
7f567c031000-7f567c035000 r--s 00014000 08:01 4464136                    /home/jj/software/android-studio/gradle/gradle-2.14.1/lib/plugins/gradle-plugin-use-2.14.1.jar
7f567c035000-7f567c036000 r--s 00000000 08:01 4464027                    /home/jj/software/android-studio/gradle/gradle-2.14.1/lib/gradle-installation-beacon-2.14.1.jar
7f567c036000-7f567c037000 r--s 00007000 08:01 4464099                    /home/jj/software/android-studio/gradle/gradle-2.14.1/lib/plugins/wagon-http-shared4-2.4.jar
7f567c037000-7f567c03b000 r--s 00033000 08:01 4464153                    /home/jj/software/android-studio/gradle/gradle-2.14.1/lib/plugins/plexus-utils-2.0.6.jar
7f567c03b000-7f567c03f000 r--s 00021000 08:01 4464135                    /home/jj/software/android-studio/gradle/gradle-2.14.1/lib/plugins/maven-model-builder-3.0.4.jar
7f567c03f000-7f567c040000 r--s 00002000 08:01 4464088                    /home/jj/software/android-studio/gradle/gradle-2.14.1/lib/plugins/wagon-file-2.4.jar
7f567c040000-7f567c042000 r--s 00002000 08:01 4464145                    /home/jj/software/android-studio/gradle/gradle-2.14.1/lib/plugins/plexus-cipher-1.7.jar
7f567c042000-7f567c045000 r--s 00013000 08:01 4464181                    /home/jj/software/android-studio/gradle/gradle-2.14.1/lib/plugins/aether-api-1.13.1.jar
7f567c045000-7f567c047000 r--s 0000a000 08:01 4464104                    /home/jj/software/android-studio/gradle/gradle-2.14.1/lib/plugins/maven-settings-3.0.4.jar
7f567c047000-7f567c049000 r--s 0000d000 08:01 4464137                    /home/jj/software/android-studio/gradle/gradle-2.14.1/lib/plugins/plexus-interpolation-1.14.jar
7f567c049000-7f567c04b000 r--s 0000b000 08:01 4464160                    /home/jj/software/android-studio/gradle/gradle-2.14.1/lib/plugins/maven-artifact-3.0.4.jar
7f567c04b000-7f567c052000 r--s 0002e000 08:01 4464096                    /home/jj/software/android-studio/gradle/gradle-2.14.1/lib/plugins/plexus-container-default-1.5.5.jar
7f567c052000-7f567c054000 r--s 0000b000 08:01 4464124                    /home/jj/software/android-studio/gradle/gradle-2.14.1/lib/plugins/maven-plugin-api-3.0.4.jar
7f567c054000-7f567c056000 r--s 00000000 08:01 4464127                    /home/jj/software/android-studio/gradle/gradle-2.14.1/lib/plugins/plexus-component-annotations-1.5.5.jar
7f567c056000-7f567c05c000 r--s 0003f000 08:01 4464138                    /home/jj/software/android-studio/gradle/gradle-2.14.1/lib/plugins/maven-compat-3.0.4.jar
7f567c05c000-7f567c05f000 r--s 00008000 08:01 4464112                    /home/jj/software/android-studio/gradle/gradle-2.14.1/lib/plugins/maven-settings-builder-3.0.4.jar
7f567c05f000-7f567c060000 r--s 00002000 08:01 4464068                    /home/jj/software/android-studio/gradle/gradle-2.14.1/lib/plugins/wagon-http-2.4.jar
7f567c060000-7f567c062000 r--s 00026000 08:01 4464179                    /home/jj/software/android-studio/gradle/gradle-2.14.1/lib/plugins/maven-model-3.0.4.jar
7f567c062000-7f567c064000 r--s 00006000 08:01 4464156                    /home/jj/software/android-studio/gradle/gradle-2.14.1/lib/plugins/aether-connector-wagon-1.13.1.jar
7f567c064000-7f567c066000 r--s 0000a000 08:01 4464097                    /home/jj/software/android-studio/gradle/gradle-2.14.1/lib/plugins/plexus-classworlds-2.4.jar
7f567c066000-7f567c068000 r--s 00006000 08:01 4464140                    /home/jj/software/android-studio/gradle/gradle-2.14.1/lib/plugins/maven-repository-metadata-3.0.4.jar
7f567c068000-7f567c06a000 r--s 0000c000 08:01 4464116                    /home/jj/software/android-studio/gradle/gradle-2.14.1/lib/plugins/maven-aether-provider-3.0.4.jar
7f567c06a000-7f567c06c000 r--s 0000b000 08:01 4464106                    /home/jj/software/android-studio/gradle/gradle-2.14.1/lib/plugins/wagon-provider-api-2.4.jar
7f567c06c000-7f567c06d000 r--s 00003000 08:01 4464072                    /home/jj/software/android-studio/gradle/gradle-2.14.1/lib/plugins/aether-spi-1.13.1.jar
7f567c06d000-7f567c071000 r--s 0001c000 08:01 4464170                    /home/jj/software/android-studio/gradle/gradle-2.14.1/lib/plugins/aether-util-1.13.1.jar
7f567c071000-7f567c074000 r--s 0001d000 08:01 4464134                    /home/jj/software/android-studio/gradle/gradle-2.14.1/lib/plugins/aether-impl-1.13.1.jar
7f567c074000-7f567c079000 r--s 00040000 08:01 4464074                    /home/jj/software/android-studio/gradle/gradle-2.14.1/lib/plugins/jsch-0.1.53.jar
7f567c079000-7f567c0b9000 r--s 00277000 08:01 4464078                    /home/jj/software/android-studio/gradle/gradle-2.14.1/lib/plugins/bcprov-jdk15on-1.51.jar
7f567c0b9000-7f567c0c5000 r--s 0007d000 08:01 4464143                    /home/jj/software/android-studio/gradle/gradle-2.14.1/lib/plugins/maven-core-3.0.4.jar
7f567c0c5000-7f567c0e1000 r--s 000d3000 08:01 4464118                    /home/jj/software/android-studio/gradle/gradle-2.14.1/lib/plugins/gradle-dependency-management-2.14.1.jar
7f567c0e1000-7f567c0f7000 r-xp 00000000 08:01 3150533                    /lib/x86_64-linux-gnu/libgcc_s.so.1
7f567c0f7000-7f567c2f6000 ---p 00016000 08:01 3150533                    /lib/x86_64-linux-gnu/libgcc_s.so.1
7f567c2f6000-7f567c2f7000 rw-p 00015000 08:01 3150533                    /lib/x86_64-linux-gnu/libgcc_s.so.1
7f567c2f7000-7f567c469000 r-xp 00000000 08:01 3801269                    /usr/lib/x86_64-linux-gnu/libstdc++.so.6.0.21
7f567c469000-7f567c669000 ---p 00172000 08:01 3801269                    /usr/lib/x86_64-linux-gnu/libstdc++.so.6.0.21
7f567c669000-7f567c673000 r--p 00172000 08:01 3801269                    /usr/lib/x86_64-linux-gnu/libstdc++.so.6.0.21
7f567c673000-7f567c675000 rw-p 0017c000 08:01 3801269                    /usr/lib/x86_64-linux-gnu/libstdc++.so.6.0.21
7f567c675000-7f567c679000 rw-p 00000000 00:00 0 
7f567c679000-7f567c67a000 r--s 00006000 08:01 4464141                    /home/jj/software/android-studio/gradle/gradle-2.14.1/lib/plugins/plexus-sec-dispatcher-1.3.jar
7f567c67a000-7f567c67e000 r--s 0001d000 08:01 4464119                    /home/jj/software/android-studio/gradle/gradle-2.14.1/lib/plugins/xbean-reflect-3.4.jar
7f567c67e000-7f567c683000 r--s 0002a000 08:01 4464113                    /home/jj/software/android-studio/gradle/gradle-2.14.1/lib/plugins/gson-2.2.4.jar
7f567c683000-7f567c692000 r--s 000d9000 08:01 4464094                    /home/jj/software/android-studio/gradle/gradle-2.14.1/lib/plugins/ivy-2.2.0.jar
7f567c692000-7f567c696000 r-xp 00000000 08:01 3420078                    /home/jj/.gradle/native/19/linux-amd64/libnative-platform.so
7f567c696000-7f567c895000 ---p 00004000 08:01 3420078                    /home/jj/.gradle/native/19/linux-amd64/libnative-platform.so
7f567c895000-7f567c896000 rw-p 00003000 08:01 3420078                    /home/jj/.gradle/native/19/linux-amd64/libnative-platform.so
7f567c896000-7f567c8a7000 r-xp 00000000 08:01 4463927                    /home/jj/software/android-studio/jre/jre/lib/amd64/libnio.so
7f567c8a7000-7f567caa6000 ---p 00011000 08:01 4463927                    /home/jj/software/android-studio/jre/jre/lib/amd64/libnio.so
7f567caa6000-7f567caa7000 r--p 00010000 08:01 4463927                    /home/jj/software/android-studio/jre/jre/lib/amd64/libnio.so
7f567caa7000-7f567caa8000 rw-p 00011000 08:01 4463927                    /home/jj/software/android-studio/jre/jre/lib/amd64/libnio.so
7f567caa8000-7f567cda9000 rw-p 00000000 00:00 0 
7f567cda9000-7f567cdc0000 r-xp 00000000 08:01 4463925                    /home/jj/software/android-studio/jre/jre/lib/amd64/libnet.so
7f567cdc0000-7f567cfbf000 ---p 00017000 08:01 4463925                    /home/jj/software/android-studio/jre/jre/lib/amd64/libnet.so
7f567cfbf000-7f567cfc0000 r--p 00016000 08:01 4463925                    /home/jj/software/android-studio/jre/jre/lib/amd64/libnet.so
7f567cfc0000-7f567cfc1000 rw-p 00017000 08:01 4463925                    /home/jj/software/android-studio/jre/jre/lib/amd64/libnet.so
7f567cfc1000-7f567cfc3000 r--s 00005000 08:01 4464037                    /home/jj/software/android-studio/gradle/gradle-2.14.1/lib/gradle-wrapper-2.14.1.jar
7f567cfc3000-7f567cfd1000 r--s 0004f000 08:01 4464022                    /home/jj/software/android-studio/gradle/gradle-2.14.1/lib/gradle-tooling-api-2.14.1.jar
7f567cfd1000-7f567cfd3000 r--s 00002000 08:01 4464026                    /home/jj/software/android-studio/gradle/gradle-2.14.1/lib/gradle-open-api-2.14.1.jar
7f567cfd3000-7f567cfd9000 r--s 00032000 08:01 4464060                    /home/jj/software/android-studio/gradle/gradle-2.14.1/lib/jaxen-1.1.jar
7f567cfd9000-7f567cfde000 r--s 00048000 08:01 4464025                    /home/jj/software/android-studio/gradle/gradle-2.14.1/lib/dom4j-1.6.1.jar
7f567cfde000-7f567cfe9000 r--s 00059000 08:01 4464054                    /home/jj/software/android-studio/gradle/gradle-2.14.1/lib/gradle-ui-2.14.1.jar
7f567cfe9000-7f567cfec000 r--s 0000b000 08:01 4464183                    /home/jj/software/android-studio/gradle/gradle-2.14.1/lib/gradle-resources-2.14.1.jar
7f567cfec000-7f567cfee000 r--s 00003000 08:01 4464063                    /home/jj/software/android-studio/gradle/gradle-2.14.1/lib/jcl-over-slf4j-1.7.10.jar
7f567cfee000-7f567cfef000 r--s 00005000 08:01 4464057                    /home/jj/software/android-studio/gradle/gradle-2.14.1/lib/log4j-over-slf4j-1.7.10.jar
7f567cfef000-7f567cff1000 r--s 00000000 08:01 4464184                    /home/jj/software/android-studio/gradle/gradle-2.14.1/lib/jul-to-slf4j-1.7.10.jar
7f567cff1000-7f567cff6000 r--s 0001c000 08:01 4464035                    /home/jj/software/android-studio/gradle/gradle-2.14.1/lib/gradle-logging-2.14.1.jar
7f567cff6000-7f567cff8000 r--s 00007000 08:01 4464066                    /home/jj/software/android-studio/gradle/gradle-2.14.1/lib/objenesis-1.2.jar
7f567cff8000-7f567cffa000 r--s 00000000 08:01 4464030                    /home/jj/software/android-studio/gradle/gradle-2.14.1/lib/minlog-1.2.jar
7f567cffa000-7f567cffc000 r--s 0000f000 08:01 4464041                    /home/jj/software/android-studio/gradle/gradle-2.14.1/lib/reflectasm-1.07-shaded.jar
7f567cffc000-7f567d000000 r--s 00026000 08:01 4464055                    /home/jj/software/android-studio/gradle/gradle-2.14.1/lib/kryo-2.20.jar
7f567d000000-7f567e0b0000 rwxp 00000000 00:00 0 
7f567e0b0000-7f568c000000 ---p 00000000 00:00 0 
7f568c000000-7f568cb01000 rw-p 00000000 00:00 0 
7f568cb01000-7f5690000000 ---p 00000000 00:00 0 
7f5690000000-7f5690006000 r--s 00025000 08:01 4464024                    /home/jj/software/android-studio/gradle/gradle-2.14.1/lib/gradle-messaging-2.14.1.jar
7f5690006000-7f5690007000 r--s 00003000 08:01 4464062                    /home/jj/software/android-studio/gradle/gradle-2.14.1/lib/native-platform-freebsd-amd64-0.10.jar
7f5690007000-7f5690008000 r--s 00003000 08:01 4464044                    /home/jj/software/android-studio/gradle/gradle-2.14.1/lib/native-platform-freebsd-i386-0.10.jar
7f5690008000-7f5690009000 r--s 00005000 08:01 4464032                    /home/jj/software/android-studio/gradle/gradle-2.14.1/lib/native-platform-windows-i386-0.10.jar
7f5690009000-7f569000a000 r--s 00005000 08:01 4464031                    /home/jj/software/android-studio/gradle/gradle-2.14.1/lib/native-platform-windows-amd64-0.10.jar
7f569000a000-7f569000b000 r--s 00003000 08:01 4464045                    /home/jj/software/android-studio/gradle/gradle-2.14.1/lib/native-platform-linux-i386-0.10.jar
7f569000b000-7f569000c000 r--s 00003000 08:01 4464029                    /home/jj/software/android-studio/gradle/gradle-2.14.1/lib/native-platform-linux-amd64-0.10.jar
7f569000c000-7f569000d000 r--s 00002000 08:01 4464028                    /home/jj/software/android-studio/gradle/gradle-2.14.1/lib/native-platform-osx-amd64-0.10.jar
7f569000d000-7f569000e000 r--s 00002000 08:01 4464058                    /home/jj/software/android-studio/gradle/gradle-2.14.1/lib/native-platform-osx-i386-0.10.jar
7f569000e000-7f5690010000 r--s 00008000 08:01 4464059                    /home/jj/software/android-studio/gradle/gradle-2.14.1/lib/jansi-1.2.1.jar
7f5690010000-7f5690013000 r--s 0000d000 08:01 4464053                    /home/jj/software/android-studio/gradle/gradle-2.14.1/lib/native-platform-0.10.jar
7f5690013000-7f5690017000 r--s 000e4000 08:01 4464052                    /home/jj/software/android-studio/gradle/gradle-2.14.1/lib/jna-3.2.7.jar
7f5690017000-7f5690019000 r--s 00009000 08:01 4464064                    /home/jj/software/android-studio/gradle/gradle-2.14.1/lib/gradle-native-2.14.1.jar
7f5690019000-7f569001b000 r--s 00005000 08:01 4464065                    /home/jj/software/android-studio/gradle/gradle-2.14.1/lib/gradle-cli-2.14.1.jar
7f569001b000-7f569001d000 r--s 00007000 08:01 4464034                    /home/jj/software/android-studio/gradle/gradle-2.14.1/lib/gradle-model-groovy-2.14.1.jar
7f569001d000-7f569001e000 r--s 00006000 08:01 4464049                    /home/jj/software/android-studio/gradle/gradle-2.14.1/lib/gradle-base-services-groovy-2.14.1.jar
7f569001e000-7f569002d000 r--s 00080000 08:01 4464050                    /home/jj/software/android-studio/gradle/gradle-2.14.1/lib/gradle-model-core-2.14.1.jar
7f569002d000-7f569002e000 r--s 00002000 08:01 4464042                    /home/jj/software/android-studio/gradle/gradle-2.14.1/lib/gradle-docs-2.14.1.jar
7f569002e000-7f5690032000 r--s 00027000 08:01 4464056                    /home/jj/software/android-studio/gradle/gradle-2.14.1/lib/commons-io-2.2.jar
7f5690032000-7f569003f000 r--s 00083000 08:01 4464185                    /home/jj/software/android-studio/gradle/gradle-2.14.1/lib/commons-collections-3.2.2.jar
7f569003f000-7f5690044000 r--s 00038000 08:01 4464046                    /home/jj/software/android-studio/gradle/gradle-2.14.1/lib/asm-all-5.1.jar
7f5690044000-7f56900b3000 r--s 0063e000 08:01 4464187                    /home/jj/software/android-studio/gradle/gradle-2.14.1/lib/groovy-all-2.4.4.jar
7f56900b3000-7f56900db000 r--s 001cf000 08:01 4464038                    /home/jj/software/android-studio/gradle/gradle-2.14.1/lib/guava-jdk5-17.0.jar
7f56900db000-7f56900fa000 r--s 001d1000 08:01 4464036                    /home/jj/software/android-studio/gradle/gradle-2.14.1/lib/ant-1.9.6.jar
7f56900fa000-7f5690131000 r--s 001bd000 08:01 4464039                    /home/jj/software/android-studio/gradle/gradle-2.14.1/lib/gradle-core-2.14.1.jar
7f5690131000-7f5690132000 ---p 00000000 00:00 0 
7f5690132000-7f5690232000 rw-p 00000000 00:00 0 
7f5690232000-7f5690235000 ---p 00000000 00:00 0 
7f5690235000-7f5690333000 rw-p 00000000 00:00 0 
7f5690333000-7f5690336000 ---p 00000000 00:00 0 
7f5690336000-7f5690434000 rw-p 00000000 00:00 0 
7f5690434000-7f5690437000 ---p 00000000 00:00 0 
7f5690437000-7f5690535000 rw-p 00000000 00:00 0 
7f5690535000-7f5690538000 ---p 00000000 00:00 0 
7f5690538000-7f5690636000 rw-p 00000000 00:00 0 
7f5690636000-7f569090e000 r--p 00000000 08:01 3802415                    /usr/lib/locale/locale-archive
7f569090e000-7f5690911000 ---p 00000000 00:00 0 
7f5690911000-7f5690a0f000 rw-p 00000000 00:00 0 
7f5690a0f000-7f5690a12000 ---p 00000000 00:00 0 
7f5690a12000-7f5690b10000 rw-p 00000000 00:00 0 
7f5690b10000-7f5690b11000 ---p 00000000 00:00 0 
7f5690b11000-7f5690c11000 rw-p 00000000 00:00 0 
7f5690c11000-7f5690dde000 r--s 03bec000 08:01 4331531                    /home/jj/software/android-studio/jre/jre/lib/rt.jar
7f5690dde000-7f56916fd000 rw-p 00000000 00:00 0 
7f56916fd000-7f5691855000 ---p 00000000 00:00 0 
7f5691855000-7f56918aa000 rw-p 00000000 00:00 0 
7f56918aa000-7f5691955000 ---p 00000000 00:00 0 
7f5691955000-7f56919fd000 rw-p 00000000 00:00 0 
7f56919fd000-7f5691b55000 ---p 00000000 00:00 0 
7f5691b55000-7f5691b99000 rw-p 00000000 00:00 0 
7f5691b99000-7f5691f16000 ---p 00000000 00:00 0 
7f5691f16000-7f5691f30000 r-xp 00000000 08:01 4463922                    /home/jj/software/android-studio/jre/jre/lib/amd64/libzip.so
7f5691f30000-7f5692130000 ---p 0001a000 08:01 4463922                    /home/jj/software/android-studio/jre/jre/lib/amd64/libzip.so
7f5692130000-7f5692131000 r--p 0001a000 08:01 4463922                    /home/jj/software/android-studio/jre/jre/lib/amd64/libzip.so
7f5692131000-7f5692132000 rw-p 0001b000 08:01 4463922                    /home/jj/software/android-studio/jre/jre/lib/amd64/libzip.so
7f5692132000-7f569213d000 r-xp 00000000 08:01 3145817                    /lib/x86_64-linux-gnu/libnss_files-2.23.so
7f569213d000-7f569233c000 ---p 0000b000 08:01 3145817                    /lib/x86_64-linux-gnu/libnss_files-2.23.so
7f569233c000-7f569233d000 r--p 0000a000 08:01 3145817                    /lib/x86_64-linux-gnu/libnss_files-2.23.so
7f569233d000-7f569233e000 rw-p 0000b000 08:01 3145817                    /lib/x86_64-linux-gnu/libnss_files-2.23.so
7f569233e000-7f5692344000 rw-p 00000000 00:00 0 
7f5692344000-7f569234f000 r-xp 00000000 08:01 3145814                    /lib/x86_64-linux-gnu/libnss_nis-2.23.so
7f569234f000-7f569254e000 ---p 0000b000 08:01 3145814                    /lib/x86_64-linux-gnu/libnss_nis-2.23.so
7f569254e000-7f569254f000 r--p 0000a000 08:01 3145814                    /lib/x86_64-linux-gnu/libnss_nis-2.23.so
7f569254f000-7f5692550000 rw-p 0000b000 08:01 3145814                    /lib/x86_64-linux-gnu/libnss_nis-2.23.so
7f5692550000-7f5692566000 r-xp 00000000 08:01 3145753                    /lib/x86_64-linux-gnu/libnsl-2.23.so
7f5692566000-7f5692765000 ---p 00016000 08:01 3145753                    /lib/x86_64-linux-gnu/libnsl-2.23.so
7f5692765000-7f5692766000 r--p 00015000 08:01 3145753                    /lib/x86_64-linux-gnu/libnsl-2.23.so
7f5692766000-7f5692767000 rw-p 00016000 08:01 3145753                    /lib/x86_64-linux-gnu/libnsl-2.23.so
7f5692767000-7f5692769000 rw-p 00000000 00:00 0 
7f5692769000-7f5692771000 r-xp 00000000 08:01 3145742                    /lib/x86_64-linux-gnu/libnss_compat-2.23.so
7f5692771000-7f5692970000 ---p 00008000 08:01 3145742                    /lib/x86_64-linux-gnu/libnss_compat-2.23.so
7f5692970000-7f5692971000 r--p 00007000 08:01 3145742                    /lib/x86_64-linux-gnu/libnss_compat-2.23.so
7f5692971000-7f5692972000 rw-p 00008000 08:01 3145742                    /lib/x86_64-linux-gnu/libnss_compat-2.23.so
7f5692972000-7f569299f000 r-xp 00000000 08:01 4463932                    /home/jj/software/android-studio/jre/jre/lib/amd64/libjava.so
7f569299f000-7f5692b9e000 ---p 0002d000 08:01 4463932                    /home/jj/software/android-studio/jre/jre/lib/amd64/libjava.so
7f5692b9e000-7f5692b9f000 r--p 0002c000 08:01 4463932                    /home/jj/software/android-studio/jre/jre/lib/amd64/libjava.so
7f5692b9f000-7f5692ba1000 rw-p 0002d000 08:01 4463932                    /home/jj/software/android-studio/jre/jre/lib/amd64/libjava.so
7f5692ba1000-7f5692bb1000 r-xp 00000000 08:01 4463948                    /home/jj/software/android-studio/jre/jre/lib/amd64/libverify.so
7f5692bb1000-7f5692db0000 ---p 00010000 08:01 4463948                    /home/jj/software/android-studio/jre/jre/lib/amd64/libverify.so
7f5692db0000-7f5692db2000 r--p 0000f000 08:01 4463948                    /home/jj/software/android-studio/jre/jre/lib/amd64/libverify.so
7f5692db2000-7f5692db3000 rw-p 00011000 08:01 4463948                    /home/jj/software/android-studio/jre/jre/lib/amd64/libverify.so
7f5692db3000-7f5692dba000 r-xp 00000000 08:01 3145826                    /lib/x86_64-linux-gnu/librt-2.23.so
7f5692dba000-7f5692fb9000 ---p 00007000 08:01 3145826                    /lib/x86_64-linux-gnu/librt-2.23.so
7f5692fb9000-7f5692fba000 r--p 00006000 08:01 3145826                    /lib/x86_64-linux-gnu/librt-2.23.so
7f5692fba000-7f5692fbb000 rw-p 00007000 08:01 3145826                    /lib/x86_64-linux-gnu/librt-2.23.so
7f5692fbb000-7f56930c3000 r-xp 00000000 08:01 3145823                    /lib/x86_64-linux-gnu/libm-2.23.so
7f56930c3000-7f56932c2000 ---p 00108000 08:01 3145823                    /lib/x86_64-linux-gnu/libm-2.23.so
7f56932c2000-7f56932c3000 r--p 00107000 08:01 3145823                    /lib/x86_64-linux-gnu/libm-2.23.so
7f56932c3000-7f56932c4000 rw-p 00108000 08:01 3145823                    /lib/x86_64-linux-gnu/libm-2.23.so
7f56932c4000-7f5693eaa000 r-xp 00000000 08:01 4463952                    /home/jj/software/android-studio/jre/jre/lib/amd64/server/libjvm.so
7f5693eaa000-7f56940aa000 ---p 00be6000 08:01 4463952                    /home/jj/software/android-studio/jre/jre/lib/amd64/server/libjvm.so
7f56940aa000-7f5694149000 r--p 00be6000 08:01 4463952                    /home/jj/software/android-studio/jre/jre/lib/amd64/server/libjvm.so
7f5694149000-7f5694172000 rw-p 00c85000 08:01 4463952                    /home/jj/software/android-studio/jre/jre/lib/amd64/server/libjvm.so
7f5694172000-7f56941b4000 rw-p 00000000 00:00 0 
7f56941b4000-7f56941cc000 r-xp 00000000 08:01 3150512                    /lib/x86_64-linux-gnu/libpthread-2.23.so
7f56941cc000-7f56943cb000 ---p 00018000 08:01 3150512                    /lib/x86_64-linux-gnu/libpthread-2.23.so
7f56943cb000-7f56943cc000 r--p 00017000 08:01 3150512                    /lib/x86_64-linux-gnu/libpthread-2.23.so
7f56943cc000-7f56943cd000 rw-p 00018000 08:01 3150512                    /lib/x86_64-linux-gnu/libpthread-2.23.so
7f56943cd000-7f56943d1000 rw-p 00000000 00:00 0 
7f56943d1000-7f56943d4000 r-xp 00000000 08:01 3150514                    /lib/x86_64-linux-gnu/libdl-2.23.so
7f56943d4000-7f56945d3000 ---p 00003000 08:01 3150514                    /lib/x86_64-linux-gnu/libdl-2.23.so
7f56945d3000-7f56945d4000 r--p 00002000 08:01 3150514                    /lib/x86_64-linux-gnu/libdl-2.23.so
7f56945d4000-7f56945d5000 rw-p 00003000 08:01 3150514                    /lib/x86_64-linux-gnu/libdl-2.23.so
7f56945d5000-7f5694794000 r-xp 00000000 08:01 3150513                    /lib/x86_64-linux-gnu/libc-2.23.so
7f5694794000-7f5694994000 ---p 001bf000 08:01 3150513                    /lib/x86_64-linux-gnu/libc-2.23.so
7f5694994000-7f5694998000 r--p 001bf000 08:01 3150513                    /lib/x86_64-linux-gnu/libc-2.23.so
7f5694998000-7f569499a000 rw-p 001c3000 08:01 3150513                    /lib/x86_64-linux-gnu/libc-2.23.so
7f569499a000-7f569499e000 rw-p 00000000 00:00 0 
7f569499e000-7f56949b4000 r-xp 00000000 08:01 4331468                    /home/jj/software/android-studio/jre/lib/amd64/jli/libjli.so
7f56949b4000-7f5694bb3000 ---p 00016000 08:01 4331468                    /home/jj/software/android-studio/jre/lib/amd64/jli/libjli.so
7f5694bb3000-7f5694bb4000 r--p 00015000 08:01 4331468                    /home/jj/software/android-studio/jre/lib/amd64/jli/libjli.so
7f5694bb4000-7f5694bb5000 rw-p 00016000 08:01 4331468                    /home/jj/software/android-studio/jre/lib/amd64/jli/libjli.so
7f5694bb5000-7f5694bdb000 r-xp 00000000 08:01 3145827                    /lib/x86_64-linux-gnu/ld-2.23.so
7f5694bdb000-7f5694bdc000 r--s 00000000 08:01 4464186                    /home/jj/software/android-studio/gradle/gradle-2.14.1/lib/javax.inject-1.jar
7f5694bdc000-7f5694bdd000 r--s 00000000 08:01 4464040                    /home/jj/software/android-studio/gradle/gradle-2.14.1/lib/jcip-annotations-1.0.jar
7f5694bdd000-7f5694be2000 r--s 00041000 08:01 4464048                    /home/jj/software/android-studio/gradle/gradle-2.14.1/lib/commons-lang-2.6.jar
7f5694be2000-7f5694bea000 r--s 0003a000 08:01 4464047                    /home/jj/software/android-studio/gradle/gradle-2.14.1/lib/gradle-base-services-2.14.1.jar
7f5694bea000-7f5694cba000 rw-p 00000000 00:00 0 
7f5694cba000-7f5694cbd000 ---p 00000000 00:00 0 
7f5694cbd000-7f5694dbf000 rw-p 00000000 00:00 0 
7f5694dbf000-7f5694dc0000 r--s 00001000 08:01 4464061                    /home/jj/software/android-studio/gradle/gradle-2.14.1/lib/gradle-process-services-2.14.1.jar
7f5694dc0000-7f5694dc1000 r--s 00000000 08:01 4464023                    /home/jj/software/android-studio/gradle/gradle-2.14.1/lib/gradle-jvm-services-2.14.1.jar
7f5694dc1000-7f5694dc2000 r--s 00007000 08:01 4464033                    /home/jj/software/android-studio/gradle/gradle-2.14.1/lib/slf4j-api-1.7.10.jar
7f5694dc2000-7f5694dc3000 r--s 00004000 08:01 4464051                    /home/jj/software/android-studio/gradle/gradle-2.14.1/lib/ant-launcher-1.9.6.jar
7f5694dc3000-7f5694dce000 r--s 00051000 08:01 4464043                    /home/jj/software/android-studio/gradle/gradle-2.14.1/lib/gradle-launcher-2.14.1.jar
7f5694dce000-7f5694dd6000 rw-s 00000000 08:01 1973601                    /tmp/hsperfdata_jj/19595
7f5694dd6000-7f5694dd7000 rw-p 00000000 00:00 0 
7f5694dd7000-7f5694dd8000 r--p 00000000 00:00 0 
7f5694dd8000-7f5694dda000 rw-p 00000000 00:00 0 
7f5694dda000-7f5694ddb000 r--p 00025000 08:01 3145827                    /lib/x86_64-linux-gnu/ld-2.23.so
7f5694ddb000-7f5694ddc000 rw-p 00026000 08:01 3145827                    /lib/x86_64-linux-gnu/ld-2.23.so
7f5694ddc000-7f5694ddd000 rw-p 00000000 00:00 0 
7ffc7e988000-7ffc7e9a9000 rw-p 00000000 00:00 0                          [stack]
7ffc7e9d9000-7ffc7e9db000 r--p 00000000 00:00 0                          [vvar]
7ffc7e9db000-7ffc7e9dd000 r-xp 00000000 00:00 0                          [vdso]
ffffffffff600000-ffffffffff601000 r-xp 00000000 00:00 0                  [vsyscall]

VM Arguments:
jvm_args: -Xmx1536m -Dfile.encoding=UTF-8 -Duser.country=US -Duser.language=en -Duser.variant 
java_command: org.gradle.launcher.daemon.bootstrap.GradleDaemon 2.14.1
java_class_path (initial): /home/jj/software/android-studio/gradle/gradle-2.14.1/lib/gradle-launcher-2.14.1.jar
Launcher Type: SUN_STANDARD

Environment Variables:
PATH=/home/jj/bin:/home/jj/.local/bin:/usr/local/sbin:/usr/local/bin:/usr/sbin:/usr/bin:/sbin:/bin:/usr/games:/usr/local/games:/snap/bin
LD_LIBRARY_PATH=.:
SHELL=/bin/bash
DISPLAY=:0.0

Signal Handlers:
SIGSEGV: [libjvm.so+0x9daac0], sa_mask[0]=11111111011111111101111111111110, sa_flags=SA_RESTART|SA_SIGINFO
SIGBUS: [libjvm.so+0x9daac0], sa_mask[0]=11111111011111111101111111111110, sa_flags=SA_RESTART|SA_SIGINFO
SIGFPE: [libjvm.so+0x840d90], sa_mask[0]=11111111011111111101111111111110, sa_flags=SA_RESTART|SA_SIGINFO
SIGPIPE: [libjvm.so+0x840d90], sa_mask[0]=11111111011111111101111111111110, sa_flags=SA_RESTART|SA_SIGINFO
SIGXFSZ: [libjvm.so+0x840d90], sa_mask[0]=11111111011111111101111111111110, sa_flags=SA_RESTART|SA_SIGINFO
SIGILL: [libjvm.so+0x840d90], sa_mask[0]=11111111011111111101111111111110, sa_flags=SA_RESTART|SA_SIGINFO
SIGUSR1: SIG_DFL, sa_mask[0]=00000000000000000000000000000000, sa_flags=none
SIGUSR2: [libjvm.so+0x840c60], sa_mask[0]=00100000000000000000000000000000, sa_flags=SA_RESTART|SA_SIGINFO
SIGHUP: [libjvm.so+0x840e50], sa_mask[0]=11111111011111111101111111111110, sa_flags=SA_RESTART|SA_SIGINFO
SIGINT: [libjvm.so+0x840e50], sa_mask[0]=11111111011111111101111111111110, sa_flags=SA_RESTART|SA_SIGINFO
SIGTERM: [libjvm.so+0x840e50], sa_mask[0]=11111111011111111101111111111110, sa_flags=SA_RESTART|SA_SIGINFO
SIGQUIT: [libjvm.so+0x840e50], sa_mask[0]=11111111011111111101111111111110, sa_flags=SA_RESTART|SA_SIGINFO


---------------  S Y S T E M  ---------------

OS:DISTRIB_ID=Ubuntu
DISTRIB_RELEASE=16.04
DISTRIB_CODENAME=xenial
DISTRIB_DESCRIPTION="Ubuntu 16.04.1 LTS"

uname:Linux 4.4.0-45-generic #66-Ubuntu SMP Wed Oct 19 14:12:37 UTC 2016 x86_64
libc:glibc 2.23 NPTL 2.23 
rlimit: STACK 8192k, CORE 0k, NPROC 128285, NOFILE 65536, AS infinity
load average:1.07 1.07 1.19

/proc/meminfo:
MemTotal:       32947500 kB
MemFree:        21235720 kB
MemAvailable:   29562592 kB
Buffers:          290128 kB
Cached:          8147564 kB
SwapCached:            0 kB
Active:          5253260 kB
Inactive:        5900372 kB
Active(anon):    2717968 kB
Inactive(anon):    74048 kB
Active(file):    2535292 kB
Inactive(file):  5826324 kB
Unevictable:         112 kB
Mlocked:             112 kB
SwapTotal:      33551356 kB
SwapFree:       33551356 kB
Dirty:              6980 kB
Writeback:             0 kB
AnonPages:       2716272 kB
Mapped:           391528 kB
Shmem:             75856 kB
Slab:             404536 kB
SReclaimable:     367132 kB
SUnreclaim:        37404 kB
KernelStack:        8256 kB
PageTables:        39208 kB
NFS_Unstable:          0 kB
Bounce:                0 kB
WritebackTmp:          0 kB
CommitLimit:    50025104 kB
Committed_AS:    5861720 kB
VmallocTotal:   34359738367 kB
VmallocUsed:           0 kB
VmallocChunk:          0 kB
HardwareCorrupted:     0 kB
AnonHugePages:   1572864 kB
CmaTotal:              0 kB
CmaFree:               0 kB
HugePages_Total:       0
HugePages_Free:        0
HugePages_Rsvd:        0
HugePages_Surp:        0
Hugepagesize:       2048 kB
DirectMap4k:      187968 kB
DirectMap2M:     9248768 kB
DirectMap1G:    24117248 kB


CPU:total 1 (1 cores per cpu, 1 threads per core) family 16 model 6 stepping 3, cmov, cx8, fxsr, mmx, sse, sse2, sse3, popcnt, mmxext, 3dnowpref, lzcnt, sse4a, tsc, tscinvbit, tscinv

/proc/cpuinfo:
processor	: 0
vendor_id	: AuthenticAMD
cpu family	: 16
model		: 6
model name	: AMD Sempron(tm) 145 Processor
stepping	: 3
microcode	: 0x10000c8
cpu MHz		: 2800.000
cache size	: 1024 KB
physical id	: 0
siblings	: 1
core id		: 0
cpu cores	: 1
apicid		: 0
initial apicid	: 0
fpu		: yes
fpu_exception	: yes
cpuid level	: 5
wp		: yes
flags		: fpu vme de pse tsc msr pae mce cx8 apic sep mtrr pge mca cmov pat pse36 clflush mmx fxsr sse sse2 syscall nx mmxext fxsr_opt pdpe1gb rdtscp lm 3dnowext 3dnow constant_tsc rep_good nopl nonstop_tsc extd_apicid pni monitor cx16 popcnt lahf_lm svm extapic cr8_legacy abm sse4a misalignsse 3dnowprefetch osvw ibs skinit wdt hw_pstate vmmcall npt lbrv svm_lock nrip_save
bugs		: tlb_mmatch fxsave_leak sysret_ss_attrs
bogomips	: 6719.56
TLB size	: 1024 4K pages
clflush size	: 64
cache_alignment	: 64
address sizes	: 48 bits physical, 48 bits virtual
power management: ts ttp tm stc 100mhzsteps hwpstate



Memory: 4k page, physical 32947500k(21235720k free), swap 33551356k(33551356k free)

vm_info: OpenJDK 64-Bit Server VM (25.76-b03) for linux-amd64 JRE (1.8.0_76-release-b03), built on Jun 29 2016 09:39:19 by "builder" with gcc 4.8.4

time: Thu Nov  3 16:36:39 2016
elapsed time: 19 seconds (0d 0h 0m 19s)

